2024-05-17 14:41:37,044 - INFO - main.py - <module> - 253 - {0: 'O', 1: 'B-PRO', 2: 'I-PRO', 3: 'E-PRO', 4: 'S-PRO', 5: 'B-ORG', 6: 'I-ORG', 7: 'E-ORG', 8: 'S-ORG', 9: 'B-CONT', 10: 'I-CONT', 11: 'E-CONT', 12: 'S-CONT', 13: 'B-RACE', 14: 'I-RACE', 15: 'E-RACE', 16: 'S-RACE', 17: 'B-NAME', 18: 'I-NAME', 19: 'E-NAME', 20: 'S-NAME', 21: 'B-EDU', 22: 'I-EDU', 23: 'E-EDU', 24: 'S-EDU', 25: 'B-LOC', 26: 'I-LOC', 27: 'E-LOC', 28: 'S-LOC', 29: 'B-TITLE', 30: 'I-TITLE', 31: 'E-TITLE', 32: 'S-TITLE'}
2024-05-17 14:41:37,045 - INFO - main.py - <module> - 255 - Namespace(output_dir='./checkpoints/', bert_dir='./model_hub/chinese-bert-wwm-ext/', data_dir='./data/cner', log_dir='./logs/', num_tags=33, seed=123, gpu_ids='0', max_seq_len=150, eval_batch_size=32, swa_start=3, train_epochs=3, dropout_prob=0.3, lr=3e-05, other_lr=0.0003, crf_lr=0.03, max_grad_norm=1.0, warmup_proportion=0.1, weight_decay=0.01, adam_epsilon=1e-08, train_batch_size=32, use_lstm='True', lstm_hidden=128, num_layers=1, dropout=0.3, use_crf='False', use_idcnn='False', data_name='cner', model_name='bert_bilstm', use_tensorboard='True', use_kd='False')
2024-05-17 14:41:38,803 - INFO - trainUtils.py - load_model_and_parallel - 113 - Use single gpu in: ['0']
2024-05-17 14:42:22,406 - INFO - main.py - train - 66 - 【train】 epoch:0 0/360 loss:3.5168
2024-05-17 14:42:23,150 - INFO - main.py - train - 66 - 【train】 epoch:0 1/360 loss:3.5205
2024-05-17 14:42:23,920 - INFO - main.py - train - 66 - 【train】 epoch:0 2/360 loss:3.5035
2024-05-17 14:42:24,684 - INFO - main.py - train - 66 - 【train】 epoch:0 3/360 loss:3.4834
2024-05-17 14:42:25,443 - INFO - main.py - train - 66 - 【train】 epoch:0 4/360 loss:3.4581
2024-05-17 14:42:26,203 - INFO - main.py - train - 66 - 【train】 epoch:0 5/360 loss:3.4358
2024-05-17 14:42:26,974 - INFO - main.py - train - 66 - 【train】 epoch:0 6/360 loss:3.3953
2024-05-17 14:42:27,740 - INFO - main.py - train - 66 - 【train】 epoch:0 7/360 loss:3.3583
2024-05-17 14:42:28,504 - INFO - main.py - train - 66 - 【train】 epoch:0 8/360 loss:3.2964
2024-05-17 14:42:29,267 - INFO - main.py - train - 66 - 【train】 epoch:0 9/360 loss:3.2068
2024-05-17 14:42:30,029 - INFO - main.py - train - 66 - 【train】 epoch:0 10/360 loss:3.1638
2024-05-17 14:42:30,798 - INFO - main.py - train - 66 - 【train】 epoch:0 11/360 loss:3.0783
2024-05-17 14:42:31,565 - INFO - main.py - train - 66 - 【train】 epoch:0 12/360 loss:2.9876
2024-05-17 14:42:32,334 - INFO - main.py - train - 66 - 【train】 epoch:0 13/360 loss:2.9412
2024-05-17 14:42:33,106 - INFO - main.py - train - 66 - 【train】 epoch:0 14/360 loss:2.8982
2024-05-17 14:42:33,876 - INFO - main.py - train - 66 - 【train】 epoch:0 15/360 loss:2.7597
2024-05-17 14:42:34,636 - INFO - main.py - train - 66 - 【train】 epoch:0 16/360 loss:2.5660
2024-05-17 14:42:35,404 - INFO - main.py - train - 66 - 【train】 epoch:0 17/360 loss:2.5422
2024-05-17 14:42:36,172 - INFO - main.py - train - 66 - 【train】 epoch:0 18/360 loss:2.5675
2024-05-17 14:42:36,943 - INFO - main.py - train - 66 - 【train】 epoch:0 19/360 loss:2.2449
2024-05-17 14:42:37,712 - INFO - main.py - train - 66 - 【train】 epoch:0 20/360 loss:2.3896
2024-05-17 14:42:38,485 - INFO - main.py - train - 66 - 【train】 epoch:0 21/360 loss:2.2140
2024-05-17 14:42:39,264 - INFO - main.py - train - 66 - 【train】 epoch:0 22/360 loss:2.1195
2024-05-17 14:42:40,040 - INFO - main.py - train - 66 - 【train】 epoch:0 23/360 loss:1.9575
2024-05-17 14:42:40,816 - INFO - main.py - train - 66 - 【train】 epoch:0 24/360 loss:1.9333
2024-05-17 14:42:41,595 - INFO - main.py - train - 66 - 【train】 epoch:0 25/360 loss:1.8042
2024-05-17 14:42:42,372 - INFO - main.py - train - 66 - 【train】 epoch:0 26/360 loss:1.8052
2024-05-17 14:42:43,154 - INFO - main.py - train - 66 - 【train】 epoch:0 27/360 loss:1.6856
2024-05-17 14:42:43,932 - INFO - main.py - train - 66 - 【train】 epoch:0 28/360 loss:1.7391
2024-05-17 14:42:44,715 - INFO - main.py - train - 66 - 【train】 epoch:0 29/360 loss:1.3679
2024-05-17 14:42:45,502 - INFO - main.py - train - 66 - 【train】 epoch:0 30/360 loss:1.4981
2024-05-17 14:42:46,285 - INFO - main.py - train - 66 - 【train】 epoch:0 31/360 loss:1.5316
2024-05-17 14:42:47,068 - INFO - main.py - train - 66 - 【train】 epoch:0 32/360 loss:1.3914
2024-05-17 14:42:47,858 - INFO - main.py - train - 66 - 【train】 epoch:0 33/360 loss:1.3250
2024-05-17 14:42:48,639 - INFO - main.py - train - 66 - 【train】 epoch:0 34/360 loss:1.2416
2024-05-17 14:42:49,419 - INFO - main.py - train - 66 - 【train】 epoch:0 35/360 loss:1.2290
2024-05-17 14:42:50,208 - INFO - main.py - train - 66 - 【train】 epoch:0 36/360 loss:1.3700
2024-05-17 14:42:50,997 - INFO - main.py - train - 66 - 【train】 epoch:0 37/360 loss:1.0900
2024-05-17 14:42:51,789 - INFO - main.py - train - 66 - 【train】 epoch:0 38/360 loss:1.0048
2024-05-17 14:42:52,579 - INFO - main.py - train - 66 - 【train】 epoch:0 39/360 loss:1.0244
2024-05-17 14:42:53,378 - INFO - main.py - train - 66 - 【train】 epoch:0 40/360 loss:0.9669
2024-05-17 14:42:54,176 - INFO - main.py - train - 66 - 【train】 epoch:0 41/360 loss:0.9872
2024-05-17 14:42:54,977 - INFO - main.py - train - 66 - 【train】 epoch:0 42/360 loss:0.9100
2024-05-17 14:42:55,774 - INFO - main.py - train - 66 - 【train】 epoch:0 43/360 loss:0.8589
2024-05-17 14:42:56,572 - INFO - main.py - train - 66 - 【train】 epoch:0 44/360 loss:1.0318
2024-05-17 14:42:57,372 - INFO - main.py - train - 66 - 【train】 epoch:0 45/360 loss:1.1986
2024-05-17 14:42:58,175 - INFO - main.py - train - 66 - 【train】 epoch:0 46/360 loss:0.8413
2024-05-17 14:42:58,983 - INFO - main.py - train - 66 - 【train】 epoch:0 47/360 loss:0.9605
2024-05-17 14:42:59,794 - INFO - main.py - train - 66 - 【train】 epoch:0 48/360 loss:0.8603
2024-05-17 14:43:00,602 - INFO - main.py - train - 66 - 【train】 epoch:0 49/360 loss:0.9679
2024-05-17 14:43:01,412 - INFO - main.py - train - 66 - 【train】 epoch:0 50/360 loss:0.9153
2024-05-17 14:43:02,226 - INFO - main.py - train - 66 - 【train】 epoch:0 51/360 loss:0.7992
2024-05-17 14:43:03,038 - INFO - main.py - train - 66 - 【train】 epoch:0 52/360 loss:0.7771
2024-05-17 14:43:03,848 - INFO - main.py - train - 66 - 【train】 epoch:0 53/360 loss:0.8384
2024-05-17 14:43:04,663 - INFO - main.py - train - 66 - 【train】 epoch:0 54/360 loss:0.9138
2024-05-17 14:43:05,479 - INFO - main.py - train - 66 - 【train】 epoch:0 55/360 loss:0.7357
2024-05-17 14:43:06,301 - INFO - main.py - train - 66 - 【train】 epoch:0 56/360 loss:0.7019
2024-05-17 14:43:07,118 - INFO - main.py - train - 66 - 【train】 epoch:0 57/360 loss:0.7632
2024-05-17 14:43:07,936 - INFO - main.py - train - 66 - 【train】 epoch:0 58/360 loss:0.7953
2024-05-17 14:43:08,758 - INFO - main.py - train - 66 - 【train】 epoch:0 59/360 loss:0.6153
2024-05-17 14:43:09,579 - INFO - main.py - train - 66 - 【train】 epoch:0 60/360 loss:0.6464
2024-05-17 14:43:10,403 - INFO - main.py - train - 66 - 【train】 epoch:0 61/360 loss:0.6526
2024-05-17 14:43:11,223 - INFO - main.py - train - 66 - 【train】 epoch:0 62/360 loss:0.7934
2024-05-17 14:43:12,051 - INFO - main.py - train - 66 - 【train】 epoch:0 63/360 loss:0.5531
2024-05-17 14:43:12,870 - INFO - main.py - train - 66 - 【train】 epoch:0 64/360 loss:0.6781
2024-05-17 14:43:13,690 - INFO - main.py - train - 66 - 【train】 epoch:0 65/360 loss:0.5000
2024-05-17 14:43:14,512 - INFO - main.py - train - 66 - 【train】 epoch:0 66/360 loss:0.6810
2024-05-17 14:43:15,331 - INFO - main.py - train - 66 - 【train】 epoch:0 67/360 loss:0.5543
2024-05-17 14:43:16,147 - INFO - main.py - train - 66 - 【train】 epoch:0 68/360 loss:0.5572
2024-05-17 14:43:16,961 - INFO - main.py - train - 66 - 【train】 epoch:0 69/360 loss:0.5961
2024-05-17 14:43:17,777 - INFO - main.py - train - 66 - 【train】 epoch:0 70/360 loss:0.5740
2024-05-17 14:43:18,589 - INFO - main.py - train - 66 - 【train】 epoch:0 71/360 loss:0.4919
2024-05-17 14:43:19,398 - INFO - main.py - train - 66 - 【train】 epoch:0 72/360 loss:0.4927
2024-05-17 14:43:20,201 - INFO - main.py - train - 66 - 【train】 epoch:0 73/360 loss:0.5476
2024-05-17 14:43:21,012 - INFO - main.py - train - 66 - 【train】 epoch:0 74/360 loss:0.4911
2024-05-17 14:43:21,822 - INFO - main.py - train - 66 - 【train】 epoch:0 75/360 loss:0.4542
2024-05-17 14:43:22,631 - INFO - main.py - train - 66 - 【train】 epoch:0 76/360 loss:0.3737
2024-05-17 14:43:23,438 - INFO - main.py - train - 66 - 【train】 epoch:0 77/360 loss:0.6379
2024-05-17 14:43:24,242 - INFO - main.py - train - 66 - 【train】 epoch:0 78/360 loss:0.4409
2024-05-17 14:43:25,044 - INFO - main.py - train - 66 - 【train】 epoch:0 79/360 loss:0.5770
2024-05-17 14:43:25,844 - INFO - main.py - train - 66 - 【train】 epoch:0 80/360 loss:0.5702
2024-05-17 14:43:26,645 - INFO - main.py - train - 66 - 【train】 epoch:0 81/360 loss:0.4453
2024-05-17 14:43:27,445 - INFO - main.py - train - 66 - 【train】 epoch:0 82/360 loss:0.4995
2024-05-17 14:43:28,244 - INFO - main.py - train - 66 - 【train】 epoch:0 83/360 loss:0.4519
2024-05-17 14:43:29,042 - INFO - main.py - train - 66 - 【train】 epoch:0 84/360 loss:0.4881
2024-05-17 14:43:29,840 - INFO - main.py - train - 66 - 【train】 epoch:0 85/360 loss:0.3863
2024-05-17 14:43:30,639 - INFO - main.py - train - 66 - 【train】 epoch:0 86/360 loss:0.4243
2024-05-17 14:43:31,435 - INFO - main.py - train - 66 - 【train】 epoch:0 87/360 loss:0.4507
2024-05-17 14:43:32,231 - INFO - main.py - train - 66 - 【train】 epoch:0 88/360 loss:0.4709
2024-05-17 14:43:33,027 - INFO - main.py - train - 66 - 【train】 epoch:0 89/360 loss:0.5635
2024-05-17 14:44:27,021 - INFO - main.py - train - 74 - [eval] loss:5.9074 precision=0.9347 recall=0.6971 f1_score=0.7986
2024-05-17 14:44:27,022 - INFO - trainUtils.py - save_model - 70 - Saving model checkpoint to ./checkpoints/bert_bilstm_cner
2024-05-17 14:44:29,008 - INFO - main.py - train - 66 - 【train】 epoch:0 90/360 loss:0.4862
2024-05-17 14:44:29,796 - INFO - main.py - train - 66 - 【train】 epoch:0 91/360 loss:0.4204
2024-05-17 14:44:30,580 - INFO - main.py - train - 66 - 【train】 epoch:0 92/360 loss:0.5234
2024-05-17 14:44:31,359 - INFO - main.py - train - 66 - 【train】 epoch:0 93/360 loss:0.5353
2024-05-17 14:44:32,139 - INFO - main.py - train - 66 - 【train】 epoch:0 94/360 loss:0.3083
2024-05-17 14:44:32,920 - INFO - main.py - train - 66 - 【train】 epoch:0 95/360 loss:0.4238
2024-05-17 14:44:33,712 - INFO - main.py - train - 66 - 【train】 epoch:0 96/360 loss:0.4329
2024-05-17 14:44:34,499 - INFO - main.py - train - 66 - 【train】 epoch:0 97/360 loss:0.4334
2024-05-17 14:44:35,289 - INFO - main.py - train - 66 - 【train】 epoch:0 98/360 loss:0.3360
2024-05-17 14:44:36,076 - INFO - main.py - train - 66 - 【train】 epoch:0 99/360 loss:0.4043
2024-05-17 14:44:36,868 - INFO - main.py - train - 66 - 【train】 epoch:0 100/360 loss:0.3232
2024-05-17 14:44:37,660 - INFO - main.py - train - 66 - 【train】 epoch:0 101/360 loss:0.3014
2024-05-17 14:44:38,452 - INFO - main.py - train - 66 - 【train】 epoch:0 102/360 loss:0.2683
2024-05-17 14:44:39,230 - INFO - main.py - train - 66 - 【train】 epoch:0 103/360 loss:0.3586
2024-05-17 14:44:40,026 - INFO - main.py - train - 66 - 【train】 epoch:0 104/360 loss:0.3374
2024-05-17 14:44:40,822 - INFO - main.py - train - 66 - 【train】 epoch:0 105/360 loss:0.2811
2024-05-17 14:44:41,625 - INFO - main.py - train - 66 - 【train】 epoch:0 106/360 loss:0.4105
2024-05-17 14:44:42,422 - INFO - main.py - train - 66 - 【train】 epoch:0 107/360 loss:0.3679
2024-05-17 14:44:43,223 - INFO - main.py - train - 66 - 【train】 epoch:0 108/360 loss:0.4566
2024-05-17 14:44:44,023 - INFO - main.py - train - 66 - 【train】 epoch:0 109/360 loss:0.2583
2024-05-17 14:44:44,827 - INFO - main.py - train - 66 - 【train】 epoch:0 110/360 loss:0.2925
2024-05-17 14:44:45,635 - INFO - main.py - train - 66 - 【train】 epoch:0 111/360 loss:0.3809
2024-05-17 14:44:46,444 - INFO - main.py - train - 66 - 【train】 epoch:0 112/360 loss:0.2829
2024-05-17 14:44:47,253 - INFO - main.py - train - 66 - 【train】 epoch:0 113/360 loss:0.3623
2024-05-17 14:44:48,065 - INFO - main.py - train - 66 - 【train】 epoch:0 114/360 loss:0.4114
2024-05-17 14:44:48,876 - INFO - main.py - train - 66 - 【train】 epoch:0 115/360 loss:0.2560
2024-05-17 14:44:49,688 - INFO - main.py - train - 66 - 【train】 epoch:0 116/360 loss:0.3237
2024-05-17 14:44:50,500 - INFO - main.py - train - 66 - 【train】 epoch:0 117/360 loss:0.2582
2024-05-17 14:44:51,319 - INFO - main.py - train - 66 - 【train】 epoch:0 118/360 loss:0.5225
2024-05-17 14:46:06,814 - INFO - main.py - train - 66 - 【train】 epoch:0 119/360 loss:0.3896
2024-05-17 14:46:07,683 - INFO - main.py - train - 66 - 【train】 epoch:1 120/360 loss:0.3186
2024-05-17 14:46:08,498 - INFO - main.py - train - 66 - 【train】 epoch:1 121/360 loss:0.2444
2024-05-17 14:46:09,305 - INFO - main.py - train - 66 - 【train】 epoch:1 122/360 loss:0.2373
2024-05-17 14:46:10,105 - INFO - main.py - train - 66 - 【train】 epoch:1 123/360 loss:0.3389
2024-05-17 14:46:10,900 - INFO - main.py - train - 66 - 【train】 epoch:1 124/360 loss:0.5169
2024-05-17 14:46:11,700 - INFO - main.py - train - 66 - 【train】 epoch:1 125/360 loss:0.3184
2024-05-17 14:46:12,505 - INFO - main.py - train - 66 - 【train】 epoch:1 126/360 loss:0.2855
2024-05-17 14:46:13,312 - INFO - main.py - train - 66 - 【train】 epoch:1 127/360 loss:0.2995
2024-05-17 14:46:14,114 - INFO - main.py - train - 66 - 【train】 epoch:1 128/360 loss:0.2937
2024-05-17 14:46:14,918 - INFO - main.py - train - 66 - 【train】 epoch:1 129/360 loss:0.2442
2024-05-17 14:46:15,727 - INFO - main.py - train - 66 - 【train】 epoch:1 130/360 loss:0.1877
2024-05-17 14:46:16,541 - INFO - main.py - train - 66 - 【train】 epoch:1 131/360 loss:0.2444
2024-05-17 14:46:17,347 - INFO - main.py - train - 66 - 【train】 epoch:1 132/360 loss:0.3796
2024-05-17 14:46:18,160 - INFO - main.py - train - 66 - 【train】 epoch:1 133/360 loss:0.3179
2024-05-17 14:46:18,973 - INFO - main.py - train - 66 - 【train】 epoch:1 134/360 loss:0.2291
2024-05-17 14:46:19,784 - INFO - main.py - train - 66 - 【train】 epoch:1 135/360 loss:0.1646
2024-05-17 14:46:20,597 - INFO - main.py - train - 66 - 【train】 epoch:1 136/360 loss:0.1995
2024-05-17 14:46:21,415 - INFO - main.py - train - 66 - 【train】 epoch:1 137/360 loss:0.3026
2024-05-17 14:46:22,238 - INFO - main.py - train - 66 - 【train】 epoch:1 138/360 loss:0.2668
2024-05-17 14:46:23,065 - INFO - main.py - train - 66 - 【train】 epoch:1 139/360 loss:0.2595
2024-05-17 14:46:23,892 - INFO - main.py - train - 66 - 【train】 epoch:1 140/360 loss:0.3021
2024-05-17 14:46:24,716 - INFO - main.py - train - 66 - 【train】 epoch:1 141/360 loss:0.1842
2024-05-17 14:46:25,544 - INFO - main.py - train - 66 - 【train】 epoch:1 142/360 loss:0.2438
2024-05-17 14:46:26,370 - INFO - main.py - train - 66 - 【train】 epoch:1 143/360 loss:0.1583
2024-05-17 14:46:27,197 - INFO - main.py - train - 66 - 【train】 epoch:1 144/360 loss:0.2604
2024-05-17 14:46:28,031 - INFO - main.py - train - 66 - 【train】 epoch:1 145/360 loss:0.2052
2024-05-17 14:46:28,859 - INFO - main.py - train - 66 - 【train】 epoch:1 146/360 loss:0.2607
2024-05-17 14:46:29,687 - INFO - main.py - train - 66 - 【train】 epoch:1 147/360 loss:0.2679
2024-05-17 14:46:30,516 - INFO - main.py - train - 66 - 【train】 epoch:1 148/360 loss:0.1816
2024-05-17 14:46:31,342 - INFO - main.py - train - 66 - 【train】 epoch:1 149/360 loss:0.3983
2024-05-17 14:46:32,170 - INFO - main.py - train - 66 - 【train】 epoch:1 150/360 loss:0.2335
2024-05-17 14:46:33,000 - INFO - main.py - train - 66 - 【train】 epoch:1 151/360 loss:0.2519
2024-05-17 14:46:33,828 - INFO - main.py - train - 66 - 【train】 epoch:1 152/360 loss:0.2003
2024-05-17 14:46:34,653 - INFO - main.py - train - 66 - 【train】 epoch:1 153/360 loss:0.2573
2024-05-17 14:46:35,481 - INFO - main.py - train - 66 - 【train】 epoch:1 154/360 loss:0.2013
2024-05-17 14:46:36,305 - INFO - main.py - train - 66 - 【train】 epoch:1 155/360 loss:0.2324
2024-05-17 14:46:37,126 - INFO - main.py - train - 66 - 【train】 epoch:1 156/360 loss:0.2043
2024-05-17 14:46:37,942 - INFO - main.py - train - 66 - 【train】 epoch:1 157/360 loss:0.1710
2024-05-17 14:46:38,759 - INFO - main.py - train - 66 - 【train】 epoch:1 158/360 loss:0.2538
2024-05-17 14:46:39,576 - INFO - main.py - train - 66 - 【train】 epoch:1 159/360 loss:0.2921
2024-05-17 14:46:40,393 - INFO - main.py - train - 66 - 【train】 epoch:1 160/360 loss:0.1961
2024-05-17 14:46:41,206 - INFO - main.py - train - 66 - 【train】 epoch:1 161/360 loss:0.2159
2024-05-17 14:46:42,019 - INFO - main.py - train - 66 - 【train】 epoch:1 162/360 loss:0.1648
2024-05-17 14:46:42,829 - INFO - main.py - train - 66 - 【train】 epoch:1 163/360 loss:0.2206
2024-05-17 14:46:43,636 - INFO - main.py - train - 66 - 【train】 epoch:1 164/360 loss:0.2011
2024-05-17 14:46:44,441 - INFO - main.py - train - 66 - 【train】 epoch:1 165/360 loss:0.1603
2024-05-17 14:46:45,248 - INFO - main.py - train - 66 - 【train】 epoch:1 166/360 loss:0.3206
2024-05-17 14:46:46,049 - INFO - main.py - train - 66 - 【train】 epoch:1 167/360 loss:0.2487
2024-05-17 14:46:46,854 - INFO - main.py - train - 66 - 【train】 epoch:1 168/360 loss:0.2420
2024-05-17 14:46:47,653 - INFO - main.py - train - 66 - 【train】 epoch:1 169/360 loss:0.2089
2024-05-17 14:46:48,463 - INFO - main.py - train - 66 - 【train】 epoch:1 170/360 loss:0.1692
2024-05-17 14:46:49,265 - INFO - main.py - train - 66 - 【train】 epoch:1 171/360 loss:0.1757
2024-05-17 14:46:50,064 - INFO - main.py - train - 66 - 【train】 epoch:1 172/360 loss:0.1600
2024-05-17 14:46:50,861 - INFO - main.py - train - 66 - 【train】 epoch:1 173/360 loss:0.1803
2024-05-17 14:46:51,656 - INFO - main.py - train - 66 - 【train】 epoch:1 174/360 loss:0.2600
2024-05-17 14:46:52,452 - INFO - main.py - train - 66 - 【train】 epoch:1 175/360 loss:0.1281
2024-05-17 14:46:53,247 - INFO - main.py - train - 66 - 【train】 epoch:1 176/360 loss:0.2102
2024-05-17 14:46:54,043 - INFO - main.py - train - 66 - 【train】 epoch:1 177/360 loss:0.2882
2024-05-17 14:46:54,830 - INFO - main.py - train - 66 - 【train】 epoch:1 178/360 loss:0.1495
2024-05-17 14:46:55,628 - INFO - main.py - train - 66 - 【train】 epoch:1 179/360 loss:0.2534
2024-05-17 14:46:59,814 - INFO - main.py - train - 74 - [eval] loss:2.8705 precision=0.9441 recall=0.8326 f1_score=0.8848
2024-05-17 14:46:59,816 - INFO - trainUtils.py - save_model - 70 - Saving model checkpoint to ./checkpoints/bert_bilstm_cner
2024-05-17 14:47:01,902 - INFO - main.py - train - 66 - 【train】 epoch:1 180/360 loss:0.1629
2024-05-17 14:47:02,706 - INFO - main.py - train - 66 - 【train】 epoch:1 181/360 loss:0.1282
2024-05-17 14:47:03,498 - INFO - main.py - train - 66 - 【train】 epoch:1 182/360 loss:0.3657
2024-05-17 14:47:04,286 - INFO - main.py - train - 66 - 【train】 epoch:1 183/360 loss:0.1377
2024-05-17 14:47:05,071 - INFO - main.py - train - 66 - 【train】 epoch:1 184/360 loss:0.1680
2024-05-17 14:47:05,854 - INFO - main.py - train - 66 - 【train】 epoch:1 185/360 loss:0.1339
2024-05-17 14:47:06,646 - INFO - main.py - train - 66 - 【train】 epoch:1 186/360 loss:0.1575
2024-05-17 14:47:07,438 - INFO - main.py - train - 66 - 【train】 epoch:1 187/360 loss:0.1712
2024-05-17 14:47:08,223 - INFO - main.py - train - 66 - 【train】 epoch:1 188/360 loss:0.2210
2024-05-17 14:47:09,011 - INFO - main.py - train - 66 - 【train】 epoch:1 189/360 loss:0.2520
2024-05-17 14:47:09,801 - INFO - main.py - train - 66 - 【train】 epoch:1 190/360 loss:0.2814
2024-05-17 14:47:10,591 - INFO - main.py - train - 66 - 【train】 epoch:1 191/360 loss:0.2794
2024-05-17 14:47:11,377 - INFO - main.py - train - 66 - 【train】 epoch:1 192/360 loss:0.3125
2024-05-17 14:47:12,166 - INFO - main.py - train - 66 - 【train】 epoch:1 193/360 loss:0.1815
2024-05-17 14:47:12,953 - INFO - main.py - train - 66 - 【train】 epoch:1 194/360 loss:0.2706
2024-05-17 14:47:13,742 - INFO - main.py - train - 66 - 【train】 epoch:1 195/360 loss:0.2212
2024-05-17 14:47:14,530 - INFO - main.py - train - 66 - 【train】 epoch:1 196/360 loss:0.1280
2024-05-17 14:47:15,318 - INFO - main.py - train - 66 - 【train】 epoch:1 197/360 loss:0.1789
2024-05-17 14:47:16,111 - INFO - main.py - train - 66 - 【train】 epoch:1 198/360 loss:0.1862
2024-05-17 14:47:16,900 - INFO - main.py - train - 66 - 【train】 epoch:1 199/360 loss:0.2202
2024-05-17 14:47:17,683 - INFO - main.py - train - 66 - 【train】 epoch:1 200/360 loss:0.1283
2024-05-17 14:47:18,465 - INFO - main.py - train - 66 - 【train】 epoch:1 201/360 loss:0.1632
2024-05-17 14:47:19,253 - INFO - main.py - train - 66 - 【train】 epoch:1 202/360 loss:0.1392
2024-05-17 14:47:20,039 - INFO - main.py - train - 66 - 【train】 epoch:1 203/360 loss:0.1165
2024-05-17 14:47:20,826 - INFO - main.py - train - 66 - 【train】 epoch:1 204/360 loss:0.1687
2024-05-17 14:47:21,615 - INFO - main.py - train - 66 - 【train】 epoch:1 205/360 loss:0.2103
2024-05-17 14:47:22,405 - INFO - main.py - train - 66 - 【train】 epoch:1 206/360 loss:0.2891
2024-05-17 14:47:23,194 - INFO - main.py - train - 66 - 【train】 epoch:1 207/360 loss:0.1459
2024-05-17 14:47:23,986 - INFO - main.py - train - 66 - 【train】 epoch:1 208/360 loss:0.3291
2024-05-17 14:47:24,771 - INFO - main.py - train - 66 - 【train】 epoch:1 209/360 loss:0.1429
2024-05-17 14:47:25,562 - INFO - main.py - train - 66 - 【train】 epoch:1 210/360 loss:0.1417
2024-05-17 14:47:26,350 - INFO - main.py - train - 66 - 【train】 epoch:1 211/360 loss:0.1761
2024-05-17 14:47:27,136 - INFO - main.py - train - 66 - 【train】 epoch:1 212/360 loss:0.1220
2024-05-17 14:47:27,927 - INFO - main.py - train - 66 - 【train】 epoch:1 213/360 loss:0.1905
2024-05-17 14:47:28,715 - INFO - main.py - train - 66 - 【train】 epoch:1 214/360 loss:0.0994
2024-05-17 14:47:29,504 - INFO - main.py - train - 66 - 【train】 epoch:1 215/360 loss:0.1978
2024-05-17 14:47:30,294 - INFO - main.py - train - 66 - 【train】 epoch:1 216/360 loss:0.1932
2024-05-17 14:47:31,084 - INFO - main.py - train - 66 - 【train】 epoch:1 217/360 loss:0.2328
2024-05-17 14:47:31,874 - INFO - main.py - train - 66 - 【train】 epoch:1 218/360 loss:0.1692
2024-05-17 14:47:32,662 - INFO - main.py - train - 66 - 【train】 epoch:1 219/360 loss:0.2159
2024-05-17 14:47:33,453 - INFO - main.py - train - 66 - 【train】 epoch:1 220/360 loss:0.2228
2024-05-17 14:47:34,243 - INFO - main.py - train - 66 - 【train】 epoch:1 221/360 loss:0.1750
2024-05-17 14:47:35,031 - INFO - main.py - train - 66 - 【train】 epoch:1 222/360 loss:0.2229
2024-05-17 14:47:35,821 - INFO - main.py - train - 66 - 【train】 epoch:1 223/360 loss:0.1108
2024-05-17 14:47:36,618 - INFO - main.py - train - 66 - 【train】 epoch:1 224/360 loss:0.1588
2024-05-17 14:47:37,413 - INFO - main.py - train - 66 - 【train】 epoch:1 225/360 loss:0.1722
2024-05-17 14:47:38,210 - INFO - main.py - train - 66 - 【train】 epoch:1 226/360 loss:0.2148
2024-05-17 14:47:39,012 - INFO - main.py - train - 66 - 【train】 epoch:1 227/360 loss:0.2442
2024-05-17 14:47:39,811 - INFO - main.py - train - 66 - 【train】 epoch:1 228/360 loss:0.1843
2024-05-17 14:47:40,608 - INFO - main.py - train - 66 - 【train】 epoch:1 229/360 loss:0.2054
2024-05-17 14:47:41,408 - INFO - main.py - train - 66 - 【train】 epoch:1 230/360 loss:0.2490
2024-05-17 14:47:42,209 - INFO - main.py - train - 66 - 【train】 epoch:1 231/360 loss:0.1821
2024-05-17 14:47:43,010 - INFO - main.py - train - 66 - 【train】 epoch:1 232/360 loss:0.1805
2024-05-17 14:47:43,806 - INFO - main.py - train - 66 - 【train】 epoch:1 233/360 loss:0.1447
2024-05-17 14:47:44,607 - INFO - main.py - train - 66 - 【train】 epoch:1 234/360 loss:0.1657
2024-05-17 14:47:45,408 - INFO - main.py - train - 66 - 【train】 epoch:1 235/360 loss:0.0963
2024-05-17 14:47:46,206 - INFO - main.py - train - 66 - 【train】 epoch:1 236/360 loss:0.1154
2024-05-17 14:47:47,003 - INFO - main.py - train - 66 - 【train】 epoch:1 237/360 loss:0.1827
2024-05-17 14:47:47,799 - INFO - main.py - train - 66 - 【train】 epoch:1 238/360 loss:0.1678
2024-05-17 14:47:48,153 - INFO - main.py - train - 66 - 【train】 epoch:1 239/360 loss:0.1255
2024-05-17 14:47:49,052 - INFO - main.py - train - 66 - 【train】 epoch:2 240/360 loss:0.1363
2024-05-17 14:47:49,872 - INFO - main.py - train - 66 - 【train】 epoch:2 241/360 loss:0.1367
2024-05-17 14:47:50,680 - INFO - main.py - train - 66 - 【train】 epoch:2 242/360 loss:0.1126
2024-05-17 14:47:51,487 - INFO - main.py - train - 66 - 【train】 epoch:2 243/360 loss:0.1810
2024-05-17 14:47:52,287 - INFO - main.py - train - 66 - 【train】 epoch:2 244/360 loss:0.1357
2024-05-17 14:47:53,088 - INFO - main.py - train - 66 - 【train】 epoch:2 245/360 loss:0.2406
2024-05-17 14:47:53,896 - INFO - main.py - train - 66 - 【train】 epoch:2 246/360 loss:0.1511
2024-05-17 14:47:54,702 - INFO - main.py - train - 66 - 【train】 epoch:2 247/360 loss:0.1063
2024-05-17 14:47:55,505 - INFO - main.py - train - 66 - 【train】 epoch:2 248/360 loss:0.2001
2024-05-17 14:47:56,305 - INFO - main.py - train - 66 - 【train】 epoch:2 249/360 loss:0.1496
2024-05-17 14:47:57,108 - INFO - main.py - train - 66 - 【train】 epoch:2 250/360 loss:0.0977
2024-05-17 14:47:57,912 - INFO - main.py - train - 66 - 【train】 epoch:2 251/360 loss:0.2228
2024-05-17 14:47:58,718 - INFO - main.py - train - 66 - 【train】 epoch:2 252/360 loss:0.1482
2024-05-17 14:47:59,520 - INFO - main.py - train - 66 - 【train】 epoch:2 253/360 loss:0.1527
2024-05-17 14:48:00,323 - INFO - main.py - train - 66 - 【train】 epoch:2 254/360 loss:0.1437
2024-05-17 14:48:01,123 - INFO - main.py - train - 66 - 【train】 epoch:2 255/360 loss:0.1792
2024-05-17 14:48:01,925 - INFO - main.py - train - 66 - 【train】 epoch:2 256/360 loss:0.1085
2024-05-17 14:48:02,728 - INFO - main.py - train - 66 - 【train】 epoch:2 257/360 loss:0.1241
2024-05-17 14:48:03,528 - INFO - main.py - train - 66 - 【train】 epoch:2 258/360 loss:0.1390
2024-05-17 14:48:04,328 - INFO - main.py - train - 66 - 【train】 epoch:2 259/360 loss:0.1691
2024-05-17 14:48:05,134 - INFO - main.py - train - 66 - 【train】 epoch:2 260/360 loss:0.1494
2024-05-17 14:48:05,938 - INFO - main.py - train - 66 - 【train】 epoch:2 261/360 loss:0.0995
2024-05-17 14:48:06,737 - INFO - main.py - train - 66 - 【train】 epoch:2 262/360 loss:0.1588
2024-05-17 14:48:07,540 - INFO - main.py - train - 66 - 【train】 epoch:2 263/360 loss:0.0620
2024-05-17 14:48:08,344 - INFO - main.py - train - 66 - 【train】 epoch:2 264/360 loss:0.2153
2024-05-17 14:48:09,148 - INFO - main.py - train - 66 - 【train】 epoch:2 265/360 loss:0.1114
2024-05-17 14:48:09,947 - INFO - main.py - train - 66 - 【train】 epoch:2 266/360 loss:0.1348
2024-05-17 14:48:10,745 - INFO - main.py - train - 66 - 【train】 epoch:2 267/360 loss:0.1310
2024-05-17 14:48:11,544 - INFO - main.py - train - 66 - 【train】 epoch:2 268/360 loss:0.1408
2024-05-17 14:48:12,345 - INFO - main.py - train - 66 - 【train】 epoch:2 269/360 loss:0.0834
2024-05-17 14:48:16,553 - INFO - main.py - train - 74 - [eval] loss:2.3470 precision=0.9335 recall=0.8507 f1_score=0.8902
2024-05-17 14:48:16,554 - INFO - trainUtils.py - save_model - 70 - Saving model checkpoint to ./checkpoints/bert_bilstm_cner
2024-05-17 14:48:18,620 - INFO - main.py - train - 66 - 【train】 epoch:2 270/360 loss:0.2064
2024-05-17 14:48:19,438 - INFO - main.py - train - 66 - 【train】 epoch:2 271/360 loss:0.1748
2024-05-17 14:48:20,244 - INFO - main.py - train - 66 - 【train】 epoch:2 272/360 loss:0.1088
2024-05-17 14:48:21,040 - INFO - main.py - train - 66 - 【train】 epoch:2 273/360 loss:0.0987
2024-05-17 14:48:21,835 - INFO - main.py - train - 66 - 【train】 epoch:2 274/360 loss:0.1220
2024-05-17 14:48:22,631 - INFO - main.py - train - 66 - 【train】 epoch:2 275/360 loss:0.1044
2024-05-17 14:48:23,431 - INFO - main.py - train - 66 - 【train】 epoch:2 276/360 loss:0.1350
2024-05-17 14:48:24,229 - INFO - main.py - train - 66 - 【train】 epoch:2 277/360 loss:0.0970
2024-05-17 14:48:25,024 - INFO - main.py - train - 66 - 【train】 epoch:2 278/360 loss:0.1138
2024-05-17 14:48:25,816 - INFO - main.py - train - 66 - 【train】 epoch:2 279/360 loss:0.1313
2024-05-17 14:48:26,605 - INFO - main.py - train - 66 - 【train】 epoch:2 280/360 loss:0.1467
2024-05-17 14:48:27,398 - INFO - main.py - train - 66 - 【train】 epoch:2 281/360 loss:0.1002
2024-05-17 14:48:28,193 - INFO - main.py - train - 66 - 【train】 epoch:2 282/360 loss:0.1810
2024-05-17 14:48:28,988 - INFO - main.py - train - 66 - 【train】 epoch:2 283/360 loss:0.0527
2024-05-17 14:48:29,782 - INFO - main.py - train - 66 - 【train】 epoch:2 284/360 loss:0.1237
2024-05-17 14:48:30,572 - INFO - main.py - train - 66 - 【train】 epoch:2 285/360 loss:0.1950
2024-05-17 14:48:31,371 - INFO - main.py - train - 66 - 【train】 epoch:2 286/360 loss:0.1479
2024-05-17 14:48:32,162 - INFO - main.py - train - 66 - 【train】 epoch:2 287/360 loss:0.1676
2024-05-17 14:48:32,956 - INFO - main.py - train - 66 - 【train】 epoch:2 288/360 loss:0.0952
2024-05-17 14:48:33,744 - INFO - main.py - train - 66 - 【train】 epoch:2 289/360 loss:0.1781
2024-05-17 14:48:34,536 - INFO - main.py - train - 66 - 【train】 epoch:2 290/360 loss:0.1069
2024-05-17 14:48:35,331 - INFO - main.py - train - 66 - 【train】 epoch:2 291/360 loss:0.1550
2024-05-17 14:48:36,125 - INFO - main.py - train - 66 - 【train】 epoch:2 292/360 loss:0.1639
2024-05-17 14:48:36,918 - INFO - main.py - train - 66 - 【train】 epoch:2 293/360 loss:0.1888
2024-05-17 14:48:37,711 - INFO - main.py - train - 66 - 【train】 epoch:2 294/360 loss:0.0979
2024-05-17 14:48:38,504 - INFO - main.py - train - 66 - 【train】 epoch:2 295/360 loss:0.2011
2024-05-17 14:48:39,295 - INFO - main.py - train - 66 - 【train】 epoch:2 296/360 loss:0.1691
2024-05-17 14:48:40,090 - INFO - main.py - train - 66 - 【train】 epoch:2 297/360 loss:0.1596
2024-05-17 14:48:40,882 - INFO - main.py - train - 66 - 【train】 epoch:2 298/360 loss:0.1829
2024-05-17 14:48:41,668 - INFO - main.py - train - 66 - 【train】 epoch:2 299/360 loss:0.1639
2024-05-17 14:48:42,456 - INFO - main.py - train - 66 - 【train】 epoch:2 300/360 loss:0.1510
2024-05-17 14:48:43,248 - INFO - main.py - train - 66 - 【train】 epoch:2 301/360 loss:0.1233
2024-05-17 14:48:44,045 - INFO - main.py - train - 66 - 【train】 epoch:2 302/360 loss:0.1419
2024-05-17 14:48:44,839 - INFO - main.py - train - 66 - 【train】 epoch:2 303/360 loss:0.1138
2024-05-17 14:48:45,636 - INFO - main.py - train - 66 - 【train】 epoch:2 304/360 loss:0.1360
2024-05-17 14:48:46,432 - INFO - main.py - train - 66 - 【train】 epoch:2 305/360 loss:0.1237
2024-05-17 14:48:47,224 - INFO - main.py - train - 66 - 【train】 epoch:2 306/360 loss:0.1007
2024-05-17 14:48:48,015 - INFO - main.py - train - 66 - 【train】 epoch:2 307/360 loss:0.1174
2024-05-17 14:48:48,815 - INFO - main.py - train - 66 - 【train】 epoch:2 308/360 loss:0.1135
2024-05-17 14:48:49,611 - INFO - main.py - train - 66 - 【train】 epoch:2 309/360 loss:0.1702
2024-05-17 14:48:50,404 - INFO - main.py - train - 66 - 【train】 epoch:2 310/360 loss:0.1310
2024-05-17 14:48:51,202 - INFO - main.py - train - 66 - 【train】 epoch:2 311/360 loss:0.0797
2024-05-17 14:48:51,996 - INFO - main.py - train - 66 - 【train】 epoch:2 312/360 loss:0.0690
2024-05-17 14:48:52,793 - INFO - main.py - train - 66 - 【train】 epoch:2 313/360 loss:0.1742
2024-05-17 14:48:53,585 - INFO - main.py - train - 66 - 【train】 epoch:2 314/360 loss:0.1805
2024-05-17 14:48:54,377 - INFO - main.py - train - 66 - 【train】 epoch:2 315/360 loss:0.0501
2024-05-17 14:48:55,170 - INFO - main.py - train - 66 - 【train】 epoch:2 316/360 loss:0.1299
2024-05-17 14:48:55,962 - INFO - main.py - train - 66 - 【train】 epoch:2 317/360 loss:0.2132
2024-05-17 14:48:56,752 - INFO - main.py - train - 66 - 【train】 epoch:2 318/360 loss:0.2739
2024-05-17 14:48:57,543 - INFO - main.py - train - 66 - 【train】 epoch:2 319/360 loss:0.1090
2024-05-17 14:48:58,337 - INFO - main.py - train - 66 - 【train】 epoch:2 320/360 loss:0.1812
2024-05-17 14:48:59,131 - INFO - main.py - train - 66 - 【train】 epoch:2 321/360 loss:0.1146
2024-05-17 14:48:59,924 - INFO - main.py - train - 66 - 【train】 epoch:2 322/360 loss:0.2357
2024-05-17 14:49:00,713 - INFO - main.py - train - 66 - 【train】 epoch:2 323/360 loss:0.0957
2024-05-17 14:49:01,504 - INFO - main.py - train - 66 - 【train】 epoch:2 324/360 loss:0.1247
2024-05-17 14:49:02,301 - INFO - main.py - train - 66 - 【train】 epoch:2 325/360 loss:0.2233
2024-05-17 14:49:03,094 - INFO - main.py - train - 66 - 【train】 epoch:2 326/360 loss:0.2320
2024-05-17 14:49:03,884 - INFO - main.py - train - 66 - 【train】 epoch:2 327/360 loss:0.1126
2024-05-17 14:49:04,676 - INFO - main.py - train - 66 - 【train】 epoch:2 328/360 loss:0.1148
2024-05-17 14:49:05,473 - INFO - main.py - train - 66 - 【train】 epoch:2 329/360 loss:0.0836
2024-05-17 14:49:06,269 - INFO - main.py - train - 66 - 【train】 epoch:2 330/360 loss:0.1062
2024-05-17 14:49:07,064 - INFO - main.py - train - 66 - 【train】 epoch:2 331/360 loss:0.1466
2024-05-17 14:49:07,860 - INFO - main.py - train - 66 - 【train】 epoch:2 332/360 loss:0.1705
2024-05-17 14:49:08,652 - INFO - main.py - train - 66 - 【train】 epoch:2 333/360 loss:0.1465
2024-05-17 14:49:09,443 - INFO - main.py - train - 66 - 【train】 epoch:2 334/360 loss:0.1883
2024-05-17 14:49:10,233 - INFO - main.py - train - 66 - 【train】 epoch:2 335/360 loss:0.1577
2024-05-17 14:49:11,024 - INFO - main.py - train - 66 - 【train】 epoch:2 336/360 loss:0.1420
2024-05-17 14:49:11,820 - INFO - main.py - train - 66 - 【train】 epoch:2 337/360 loss:0.1026
2024-05-17 14:49:12,614 - INFO - main.py - train - 66 - 【train】 epoch:2 338/360 loss:0.1198
2024-05-17 14:49:13,408 - INFO - main.py - train - 66 - 【train】 epoch:2 339/360 loss:0.1507
2024-05-17 14:49:14,196 - INFO - main.py - train - 66 - 【train】 epoch:2 340/360 loss:0.0995
2024-05-17 14:49:14,987 - INFO - main.py - train - 66 - 【train】 epoch:2 341/360 loss:0.0898
2024-05-17 14:49:15,784 - INFO - main.py - train - 66 - 【train】 epoch:2 342/360 loss:0.1937
2024-05-17 14:49:16,578 - INFO - main.py - train - 66 - 【train】 epoch:2 343/360 loss:0.0761
2024-05-17 14:49:17,370 - INFO - main.py - train - 66 - 【train】 epoch:2 344/360 loss:0.0582
2024-05-17 14:49:18,170 - INFO - main.py - train - 66 - 【train】 epoch:2 345/360 loss:0.1409
2024-05-17 14:49:18,967 - INFO - main.py - train - 66 - 【train】 epoch:2 346/360 loss:0.1940
2024-05-17 14:49:19,766 - INFO - main.py - train - 66 - 【train】 epoch:2 347/360 loss:0.1420
2024-05-17 14:49:20,562 - INFO - main.py - train - 66 - 【train】 epoch:2 348/360 loss:0.1035
2024-05-17 14:49:21,359 - INFO - main.py - train - 66 - 【train】 epoch:2 349/360 loss:0.1182
2024-05-17 14:49:22,154 - INFO - main.py - train - 66 - 【train】 epoch:2 350/360 loss:0.1557
2024-05-17 14:49:22,948 - INFO - main.py - train - 66 - 【train】 epoch:2 351/360 loss:0.1591
2024-05-17 14:49:23,743 - INFO - main.py - train - 66 - 【train】 epoch:2 352/360 loss:0.0934
2024-05-17 14:49:24,543 - INFO - main.py - train - 66 - 【train】 epoch:2 353/360 loss:0.1121
2024-05-17 14:49:25,338 - INFO - main.py - train - 66 - 【train】 epoch:2 354/360 loss:0.0690
2024-05-17 14:49:26,129 - INFO - main.py - train - 66 - 【train】 epoch:2 355/360 loss:0.1989
2024-05-17 14:49:26,919 - INFO - main.py - train - 66 - 【train】 epoch:2 356/360 loss:0.1015
2024-05-17 14:49:27,709 - INFO - main.py - train - 66 - 【train】 epoch:2 357/360 loss:0.1253
2024-05-17 14:49:28,499 - INFO - main.py - train - 66 - 【train】 epoch:2 358/360 loss:0.1840
2024-05-17 14:49:28,853 - INFO - main.py - train - 66 - 【train】 epoch:2 359/360 loss:0.1107
2024-05-17 14:49:33,096 - INFO - main.py - train - 74 - [eval] loss:2.1754 precision=0.9472 recall=0.8626 f1_score=0.9029
2024-05-17 14:49:33,098 - INFO - trainUtils.py - save_model - 70 - Saving model checkpoint to ./checkpoints/bert_bilstm_cner
2024-05-17 14:49:36,126 - INFO - trainUtils.py - load_model_and_parallel - 96 - Load ckpt from ./checkpoints/bert_bilstm_cner/model.pt
2024-05-17 14:49:36,736 - INFO - trainUtils.py - load_model_and_parallel - 113 - Use single gpu in: ['0']
2024-05-17 14:49:41,355 - INFO - main.py - test - 158 -           precision    recall  f1-score   support

     PRO       0.91      0.29      0.43        35
     ORG       0.94      0.91      0.93       571
    CONT       0.78      1.00      0.88        28
    RACE       0.00      0.00      0.00        14
    NAME       1.00      1.00      1.00       112
     EDU       0.99      0.95      0.97       115
     LOC       0.00      0.00      0.00         6
   TITLE       0.95      0.85      0.90       854

micro-f1       0.95      0.87      0.91      1735

2024-05-17 14:49:41,359 - INFO - main.py - <module> - 284 - 虞兔良先生：1963年12月出生，汉族，中国国籍，无境外永久居留权，浙江绍兴人，中共党员，MBA，经济师。
2024-05-17 14:49:42,578 - INFO - trainUtils.py - load_model_and_parallel - 96 - Load ckpt from ./checkpoints/bert_bilstm_cner/model.pt
2024-05-17 14:49:43,334 - INFO - trainUtils.py - load_model_and_parallel - 113 - Use single gpu in: ['0']
2024-05-17 14:49:43,775 - INFO - main.py - predict - 194 - {'NAME': [('虞兔良', 0)], 'CONT': [('中国国籍', 20)], 'TITLE': [('中共党员', 40), ('经济师', 49)], 'EDU': [('MBA', 45)]}
2024-05-18 08:30:53,819 - INFO - main.py - <module> - 253 - {0: 'O', 1: 'B-PRO', 2: 'I-PRO', 3: 'E-PRO', 4: 'S-PRO', 5: 'B-ORG', 6: 'I-ORG', 7: 'E-ORG', 8: 'S-ORG', 9: 'B-CONT', 10: 'I-CONT', 11: 'E-CONT', 12: 'S-CONT', 13: 'B-RACE', 14: 'I-RACE', 15: 'E-RACE', 16: 'S-RACE', 17: 'B-NAME', 18: 'I-NAME', 19: 'E-NAME', 20: 'S-NAME', 21: 'B-EDU', 22: 'I-EDU', 23: 'E-EDU', 24: 'S-EDU', 25: 'B-LOC', 26: 'I-LOC', 27: 'E-LOC', 28: 'S-LOC', 29: 'B-TITLE', 30: 'I-TITLE', 31: 'E-TITLE', 32: 'S-TITLE'}
2024-05-18 08:30:54,336 - INFO - main.py - <module> - 255 - Namespace(output_dir='./checkpoints/', bert_dir='./model_hub/chinese-bert-wwm-ext/', data_dir='./data/cner', log_dir='./logs/', num_tags=33, seed=123, gpu_ids='0', max_seq_len=150, eval_batch_size=32, swa_start=3, train_epochs=3, dropout_prob=0.3, lr=3e-05, other_lr=0.0003, crf_lr=0.03, max_grad_norm=1.0, warmup_proportion=0.1, weight_decay=0.01, adam_epsilon=1e-08, train_batch_size=32, use_lstm='True', lstm_hidden=128, num_layers=1, dropout=0.3, use_crf='False', use_idcnn='False', data_name='cner', model_name='bert_bilstm', use_tensorboard='True', use_kd='False')
2024-05-18 08:31:15,114 - INFO - trainUtils.py - load_model_and_parallel - 113 - Use single gpu in: ['0']
2024-05-18 08:32:33,408 - INFO - main.py - train - 66 - 【train】 epoch:0 0/360 loss:3.5168
2024-05-18 08:32:34,152 - INFO - main.py - train - 66 - 【train】 epoch:0 1/360 loss:3.5205
2024-05-18 08:32:34,943 - INFO - main.py - train - 66 - 【train】 epoch:0 2/360 loss:3.5035
2024-05-18 08:32:35,725 - INFO - main.py - train - 66 - 【train】 epoch:0 3/360 loss:3.4834
2024-05-18 08:32:36,498 - INFO - main.py - train - 66 - 【train】 epoch:0 4/360 loss:3.4581
2024-05-18 08:32:37,271 - INFO - main.py - train - 66 - 【train】 epoch:0 5/360 loss:3.4358
2024-05-18 08:32:38,051 - INFO - main.py - train - 66 - 【train】 epoch:0 6/360 loss:3.3953
2024-05-18 08:32:38,820 - INFO - main.py - train - 66 - 【train】 epoch:0 7/360 loss:3.3583
2024-05-18 08:32:39,582 - INFO - main.py - train - 66 - 【train】 epoch:0 8/360 loss:3.2964
2024-05-18 08:32:40,354 - INFO - main.py - train - 66 - 【train】 epoch:0 9/360 loss:3.2068
2024-05-18 08:32:41,130 - INFO - main.py - train - 66 - 【train】 epoch:0 10/360 loss:3.1638
2024-05-18 08:32:41,904 - INFO - main.py - train - 66 - 【train】 epoch:0 11/360 loss:3.0783
2024-05-18 08:32:42,677 - INFO - main.py - train - 66 - 【train】 epoch:0 12/360 loss:2.9876
2024-05-18 08:32:43,459 - INFO - main.py - train - 66 - 【train】 epoch:0 13/360 loss:2.9412
2024-05-18 08:32:44,234 - INFO - main.py - train - 66 - 【train】 epoch:0 14/360 loss:2.8982
2024-05-18 08:32:45,011 - INFO - main.py - train - 66 - 【train】 epoch:0 15/360 loss:2.7597
2024-05-18 08:32:45,788 - INFO - main.py - train - 66 - 【train】 epoch:0 16/360 loss:2.5660
2024-05-18 08:32:46,567 - INFO - main.py - train - 66 - 【train】 epoch:0 17/360 loss:2.5422
2024-05-18 08:32:47,355 - INFO - main.py - train - 66 - 【train】 epoch:0 18/360 loss:2.5676
2024-05-18 08:32:48,139 - INFO - main.py - train - 66 - 【train】 epoch:0 19/360 loss:2.2450
2024-05-18 08:32:48,919 - INFO - main.py - train - 66 - 【train】 epoch:0 20/360 loss:2.3896
2024-05-18 08:32:49,707 - INFO - main.py - train - 66 - 【train】 epoch:0 21/360 loss:2.2140
2024-05-18 08:32:50,501 - INFO - main.py - train - 66 - 【train】 epoch:0 22/360 loss:2.1195
2024-05-18 08:32:51,290 - INFO - main.py - train - 66 - 【train】 epoch:0 23/360 loss:1.9575
2024-05-18 08:32:52,072 - INFO - main.py - train - 66 - 【train】 epoch:0 24/360 loss:1.9333
2024-05-18 08:32:52,851 - INFO - main.py - train - 66 - 【train】 epoch:0 25/360 loss:1.8043
2024-05-18 08:32:53,633 - INFO - main.py - train - 66 - 【train】 epoch:0 26/360 loss:1.8052
2024-05-18 08:32:54,421 - INFO - main.py - train - 66 - 【train】 epoch:0 27/360 loss:1.6857
2024-05-18 08:32:55,208 - INFO - main.py - train - 66 - 【train】 epoch:0 28/360 loss:1.7392
2024-05-18 08:32:55,995 - INFO - main.py - train - 66 - 【train】 epoch:0 29/360 loss:1.3679
2024-05-18 08:32:56,780 - INFO - main.py - train - 66 - 【train】 epoch:0 30/360 loss:1.4982
2024-05-18 08:32:57,573 - INFO - main.py - train - 66 - 【train】 epoch:0 31/360 loss:1.5316
2024-05-18 08:32:58,365 - INFO - main.py - train - 66 - 【train】 epoch:0 32/360 loss:1.3914
2024-05-18 08:32:59,157 - INFO - main.py - train - 66 - 【train】 epoch:0 33/360 loss:1.3251
2024-05-18 08:32:59,949 - INFO - main.py - train - 66 - 【train】 epoch:0 34/360 loss:1.2417
2024-05-18 08:33:00,745 - INFO - main.py - train - 66 - 【train】 epoch:0 35/360 loss:1.2290
2024-05-18 08:33:01,544 - INFO - main.py - train - 66 - 【train】 epoch:0 36/360 loss:1.3700
2024-05-18 08:33:02,339 - INFO - main.py - train - 66 - 【train】 epoch:0 37/360 loss:1.0901
2024-05-18 08:33:03,139 - INFO - main.py - train - 66 - 【train】 epoch:0 38/360 loss:1.0048
2024-05-18 08:33:03,940 - INFO - main.py - train - 66 - 【train】 epoch:0 39/360 loss:1.0244
2024-05-18 08:33:04,745 - INFO - main.py - train - 66 - 【train】 epoch:0 40/360 loss:0.9668
2024-05-18 08:33:05,546 - INFO - main.py - train - 66 - 【train】 epoch:0 41/360 loss:0.9873
2024-05-18 08:33:06,345 - INFO - main.py - train - 66 - 【train】 epoch:0 42/360 loss:0.9100
2024-05-18 08:33:07,151 - INFO - main.py - train - 66 - 【train】 epoch:0 43/360 loss:0.8589
2024-05-18 08:33:07,956 - INFO - main.py - train - 66 - 【train】 epoch:0 44/360 loss:1.0318
2024-05-18 08:33:08,764 - INFO - main.py - train - 66 - 【train】 epoch:0 45/360 loss:1.1986
2024-05-18 08:33:09,571 - INFO - main.py - train - 66 - 【train】 epoch:0 46/360 loss:0.8413
2024-05-18 08:33:10,381 - INFO - main.py - train - 66 - 【train】 epoch:0 47/360 loss:0.9605
2024-05-18 08:33:11,197 - INFO - main.py - train - 66 - 【train】 epoch:0 48/360 loss:0.8604
2024-05-18 08:33:12,013 - INFO - main.py - train - 66 - 【train】 epoch:0 49/360 loss:0.9679
2024-05-18 08:33:12,823 - INFO - main.py - train - 66 - 【train】 epoch:0 50/360 loss:0.9153
2024-05-18 08:33:13,633 - INFO - main.py - train - 66 - 【train】 epoch:0 51/360 loss:0.7992
2024-05-18 08:33:14,442 - INFO - main.py - train - 66 - 【train】 epoch:0 52/360 loss:0.7772
2024-05-18 08:33:15,257 - INFO - main.py - train - 66 - 【train】 epoch:0 53/360 loss:0.8385
2024-05-18 08:33:16,072 - INFO - main.py - train - 66 - 【train】 epoch:0 54/360 loss:0.9138
2024-05-18 08:33:16,889 - INFO - main.py - train - 66 - 【train】 epoch:0 55/360 loss:0.7356
2024-05-18 08:33:17,710 - INFO - main.py - train - 66 - 【train】 epoch:0 56/360 loss:0.7019
2024-05-18 08:33:18,538 - INFO - main.py - train - 66 - 【train】 epoch:0 57/360 loss:0.7631
2024-05-18 08:33:19,361 - INFO - main.py - train - 66 - 【train】 epoch:0 58/360 loss:0.7953
2024-05-18 08:33:20,180 - INFO - main.py - train - 66 - 【train】 epoch:0 59/360 loss:0.6156
2024-05-18 08:33:21,003 - INFO - main.py - train - 66 - 【train】 epoch:0 60/360 loss:0.6385
2024-05-18 08:33:21,830 - INFO - main.py - train - 66 - 【train】 epoch:0 61/360 loss:0.6381
2024-05-18 08:33:22,660 - INFO - main.py - train - 66 - 【train】 epoch:0 62/360 loss:0.7472
2024-05-18 08:33:23,499 - INFO - main.py - train - 66 - 【train】 epoch:0 63/360 loss:0.5441
2024-05-18 08:33:24,328 - INFO - main.py - train - 66 - 【train】 epoch:0 64/360 loss:0.6748
2024-05-18 08:33:25,170 - INFO - main.py - train - 66 - 【train】 epoch:0 65/360 loss:0.5029
2024-05-18 08:33:26,002 - INFO - main.py - train - 66 - 【train】 epoch:0 66/360 loss:0.6405
2024-05-18 08:33:26,836 - INFO - main.py - train - 66 - 【train】 epoch:0 67/360 loss:0.5485
2024-05-18 08:33:27,677 - INFO - main.py - train - 66 - 【train】 epoch:0 68/360 loss:0.5508
2024-05-18 08:33:28,513 - INFO - main.py - train - 66 - 【train】 epoch:0 69/360 loss:0.5833
2024-05-18 08:33:29,347 - INFO - main.py - train - 66 - 【train】 epoch:0 70/360 loss:0.5747
2024-05-18 08:33:30,193 - INFO - main.py - train - 66 - 【train】 epoch:0 71/360 loss:0.4992
2024-05-18 08:33:31,046 - INFO - main.py - train - 66 - 【train】 epoch:0 72/360 loss:0.4957
2024-05-18 08:33:31,870 - INFO - main.py - train - 66 - 【train】 epoch:0 73/360 loss:0.5440
2024-05-18 08:33:32,700 - INFO - main.py - train - 66 - 【train】 epoch:0 74/360 loss:0.4967
2024-05-18 08:33:33,532 - INFO - main.py - train - 66 - 【train】 epoch:0 75/360 loss:0.4533
2024-05-18 08:33:34,362 - INFO - main.py - train - 66 - 【train】 epoch:0 76/360 loss:0.3733
2024-05-18 08:33:35,210 - INFO - main.py - train - 66 - 【train】 epoch:0 77/360 loss:0.6393
2024-05-18 08:33:36,042 - INFO - main.py - train - 66 - 【train】 epoch:0 78/360 loss:0.4376
2024-05-18 08:33:36,885 - INFO - main.py - train - 66 - 【train】 epoch:0 79/360 loss:0.5811
2024-05-18 08:33:37,726 - INFO - main.py - train - 66 - 【train】 epoch:0 80/360 loss:0.5628
2024-05-18 08:33:38,568 - INFO - main.py - train - 66 - 【train】 epoch:0 81/360 loss:0.4474
2024-05-18 08:33:39,415 - INFO - main.py - train - 66 - 【train】 epoch:0 82/360 loss:0.4995
2024-05-18 08:33:40,254 - INFO - main.py - train - 66 - 【train】 epoch:0 83/360 loss:0.4543
2024-05-18 08:33:41,107 - INFO - main.py - train - 66 - 【train】 epoch:0 84/360 loss:0.4932
2024-05-18 08:33:41,954 - INFO - main.py - train - 66 - 【train】 epoch:0 85/360 loss:0.3918
2024-05-18 08:33:42,801 - INFO - main.py - train - 66 - 【train】 epoch:0 86/360 loss:0.4225
2024-05-18 08:33:43,649 - INFO - main.py - train - 66 - 【train】 epoch:0 87/360 loss:0.4436
2024-05-18 08:33:44,498 - INFO - main.py - train - 66 - 【train】 epoch:0 88/360 loss:0.4740
2024-05-18 08:33:45,345 - INFO - main.py - train - 66 - 【train】 epoch:0 89/360 loss:0.5656
2024-05-18 08:34:37,413 - INFO - main.py - train - 74 - [eval] loss:5.9062 precision=0.9374 recall=0.6921 f1_score=0.7963
2024-05-18 08:34:37,414 - INFO - trainUtils.py - save_model - 70 - Saving model checkpoint to ./checkpoints/bert_bilstm_cner
2024-05-18 08:34:54,440 - INFO - main.py - train - 66 - 【train】 epoch:0 90/360 loss:0.4893
2024-05-18 08:34:55,279 - INFO - main.py - train - 66 - 【train】 epoch:0 91/360 loss:0.4238
2024-05-18 08:34:56,122 - INFO - main.py - train - 66 - 【train】 epoch:0 92/360 loss:0.5310
2024-05-18 08:34:56,966 - INFO - main.py - train - 66 - 【train】 epoch:0 93/360 loss:0.5219
2024-05-18 08:34:57,806 - INFO - main.py - train - 66 - 【train】 epoch:0 94/360 loss:0.3077
2024-05-18 08:34:58,656 - INFO - main.py - train - 66 - 【train】 epoch:0 95/360 loss:0.4183
2024-05-18 08:34:59,502 - INFO - main.py - train - 66 - 【train】 epoch:0 96/360 loss:0.4140
2024-05-18 08:35:00,351 - INFO - main.py - train - 66 - 【train】 epoch:0 97/360 loss:0.4315
2024-05-18 08:35:01,204 - INFO - main.py - train - 66 - 【train】 epoch:0 98/360 loss:0.3335
2024-05-18 08:35:02,068 - INFO - main.py - train - 66 - 【train】 epoch:0 99/360 loss:0.4005
2024-05-18 08:35:02,929 - INFO - main.py - train - 66 - 【train】 epoch:0 100/360 loss:0.3209
2024-05-18 08:35:04,170 - INFO - main.py - train - 66 - 【train】 epoch:0 101/360 loss:0.3039
2024-05-18 08:35:05,007 - INFO - main.py - train - 66 - 【train】 epoch:0 102/360 loss:0.2706
2024-05-18 08:35:05,871 - INFO - main.py - train - 66 - 【train】 epoch:0 103/360 loss:0.3623
2024-05-18 08:35:06,744 - INFO - main.py - train - 66 - 【train】 epoch:0 104/360 loss:0.3379
2024-05-18 08:35:07,637 - INFO - main.py - train - 66 - 【train】 epoch:0 105/360 loss:0.2793
2024-05-18 08:35:08,517 - INFO - main.py - train - 66 - 【train】 epoch:0 106/360 loss:0.3993
2024-05-18 08:35:09,397 - INFO - main.py - train - 66 - 【train】 epoch:0 107/360 loss:0.3646
2024-05-18 08:35:10,276 - INFO - main.py - train - 66 - 【train】 epoch:0 108/360 loss:0.4454
2024-05-18 08:35:11,156 - INFO - main.py - train - 66 - 【train】 epoch:0 109/360 loss:0.2578
2024-05-18 08:35:12,044 - INFO - main.py - train - 66 - 【train】 epoch:0 110/360 loss:0.2963
2024-05-18 08:35:12,936 - INFO - main.py - train - 66 - 【train】 epoch:0 111/360 loss:0.3598
2024-05-18 08:35:13,827 - INFO - main.py - train - 66 - 【train】 epoch:0 112/360 loss:0.2809
2024-05-18 08:35:14,724 - INFO - main.py - train - 66 - 【train】 epoch:0 113/360 loss:0.3579
2024-05-18 08:35:15,624 - INFO - main.py - train - 66 - 【train】 epoch:0 114/360 loss:0.4079
2024-05-18 08:35:16,527 - INFO - main.py - train - 66 - 【train】 epoch:0 115/360 loss:0.2619
2024-05-18 08:35:17,428 - INFO - main.py - train - 66 - 【train】 epoch:0 116/360 loss:0.3267
2024-05-18 08:35:18,333 - INFO - main.py - train - 66 - 【train】 epoch:0 117/360 loss:0.2681
2024-05-18 08:35:19,241 - INFO - main.py - train - 66 - 【train】 epoch:0 118/360 loss:0.5278
2024-05-18 08:36:36,508 - INFO - main.py - train - 66 - 【train】 epoch:0 119/360 loss:0.4183
2024-05-18 08:36:37,484 - INFO - main.py - train - 66 - 【train】 epoch:1 120/360 loss:0.2978
2024-05-18 08:36:38,385 - INFO - main.py - train - 66 - 【train】 epoch:1 121/360 loss:0.2387
2024-05-18 08:36:39,293 - INFO - main.py - train - 66 - 【train】 epoch:1 122/360 loss:0.2356
2024-05-18 08:36:40,206 - INFO - main.py - train - 66 - 【train】 epoch:1 123/360 loss:0.3290
2024-05-18 08:36:41,125 - INFO - main.py - train - 66 - 【train】 epoch:1 124/360 loss:0.4792
2024-05-18 08:36:42,040 - INFO - main.py - train - 66 - 【train】 epoch:1 125/360 loss:0.3168
2024-05-18 08:36:42,958 - INFO - main.py - train - 66 - 【train】 epoch:1 126/360 loss:0.2768
2024-05-18 08:36:43,872 - INFO - main.py - train - 66 - 【train】 epoch:1 127/360 loss:0.2872
2024-05-18 08:36:44,798 - INFO - main.py - train - 66 - 【train】 epoch:1 128/360 loss:0.2904
2024-05-18 08:36:45,731 - INFO - main.py - train - 66 - 【train】 epoch:1 129/360 loss:0.2361
2024-05-18 08:36:46,658 - INFO - main.py - train - 66 - 【train】 epoch:1 130/360 loss:0.1905
2024-05-18 08:36:47,588 - INFO - main.py - train - 66 - 【train】 epoch:1 131/360 loss:0.2431
2024-05-18 08:36:48,524 - INFO - main.py - train - 66 - 【train】 epoch:1 132/360 loss:0.3773
2024-05-18 08:36:49,466 - INFO - main.py - train - 66 - 【train】 epoch:1 133/360 loss:0.2990
2024-05-18 08:36:50,414 - INFO - main.py - train - 66 - 【train】 epoch:1 134/360 loss:0.2328
2024-05-18 08:36:51,359 - INFO - main.py - train - 66 - 【train】 epoch:1 135/360 loss:0.1662
2024-05-18 08:36:52,314 - INFO - main.py - train - 66 - 【train】 epoch:1 136/360 loss:0.1954
2024-05-18 08:36:53,268 - INFO - main.py - train - 66 - 【train】 epoch:1 137/360 loss:0.2907
2024-05-18 08:36:54,221 - INFO - main.py - train - 66 - 【train】 epoch:1 138/360 loss:0.2569
2024-05-18 08:36:55,178 - INFO - main.py - train - 66 - 【train】 epoch:1 139/360 loss:0.2525
2024-05-18 08:36:56,125 - INFO - main.py - train - 66 - 【train】 epoch:1 140/360 loss:0.2813
2024-05-18 08:36:57,077 - INFO - main.py - train - 66 - 【train】 epoch:1 141/360 loss:0.1782
2024-05-18 08:36:58,027 - INFO - main.py - train - 66 - 【train】 epoch:1 142/360 loss:0.2357
2024-05-18 08:36:58,982 - INFO - main.py - train - 66 - 【train】 epoch:1 143/360 loss:0.1475
2024-05-18 08:36:59,930 - INFO - main.py - train - 66 - 【train】 epoch:1 144/360 loss:0.2627
2024-05-18 08:37:00,876 - INFO - main.py - train - 66 - 【train】 epoch:1 145/360 loss:0.2026
2024-05-18 08:37:01,820 - INFO - main.py - train - 66 - 【train】 epoch:1 146/360 loss:0.2472
2024-05-18 08:37:02,759 - INFO - main.py - train - 66 - 【train】 epoch:1 147/360 loss:0.2512
2024-05-18 08:37:03,689 - INFO - main.py - train - 66 - 【train】 epoch:1 148/360 loss:0.1782
2024-05-18 08:37:04,616 - INFO - main.py - train - 66 - 【train】 epoch:1 149/360 loss:0.3627
2024-05-18 08:37:05,534 - INFO - main.py - train - 66 - 【train】 epoch:1 150/360 loss:0.2282
2024-05-18 08:37:06,448 - INFO - main.py - train - 66 - 【train】 epoch:1 151/360 loss:0.2315
2024-05-18 08:37:07,360 - INFO - main.py - train - 66 - 【train】 epoch:1 152/360 loss:0.1965
2024-05-18 08:37:08,273 - INFO - main.py - train - 66 - 【train】 epoch:1 153/360 loss:0.2499
2024-05-18 08:37:09,183 - INFO - main.py - train - 66 - 【train】 epoch:1 154/360 loss:0.1937
2024-05-18 08:37:10,083 - INFO - main.py - train - 66 - 【train】 epoch:1 155/360 loss:0.2355
2024-05-18 08:37:10,991 - INFO - main.py - train - 66 - 【train】 epoch:1 156/360 loss:0.1873
2024-05-18 08:37:11,897 - INFO - main.py - train - 66 - 【train】 epoch:1 157/360 loss:0.1548
2024-05-18 08:37:12,793 - INFO - main.py - train - 66 - 【train】 epoch:1 158/360 loss:0.2526
2024-05-18 08:37:13,695 - INFO - main.py - train - 66 - 【train】 epoch:1 159/360 loss:0.2549
2024-05-18 08:37:14,591 - INFO - main.py - train - 66 - 【train】 epoch:1 160/360 loss:0.1534
2024-05-18 08:37:15,491 - INFO - main.py - train - 66 - 【train】 epoch:1 161/360 loss:0.1997
2024-05-18 08:37:16,390 - INFO - main.py - train - 66 - 【train】 epoch:1 162/360 loss:0.1618
2024-05-18 08:37:17,277 - INFO - main.py - train - 66 - 【train】 epoch:1 163/360 loss:0.2136
2024-05-18 08:37:18,161 - INFO - main.py - train - 66 - 【train】 epoch:1 164/360 loss:0.1854
2024-05-18 08:37:19,050 - INFO - main.py - train - 66 - 【train】 epoch:1 165/360 loss:0.1497
2024-05-18 08:37:19,937 - INFO - main.py - train - 66 - 【train】 epoch:1 166/360 loss:0.3027
2024-05-18 08:37:20,826 - INFO - main.py - train - 66 - 【train】 epoch:1 167/360 loss:0.2390
2024-05-18 08:37:21,710 - INFO - main.py - train - 66 - 【train】 epoch:1 168/360 loss:0.2302
2024-05-18 08:37:22,588 - INFO - main.py - train - 66 - 【train】 epoch:1 169/360 loss:0.1951
2024-05-18 08:37:23,470 - INFO - main.py - train - 66 - 【train】 epoch:1 170/360 loss:0.1696
2024-05-18 08:37:24,346 - INFO - main.py - train - 66 - 【train】 epoch:1 171/360 loss:0.1742
2024-05-18 08:37:25,221 - INFO - main.py - train - 66 - 【train】 epoch:1 172/360 loss:0.1563
2024-05-18 08:37:26,098 - INFO - main.py - train - 66 - 【train】 epoch:1 173/360 loss:0.1945
2024-05-18 08:37:26,971 - INFO - main.py - train - 66 - 【train】 epoch:1 174/360 loss:0.2560
2024-05-18 08:37:27,841 - INFO - main.py - train - 66 - 【train】 epoch:1 175/360 loss:0.1205
2024-05-18 08:37:28,718 - INFO - main.py - train - 66 - 【train】 epoch:1 176/360 loss:0.2284
2024-05-18 08:37:29,585 - INFO - main.py - train - 66 - 【train】 epoch:1 177/360 loss:0.2772
2024-05-18 08:37:30,461 - INFO - main.py - train - 66 - 【train】 epoch:1 178/360 loss:0.1590
2024-05-18 08:37:31,332 - INFO - main.py - train - 66 - 【train】 epoch:1 179/360 loss:0.2736
2024-05-18 08:37:35,947 - INFO - main.py - train - 74 - [eval] loss:2.7238 precision=0.9416 recall=0.8251 f1_score=0.8795
2024-05-18 08:37:35,949 - INFO - trainUtils.py - save_model - 70 - Saving model checkpoint to ./checkpoints/bert_bilstm_cner
2024-05-18 08:37:38,089 - INFO - main.py - train - 66 - 【train】 epoch:1 180/360 loss:0.1613
2024-05-18 08:37:38,957 - INFO - main.py - train - 66 - 【train】 epoch:1 181/360 loss:0.1339
2024-05-18 08:37:39,825 - INFO - main.py - train - 66 - 【train】 epoch:1 182/360 loss:0.3695
2024-05-18 08:37:40,695 - INFO - main.py - train - 66 - 【train】 epoch:1 183/360 loss:0.1359
2024-05-18 08:37:41,565 - INFO - main.py - train - 66 - 【train】 epoch:1 184/360 loss:0.1690
2024-05-18 08:37:42,430 - INFO - main.py - train - 66 - 【train】 epoch:1 185/360 loss:0.1234
2024-05-18 08:37:43,286 - INFO - main.py - train - 66 - 【train】 epoch:1 186/360 loss:0.1556
2024-05-18 08:37:44,137 - INFO - main.py - train - 66 - 【train】 epoch:1 187/360 loss:0.1695
2024-05-18 08:37:45,002 - INFO - main.py - train - 66 - 【train】 epoch:1 188/360 loss:0.2305
2024-05-18 08:37:45,872 - INFO - main.py - train - 66 - 【train】 epoch:1 189/360 loss:0.2900
2024-05-18 08:37:46,739 - INFO - main.py - train - 66 - 【train】 epoch:1 190/360 loss:0.2948
2024-05-18 08:37:47,606 - INFO - main.py - train - 66 - 【train】 epoch:1 191/360 loss:0.2464
2024-05-18 08:37:48,472 - INFO - main.py - train - 66 - 【train】 epoch:1 192/360 loss:0.3142
2024-05-18 08:37:49,329 - INFO - main.py - train - 66 - 【train】 epoch:1 193/360 loss:0.1674
2024-05-18 08:37:50,197 - INFO - main.py - train - 66 - 【train】 epoch:1 194/360 loss:0.2562
2024-05-18 08:37:51,065 - INFO - main.py - train - 66 - 【train】 epoch:1 195/360 loss:0.2241
2024-05-18 08:37:51,935 - INFO - main.py - train - 66 - 【train】 epoch:1 196/360 loss:0.1379
2024-05-18 08:37:52,803 - INFO - main.py - train - 66 - 【train】 epoch:1 197/360 loss:0.1834
2024-05-18 08:37:53,673 - INFO - main.py - train - 66 - 【train】 epoch:1 198/360 loss:0.1659
2024-05-18 08:37:54,545 - INFO - main.py - train - 66 - 【train】 epoch:1 199/360 loss:0.2246
2024-05-18 08:37:55,419 - INFO - main.py - train - 66 - 【train】 epoch:1 200/360 loss:0.1203
2024-05-18 08:37:56,300 - INFO - main.py - train - 66 - 【train】 epoch:1 201/360 loss:0.1614
2024-05-18 08:37:57,177 - INFO - main.py - train - 66 - 【train】 epoch:1 202/360 loss:0.1373
2024-05-18 08:37:58,055 - INFO - main.py - train - 66 - 【train】 epoch:1 203/360 loss:0.1118
2024-05-18 08:37:58,933 - INFO - main.py - train - 66 - 【train】 epoch:1 204/360 loss:0.1653
2024-05-18 08:37:59,824 - INFO - main.py - train - 66 - 【train】 epoch:1 205/360 loss:0.1989
2024-05-18 08:38:00,711 - INFO - main.py - train - 66 - 【train】 epoch:1 206/360 loss:0.2890
2024-05-18 08:38:01,597 - INFO - main.py - train - 66 - 【train】 epoch:1 207/360 loss:0.1443
2024-05-18 08:38:02,493 - INFO - main.py - train - 66 - 【train】 epoch:1 208/360 loss:0.3456
2024-05-18 08:38:03,384 - INFO - main.py - train - 66 - 【train】 epoch:1 209/360 loss:0.1406
2024-05-18 08:38:04,279 - INFO - main.py - train - 66 - 【train】 epoch:1 210/360 loss:0.1444
2024-05-18 08:38:05,174 - INFO - main.py - train - 66 - 【train】 epoch:1 211/360 loss:0.1856
2024-05-18 08:38:06,072 - INFO - main.py - train - 66 - 【train】 epoch:1 212/360 loss:0.1155
2024-05-18 08:38:06,965 - INFO - main.py - train - 66 - 【train】 epoch:1 213/360 loss:0.1830
2024-05-18 08:38:07,867 - INFO - main.py - train - 66 - 【train】 epoch:1 214/360 loss:0.1002
2024-05-18 08:38:08,777 - INFO - main.py - train - 66 - 【train】 epoch:1 215/360 loss:0.1942
2024-05-18 08:38:09,686 - INFO - main.py - train - 66 - 【train】 epoch:1 216/360 loss:0.1903
2024-05-18 08:38:10,595 - INFO - main.py - train - 66 - 【train】 epoch:1 217/360 loss:0.2308
2024-05-18 08:38:11,511 - INFO - main.py - train - 66 - 【train】 epoch:1 218/360 loss:0.1548
2024-05-18 08:38:12,426 - INFO - main.py - train - 66 - 【train】 epoch:1 219/360 loss:0.2035
2024-05-18 08:38:13,343 - INFO - main.py - train - 66 - 【train】 epoch:1 220/360 loss:0.2159
2024-05-18 08:38:14,258 - INFO - main.py - train - 66 - 【train】 epoch:1 221/360 loss:0.1750
2024-05-18 08:38:15,172 - INFO - main.py - train - 66 - 【train】 epoch:1 222/360 loss:0.2244
2024-05-18 08:38:16,090 - INFO - main.py - train - 66 - 【train】 epoch:1 223/360 loss:0.1081
2024-05-18 08:38:17,006 - INFO - main.py - train - 66 - 【train】 epoch:1 224/360 loss:0.1547
2024-05-18 08:38:17,920 - INFO - main.py - train - 66 - 【train】 epoch:1 225/360 loss:0.1741
2024-05-18 08:38:18,838 - INFO - main.py - train - 66 - 【train】 epoch:1 226/360 loss:0.2457
2024-05-18 08:38:19,740 - INFO - main.py - train - 66 - 【train】 epoch:1 227/360 loss:0.2434
2024-05-18 08:38:20,654 - INFO - main.py - train - 66 - 【train】 epoch:1 228/360 loss:0.2096
2024-05-18 08:38:21,561 - INFO - main.py - train - 66 - 【train】 epoch:1 229/360 loss:0.2034
2024-05-18 08:38:22,468 - INFO - main.py - train - 66 - 【train】 epoch:1 230/360 loss:0.2373
2024-05-18 08:38:23,373 - INFO - main.py - train - 66 - 【train】 epoch:1 231/360 loss:0.1773
2024-05-18 08:38:24,277 - INFO - main.py - train - 66 - 【train】 epoch:1 232/360 loss:0.1808
2024-05-18 08:38:25,172 - INFO - main.py - train - 66 - 【train】 epoch:1 233/360 loss:0.1413
2024-05-18 08:38:26,078 - INFO - main.py - train - 66 - 【train】 epoch:1 234/360 loss:0.1633
2024-05-18 08:38:26,978 - INFO - main.py - train - 66 - 【train】 epoch:1 235/360 loss:0.0908
2024-05-18 08:38:27,879 - INFO - main.py - train - 66 - 【train】 epoch:1 236/360 loss:0.1073
2024-05-18 08:38:28,777 - INFO - main.py - train - 66 - 【train】 epoch:1 237/360 loss:0.1845
2024-05-18 08:38:29,670 - INFO - main.py - train - 66 - 【train】 epoch:1 238/360 loss:0.1761
2024-05-18 08:38:30,049 - INFO - main.py - train - 66 - 【train】 epoch:1 239/360 loss:0.1165
2024-05-18 08:38:31,030 - INFO - main.py - train - 66 - 【train】 epoch:2 240/360 loss:0.1437
2024-05-18 08:38:31,909 - INFO - main.py - train - 66 - 【train】 epoch:2 241/360 loss:0.1385
2024-05-18 08:38:32,813 - INFO - main.py - train - 66 - 【train】 epoch:2 242/360 loss:0.1070
2024-05-18 08:38:33,711 - INFO - main.py - train - 66 - 【train】 epoch:2 243/360 loss:0.1761
2024-05-18 08:38:34,605 - INFO - main.py - train - 66 - 【train】 epoch:2 244/360 loss:0.1308
2024-05-18 08:38:35,501 - INFO - main.py - train - 66 - 【train】 epoch:2 245/360 loss:0.2388
2024-05-18 08:38:36,393 - INFO - main.py - train - 66 - 【train】 epoch:2 246/360 loss:0.1504
2024-05-18 08:38:37,288 - INFO - main.py - train - 66 - 【train】 epoch:2 247/360 loss:0.1070
2024-05-18 08:38:38,179 - INFO - main.py - train - 66 - 【train】 epoch:2 248/360 loss:0.1895
2024-05-18 08:38:39,068 - INFO - main.py - train - 66 - 【train】 epoch:2 249/360 loss:0.1434
2024-05-18 08:38:39,955 - INFO - main.py - train - 66 - 【train】 epoch:2 250/360 loss:0.1024
2024-05-18 08:38:40,850 - INFO - main.py - train - 66 - 【train】 epoch:2 251/360 loss:0.2199
2024-05-18 08:38:41,736 - INFO - main.py - train - 66 - 【train】 epoch:2 252/360 loss:0.1423
2024-05-18 08:38:42,621 - INFO - main.py - train - 66 - 【train】 epoch:2 253/360 loss:0.1536
2024-05-18 08:38:43,506 - INFO - main.py - train - 66 - 【train】 epoch:2 254/360 loss:0.1404
2024-05-18 08:38:44,387 - INFO - main.py - train - 66 - 【train】 epoch:2 255/360 loss:0.1774
2024-05-18 08:38:45,268 - INFO - main.py - train - 66 - 【train】 epoch:2 256/360 loss:0.1094
2024-05-18 08:38:46,157 - INFO - main.py - train - 66 - 【train】 epoch:2 257/360 loss:0.1208
2024-05-18 08:38:47,034 - INFO - main.py - train - 66 - 【train】 epoch:2 258/360 loss:0.1358
2024-05-18 08:38:47,910 - INFO - main.py - train - 66 - 【train】 epoch:2 259/360 loss:0.1610
2024-05-18 08:38:48,792 - INFO - main.py - train - 66 - 【train】 epoch:2 260/360 loss:0.1456
2024-05-18 08:38:49,666 - INFO - main.py - train - 66 - 【train】 epoch:2 261/360 loss:0.0964
2024-05-18 08:38:50,541 - INFO - main.py - train - 66 - 【train】 epoch:2 262/360 loss:0.1537
2024-05-18 08:38:51,418 - INFO - main.py - train - 66 - 【train】 epoch:2 263/360 loss:0.0593
2024-05-18 08:38:52,301 - INFO - main.py - train - 66 - 【train】 epoch:2 264/360 loss:0.2153
2024-05-18 08:38:53,187 - INFO - main.py - train - 66 - 【train】 epoch:2 265/360 loss:0.1087
2024-05-18 08:38:54,060 - INFO - main.py - train - 66 - 【train】 epoch:2 266/360 loss:0.1294
2024-05-18 08:38:54,939 - INFO - main.py - train - 66 - 【train】 epoch:2 267/360 loss:0.1266
2024-05-18 08:38:55,818 - INFO - main.py - train - 66 - 【train】 epoch:2 268/360 loss:0.1406
2024-05-18 08:38:56,701 - INFO - main.py - train - 66 - 【train】 epoch:2 269/360 loss:0.0887
2024-05-18 08:39:01,388 - INFO - main.py - train - 74 - [eval] loss:2.3221 precision=0.9361 recall=0.8513 f1_score=0.8917
2024-05-18 08:39:01,389 - INFO - trainUtils.py - save_model - 70 - Saving model checkpoint to ./checkpoints/bert_bilstm_cner
2024-05-18 08:39:03,501 - INFO - main.py - train - 66 - 【train】 epoch:2 270/360 loss:0.2090
2024-05-18 08:39:04,374 - INFO - main.py - train - 66 - 【train】 epoch:2 271/360 loss:0.1709
2024-05-18 08:39:05,257 - INFO - main.py - train - 66 - 【train】 epoch:2 272/360 loss:0.1033
2024-05-18 08:39:06,130 - INFO - main.py - train - 66 - 【train】 epoch:2 273/360 loss:0.1085
2024-05-18 08:39:07,011 - INFO - main.py - train - 66 - 【train】 epoch:2 274/360 loss:0.1216
2024-05-18 08:39:07,891 - INFO - main.py - train - 66 - 【train】 epoch:2 275/360 loss:0.1069
2024-05-18 08:39:08,762 - INFO - main.py - train - 66 - 【train】 epoch:2 276/360 loss:0.1334
2024-05-18 08:39:09,644 - INFO - main.py - train - 66 - 【train】 epoch:2 277/360 loss:0.1004
2024-05-18 08:39:10,518 - INFO - main.py - train - 66 - 【train】 epoch:2 278/360 loss:0.1137
2024-05-18 08:39:11,400 - INFO - main.py - train - 66 - 【train】 epoch:2 279/360 loss:0.1359
2024-05-18 08:39:12,279 - INFO - main.py - train - 66 - 【train】 epoch:2 280/360 loss:0.1361
2024-05-18 08:39:13,160 - INFO - main.py - train - 66 - 【train】 epoch:2 281/360 loss:0.0911
2024-05-18 08:39:14,036 - INFO - main.py - train - 66 - 【train】 epoch:2 282/360 loss:0.1773
2024-05-18 08:39:14,922 - INFO - main.py - train - 66 - 【train】 epoch:2 283/360 loss:0.0519
2024-05-18 08:39:15,807 - INFO - main.py - train - 66 - 【train】 epoch:2 284/360 loss:0.1245
2024-05-18 08:39:16,688 - INFO - main.py - train - 66 - 【train】 epoch:2 285/360 loss:0.1929
2024-05-18 08:39:17,568 - INFO - main.py - train - 66 - 【train】 epoch:2 286/360 loss:0.1404
2024-05-18 08:39:18,446 - INFO - main.py - train - 66 - 【train】 epoch:2 287/360 loss:0.1697
2024-05-18 08:39:19,332 - INFO - main.py - train - 66 - 【train】 epoch:2 288/360 loss:0.0942
2024-05-18 08:39:20,222 - INFO - main.py - train - 66 - 【train】 epoch:2 289/360 loss:0.1744
2024-05-18 08:39:21,110 - INFO - main.py - train - 66 - 【train】 epoch:2 290/360 loss:0.1056
2024-05-18 08:39:21,993 - INFO - main.py - train - 66 - 【train】 epoch:2 291/360 loss:0.1516
2024-05-18 08:39:22,882 - INFO - main.py - train - 66 - 【train】 epoch:2 292/360 loss:0.1568
2024-05-18 08:39:23,767 - INFO - main.py - train - 66 - 【train】 epoch:2 293/360 loss:0.1776
2024-05-18 08:39:24,654 - INFO - main.py - train - 66 - 【train】 epoch:2 294/360 loss:0.0975
2024-05-18 08:39:25,546 - INFO - main.py - train - 66 - 【train】 epoch:2 295/360 loss:0.1893
2024-05-18 08:39:26,442 - INFO - main.py - train - 66 - 【train】 epoch:2 296/360 loss:0.1627
2024-05-18 08:39:27,328 - INFO - main.py - train - 66 - 【train】 epoch:2 297/360 loss:0.1594
2024-05-18 08:39:28,223 - INFO - main.py - train - 66 - 【train】 epoch:2 298/360 loss:0.1711
2024-05-18 08:39:29,115 - INFO - main.py - train - 66 - 【train】 epoch:2 299/360 loss:0.1619
2024-05-18 08:39:30,009 - INFO - main.py - train - 66 - 【train】 epoch:2 300/360 loss:0.1467
2024-05-18 08:39:30,902 - INFO - main.py - train - 66 - 【train】 epoch:2 301/360 loss:0.1436
2024-05-18 08:39:31,798 - INFO - main.py - train - 66 - 【train】 epoch:2 302/360 loss:0.1545
2024-05-18 08:39:32,693 - INFO - main.py - train - 66 - 【train】 epoch:2 303/360 loss:0.1069
2024-05-18 08:39:33,581 - INFO - main.py - train - 66 - 【train】 epoch:2 304/360 loss:0.1319
2024-05-18 08:39:34,470 - INFO - main.py - train - 66 - 【train】 epoch:2 305/360 loss:0.1165
2024-05-18 08:39:35,363 - INFO - main.py - train - 66 - 【train】 epoch:2 306/360 loss:0.0941
2024-05-18 08:39:36,255 - INFO - main.py - train - 66 - 【train】 epoch:2 307/360 loss:0.1227
2024-05-18 08:39:37,150 - INFO - main.py - train - 66 - 【train】 epoch:2 308/360 loss:0.1137
2024-05-18 08:39:38,048 - INFO - main.py - train - 66 - 【train】 epoch:2 309/360 loss:0.1760
2024-05-18 08:39:38,942 - INFO - main.py - train - 66 - 【train】 epoch:2 310/360 loss:0.1346
2024-05-18 08:39:39,834 - INFO - main.py - train - 66 - 【train】 epoch:2 311/360 loss:0.0826
2024-05-18 08:39:40,720 - INFO - main.py - train - 66 - 【train】 epoch:2 312/360 loss:0.0770
2024-05-18 08:39:41,614 - INFO - main.py - train - 66 - 【train】 epoch:2 313/360 loss:0.1775
2024-05-18 08:39:42,507 - INFO - main.py - train - 66 - 【train】 epoch:2 314/360 loss:0.1817
2024-05-18 08:39:43,401 - INFO - main.py - train - 66 - 【train】 epoch:2 315/360 loss:0.0516
2024-05-18 08:39:44,290 - INFO - main.py - train - 66 - 【train】 epoch:2 316/360 loss:0.1298
2024-05-18 08:39:45,182 - INFO - main.py - train - 66 - 【train】 epoch:2 317/360 loss:0.2058
2024-05-18 08:39:46,078 - INFO - main.py - train - 66 - 【train】 epoch:2 318/360 loss:0.2729
2024-05-18 08:39:46,967 - INFO - main.py - train - 66 - 【train】 epoch:2 319/360 loss:0.1111
2024-05-18 08:39:47,857 - INFO - main.py - train - 66 - 【train】 epoch:2 320/360 loss:0.1793
2024-05-18 08:39:48,747 - INFO - main.py - train - 66 - 【train】 epoch:2 321/360 loss:0.1115
2024-05-18 08:39:49,638 - INFO - main.py - train - 66 - 【train】 epoch:2 322/360 loss:0.2257
2024-05-18 08:39:50,528 - INFO - main.py - train - 66 - 【train】 epoch:2 323/360 loss:0.0962
2024-05-18 08:39:51,421 - INFO - main.py - train - 66 - 【train】 epoch:2 324/360 loss:0.1254
2024-05-18 08:39:52,314 - INFO - main.py - train - 66 - 【train】 epoch:2 325/360 loss:0.2161
2024-05-18 08:39:53,200 - INFO - main.py - train - 66 - 【train】 epoch:2 326/360 loss:0.2500
2024-05-18 08:39:54,091 - INFO - main.py - train - 66 - 【train】 epoch:2 327/360 loss:0.1108
2024-05-18 08:39:54,981 - INFO - main.py - train - 66 - 【train】 epoch:2 328/360 loss:0.1150
2024-05-18 08:39:55,864 - INFO - main.py - train - 66 - 【train】 epoch:2 329/360 loss:0.0849
2024-05-18 08:39:56,757 - INFO - main.py - train - 66 - 【train】 epoch:2 330/360 loss:0.1065
2024-05-18 08:39:57,641 - INFO - main.py - train - 66 - 【train】 epoch:2 331/360 loss:0.1401
2024-05-18 08:39:58,523 - INFO - main.py - train - 66 - 【train】 epoch:2 332/360 loss:0.1580
2024-05-18 08:39:59,407 - INFO - main.py - train - 66 - 【train】 epoch:2 333/360 loss:0.1374
2024-05-18 08:40:00,295 - INFO - main.py - train - 66 - 【train】 epoch:2 334/360 loss:0.1854
2024-05-18 08:40:01,189 - INFO - main.py - train - 66 - 【train】 epoch:2 335/360 loss:0.1677
2024-05-18 08:40:02,068 - INFO - main.py - train - 66 - 【train】 epoch:2 336/360 loss:0.1318
2024-05-18 08:40:02,949 - INFO - main.py - train - 66 - 【train】 epoch:2 337/360 loss:0.0975
2024-05-18 08:40:03,837 - INFO - main.py - train - 66 - 【train】 epoch:2 338/360 loss:0.1094
2024-05-18 08:40:04,722 - INFO - main.py - train - 66 - 【train】 epoch:2 339/360 loss:0.1677
2024-05-18 08:40:05,610 - INFO - main.py - train - 66 - 【train】 epoch:2 340/360 loss:0.1008
2024-05-18 08:40:06,501 - INFO - main.py - train - 66 - 【train】 epoch:2 341/360 loss:0.0901
2024-05-18 08:40:07,382 - INFO - main.py - train - 66 - 【train】 epoch:2 342/360 loss:0.2001
2024-05-18 08:40:08,264 - INFO - main.py - train - 66 - 【train】 epoch:2 343/360 loss:0.0712
2024-05-18 08:40:09,145 - INFO - main.py - train - 66 - 【train】 epoch:2 344/360 loss:0.0620
2024-05-18 08:40:10,031 - INFO - main.py - train - 66 - 【train】 epoch:2 345/360 loss:0.1624
2024-05-18 08:40:10,912 - INFO - main.py - train - 66 - 【train】 epoch:2 346/360 loss:0.1690
2024-05-18 08:40:11,794 - INFO - main.py - train - 66 - 【train】 epoch:2 347/360 loss:0.1417
2024-05-18 08:40:12,684 - INFO - main.py - train - 66 - 【train】 epoch:2 348/360 loss:0.1048
2024-05-18 08:40:13,563 - INFO - main.py - train - 66 - 【train】 epoch:2 349/360 loss:0.1149
2024-05-18 08:40:14,442 - INFO - main.py - train - 66 - 【train】 epoch:2 350/360 loss:0.1370
2024-05-18 08:40:15,325 - INFO - main.py - train - 66 - 【train】 epoch:2 351/360 loss:0.1578
2024-05-18 08:40:16,201 - INFO - main.py - train - 66 - 【train】 epoch:2 352/360 loss:0.0954
2024-05-18 08:40:17,085 - INFO - main.py - train - 66 - 【train】 epoch:2 353/360 loss:0.1111
2024-05-18 08:40:17,958 - INFO - main.py - train - 66 - 【train】 epoch:2 354/360 loss:0.0695
2024-05-18 08:40:18,846 - INFO - main.py - train - 66 - 【train】 epoch:2 355/360 loss:0.1909
2024-05-18 08:40:19,732 - INFO - main.py - train - 66 - 【train】 epoch:2 356/360 loss:0.1034
2024-05-18 08:40:20,610 - INFO - main.py - train - 66 - 【train】 epoch:2 357/360 loss:0.1319
2024-05-18 08:40:21,491 - INFO - main.py - train - 66 - 【train】 epoch:2 358/360 loss:0.1626
2024-05-18 08:40:21,869 - INFO - main.py - train - 66 - 【train】 epoch:2 359/360 loss:0.1084
2024-05-18 08:40:26,629 - INFO - main.py - train - 74 - [eval] loss:2.1605 precision=0.9405 recall=0.8595 f1_score=0.8982
2024-05-18 08:40:26,631 - INFO - trainUtils.py - save_model - 70 - Saving model checkpoint to ./checkpoints/bert_bilstm_cner
2024-05-18 08:40:28,972 - INFO - trainUtils.py - load_model_and_parallel - 96 - Load ckpt from ./checkpoints/bert_bilstm_cner/model.pt
2024-05-18 08:40:29,565 - INFO - trainUtils.py - load_model_and_parallel - 113 - Use single gpu in: ['0']
2024-05-18 08:40:34,815 - INFO - main.py - test - 158 -           precision    recall  f1-score   support

     PRO       0.92      0.34      0.50        35
     ORG       0.94      0.91      0.93       571
    CONT       0.78      1.00      0.88        28
    RACE       0.00      0.00      0.00        14
    NAME       1.00      1.00      1.00       112
     EDU       0.99      0.95      0.97       115
     LOC       0.00      0.00      0.00         6
   TITLE       0.94      0.85      0.89       854

micro-f1       0.95      0.87      0.91      1735

2024-05-18 08:40:34,818 - INFO - main.py - <module> - 284 - 虞兔良先生：1963年12月出生，汉族，中国国籍，无境外永久居留权，浙江绍兴人，中共党员，MBA，经济师。
2024-05-18 08:40:36,385 - INFO - trainUtils.py - load_model_and_parallel - 96 - Load ckpt from ./checkpoints/bert_bilstm_cner/model.pt
2024-05-18 08:40:37,158 - INFO - trainUtils.py - load_model_and_parallel - 113 - Use single gpu in: ['0']
2024-05-18 08:40:37,856 - INFO - main.py - predict - 194 - {'NAME': [('虞兔良', 0)], 'CONT': [('中国国籍', 20)], 'TITLE': [('中共党员', 40), ('经济师', 49)], 'EDU': [('MBA', 45)]}
