2024-05-12 09:18:09,205 - INFO - main.py - <module> - 253 - {0: 'O', 1: 'B-PRO', 2: 'I-PRO', 3: 'E-PRO', 4: 'S-PRO', 5: 'B-ORG', 6: 'I-ORG', 7: 'E-ORG', 8: 'S-ORG', 9: 'B-CONT', 10: 'I-CONT', 11: 'E-CONT', 12: 'S-CONT', 13: 'B-RACE', 14: 'I-RACE', 15: 'E-RACE', 16: 'S-RACE', 17: 'B-NAME', 18: 'I-NAME', 19: 'E-NAME', 20: 'S-NAME', 21: 'B-EDU', 22: 'I-EDU', 23: 'E-EDU', 24: 'S-EDU', 25: 'B-LOC', 26: 'I-LOC', 27: 'E-LOC', 28: 'S-LOC', 29: 'B-TITLE', 30: 'I-TITLE', 31: 'E-TITLE', 32: 'S-TITLE'}
2024-05-12 09:18:09,206 - INFO - main.py - <module> - 255 - Namespace(output_dir='./checkpoints/', bert_dir='./model_hub/chinese-bert-wwm-ext/', data_dir='./data/cner', log_dir='./logs/', num_tags=33, seed=123, gpu_ids='0', max_seq_len=150, eval_batch_size=32, swa_start=3, train_epochs=3, dropout_prob=0.3, lr=3e-05, other_lr=0.0003, crf_lr=0.03, max_grad_norm=1.0, warmup_proportion=0.1, weight_decay=0.01, adam_epsilon=1e-08, train_batch_size=32, use_lstm='True', lstm_hidden=128, num_layers=1, dropout=0.3, use_crf='True', use_idcnn='False', data_name='cner', model_name='bert_bilstm_crf', use_tensorboard='True', use_kd='False')
2024-05-12 09:18:29,589 - INFO - trainUtils.py - load_model_and_parallel - 113 - Use single gpu in: ['0']
2024-05-12 09:19:58,226 - INFO - main.py - train - 66 - 【train】 epoch:0 0/360 loss:119.2796
2024-05-12 09:19:59,164 - INFO - main.py - train - 66 - 【train】 epoch:0 1/360 loss:112.0858
2024-05-12 09:20:00,103 - INFO - main.py - train - 66 - 【train】 epoch:0 2/360 loss:130.8867
2024-05-12 09:20:01,033 - INFO - main.py - train - 66 - 【train】 epoch:0 3/360 loss:126.4118
2024-05-12 09:20:02,020 - INFO - main.py - train - 66 - 【train】 epoch:0 4/360 loss:126.5249
2024-05-12 09:20:02,888 - INFO - main.py - train - 66 - 【train】 epoch:0 5/360 loss:123.9290
2024-05-12 09:20:03,758 - INFO - main.py - train - 66 - 【train】 epoch:0 6/360 loss:118.8610
2024-05-12 09:20:04,627 - INFO - main.py - train - 66 - 【train】 epoch:0 7/360 loss:101.3715
2024-05-12 09:20:05,502 - INFO - main.py - train - 66 - 【train】 epoch:0 8/360 loss:91.1080
2024-05-12 09:20:06,378 - INFO - main.py - train - 66 - 【train】 epoch:0 9/360 loss:114.6993
2024-05-12 09:20:07,257 - INFO - main.py - train - 66 - 【train】 epoch:0 10/360 loss:91.3220
2024-05-12 09:20:08,147 - INFO - main.py - train - 66 - 【train】 epoch:0 11/360 loss:91.0523
2024-05-12 09:20:09,023 - INFO - main.py - train - 66 - 【train】 epoch:0 12/360 loss:96.3610
2024-05-12 09:20:09,898 - INFO - main.py - train - 66 - 【train】 epoch:0 13/360 loss:80.8844
2024-05-12 09:20:10,782 - INFO - main.py - train - 66 - 【train】 epoch:0 14/360 loss:94.2487
2024-05-12 09:20:11,662 - INFO - main.py - train - 66 - 【train】 epoch:0 15/360 loss:71.6079
2024-05-12 09:20:12,561 - INFO - main.py - train - 66 - 【train】 epoch:0 16/360 loss:73.4698
2024-05-12 09:20:13,517 - INFO - main.py - train - 66 - 【train】 epoch:0 17/360 loss:85.2577
2024-05-12 09:20:14,463 - INFO - main.py - train - 66 - 【train】 epoch:0 18/360 loss:61.1319
2024-05-12 09:20:15,462 - INFO - main.py - train - 66 - 【train】 epoch:0 19/360 loss:87.2789
2024-05-12 09:20:16,457 - INFO - main.py - train - 66 - 【train】 epoch:0 20/360 loss:66.1245
2024-05-12 09:20:17,341 - INFO - main.py - train - 66 - 【train】 epoch:0 21/360 loss:46.8705
2024-05-12 09:20:18,229 - INFO - main.py - train - 66 - 【train】 epoch:0 22/360 loss:47.7294
2024-05-12 09:20:19,120 - INFO - main.py - train - 66 - 【train】 epoch:0 23/360 loss:64.5556
2024-05-12 09:20:20,018 - INFO - main.py - train - 66 - 【train】 epoch:0 24/360 loss:55.4814
2024-05-12 09:20:20,889 - INFO - main.py - train - 66 - 【train】 epoch:0 25/360 loss:66.8362
2024-05-12 09:20:21,774 - INFO - main.py - train - 66 - 【train】 epoch:0 26/360 loss:41.1036
2024-05-12 09:20:22,669 - INFO - main.py - train - 66 - 【train】 epoch:0 27/360 loss:43.2935
2024-05-12 09:20:23,566 - INFO - main.py - train - 66 - 【train】 epoch:0 28/360 loss:52.6991
2024-05-12 09:20:24,458 - INFO - main.py - train - 66 - 【train】 epoch:0 29/360 loss:40.8638
2024-05-12 09:20:25,346 - INFO - main.py - train - 66 - 【train】 epoch:0 30/360 loss:36.7389
2024-05-12 09:20:26,243 - INFO - main.py - train - 66 - 【train】 epoch:0 31/360 loss:42.8028
2024-05-12 09:20:27,198 - INFO - main.py - train - 66 - 【train】 epoch:0 32/360 loss:39.5947
2024-05-12 09:20:28,149 - INFO - main.py - train - 66 - 【train】 epoch:0 33/360 loss:30.5786
2024-05-12 09:20:29,125 - INFO - main.py - train - 66 - 【train】 epoch:0 34/360 loss:27.5838
2024-05-12 09:20:30,132 - INFO - main.py - train - 66 - 【train】 epoch:0 35/360 loss:23.2335
2024-05-12 09:20:31,037 - INFO - main.py - train - 66 - 【train】 epoch:0 36/360 loss:28.0535
2024-05-12 09:20:31,945 - INFO - main.py - train - 66 - 【train】 epoch:0 37/360 loss:23.0531
2024-05-12 09:20:32,854 - INFO - main.py - train - 66 - 【train】 epoch:0 38/360 loss:24.8943
2024-05-12 09:20:33,756 - INFO - main.py - train - 66 - 【train】 epoch:0 39/360 loss:19.2569
2024-05-12 09:20:34,655 - INFO - main.py - train - 66 - 【train】 epoch:0 40/360 loss:23.0466
2024-05-12 09:20:35,566 - INFO - main.py - train - 66 - 【train】 epoch:0 41/360 loss:15.9759
2024-05-12 09:20:36,479 - INFO - main.py - train - 66 - 【train】 epoch:0 42/360 loss:12.6901
2024-05-12 09:20:37,397 - INFO - main.py - train - 66 - 【train】 epoch:0 43/360 loss:19.5258
2024-05-12 09:20:38,312 - INFO - main.py - train - 66 - 【train】 epoch:0 44/360 loss:20.8599
2024-05-12 09:20:39,225 - INFO - main.py - train - 66 - 【train】 epoch:0 45/360 loss:23.5573
2024-05-12 09:20:40,160 - INFO - main.py - train - 66 - 【train】 epoch:0 46/360 loss:16.3537
2024-05-12 09:20:41,149 - INFO - main.py - train - 66 - 【train】 epoch:0 47/360 loss:17.6737
2024-05-12 09:20:42,126 - INFO - main.py - train - 66 - 【train】 epoch:0 48/360 loss:12.8780
2024-05-12 09:20:43,230 - INFO - main.py - train - 66 - 【train】 epoch:0 49/360 loss:10.9604
2024-05-12 09:20:44,224 - INFO - main.py - train - 66 - 【train】 epoch:0 50/360 loss:11.9249
2024-05-12 09:20:45,262 - INFO - main.py - train - 66 - 【train】 epoch:0 51/360 loss:12.0175
2024-05-12 09:20:46,240 - INFO - main.py - train - 66 - 【train】 epoch:0 52/360 loss:15.2054
2024-05-12 09:20:47,262 - INFO - main.py - train - 66 - 【train】 epoch:0 53/360 loss:12.5730
2024-05-12 09:20:48,210 - INFO - main.py - train - 66 - 【train】 epoch:0 54/360 loss:11.7771
2024-05-12 09:20:49,147 - INFO - main.py - train - 66 - 【train】 epoch:0 55/360 loss:13.0461
2024-05-12 09:20:50,078 - INFO - main.py - train - 66 - 【train】 epoch:0 56/360 loss:6.9285
2024-05-12 09:20:51,010 - INFO - main.py - train - 66 - 【train】 epoch:0 57/360 loss:11.6055
2024-05-12 09:20:51,946 - INFO - main.py - train - 66 - 【train】 epoch:0 58/360 loss:13.6065
2024-05-12 09:20:52,890 - INFO - main.py - train - 66 - 【train】 epoch:0 59/360 loss:9.8344
2024-05-12 09:20:53,830 - INFO - main.py - train - 66 - 【train】 epoch:0 60/360 loss:8.3546
2024-05-12 09:20:54,787 - INFO - main.py - train - 66 - 【train】 epoch:0 61/360 loss:7.6159
2024-05-12 09:20:55,795 - INFO - main.py - train - 66 - 【train】 epoch:0 62/360 loss:6.5603
2024-05-12 09:20:56,830 - INFO - main.py - train - 66 - 【train】 epoch:0 63/360 loss:7.5853
2024-05-12 09:20:57,794 - INFO - main.py - train - 66 - 【train】 epoch:0 64/360 loss:8.9052
2024-05-12 09:20:58,815 - INFO - main.py - train - 66 - 【train】 epoch:0 65/360 loss:7.3284
2024-05-12 09:20:59,747 - INFO - main.py - train - 66 - 【train】 epoch:0 66/360 loss:9.2519
2024-05-12 09:21:00,697 - INFO - main.py - train - 66 - 【train】 epoch:0 67/360 loss:6.1214
2024-05-12 09:21:01,636 - INFO - main.py - train - 66 - 【train】 epoch:0 68/360 loss:12.8654
2024-05-12 09:21:02,573 - INFO - main.py - train - 66 - 【train】 epoch:0 69/360 loss:6.6649
2024-05-12 09:21:03,517 - INFO - main.py - train - 66 - 【train】 epoch:0 70/360 loss:6.2403
2024-05-12 09:21:04,462 - INFO - main.py - train - 66 - 【train】 epoch:0 71/360 loss:5.2868
2024-05-12 09:21:05,405 - INFO - main.py - train - 66 - 【train】 epoch:0 72/360 loss:5.5751
2024-05-12 09:21:06,348 - INFO - main.py - train - 66 - 【train】 epoch:0 73/360 loss:6.0638
2024-05-12 09:21:07,300 - INFO - main.py - train - 66 - 【train】 epoch:0 74/360 loss:7.2056
2024-05-12 09:21:08,250 - INFO - main.py - train - 66 - 【train】 epoch:0 75/360 loss:5.3759
2024-05-12 09:21:09,212 - INFO - main.py - train - 66 - 【train】 epoch:0 76/360 loss:6.9193
2024-05-12 09:21:10,252 - INFO - main.py - train - 66 - 【train】 epoch:0 77/360 loss:5.9339
2024-05-12 09:21:11,286 - INFO - main.py - train - 66 - 【train】 epoch:0 78/360 loss:5.4247
2024-05-12 09:21:12,348 - INFO - main.py - train - 66 - 【train】 epoch:0 79/360 loss:3.4486
2024-05-12 09:21:13,413 - INFO - main.py - train - 66 - 【train】 epoch:0 80/360 loss:3.7193
2024-05-12 09:21:14,383 - INFO - main.py - train - 66 - 【train】 epoch:0 81/360 loss:6.4189
2024-05-12 09:21:15,356 - INFO - main.py - train - 66 - 【train】 epoch:0 82/360 loss:7.0174
2024-05-12 09:21:16,320 - INFO - main.py - train - 66 - 【train】 epoch:0 83/360 loss:3.0460
2024-05-12 09:21:17,292 - INFO - main.py - train - 66 - 【train】 epoch:0 84/360 loss:3.7640
2024-05-12 09:21:18,258 - INFO - main.py - train - 66 - 【train】 epoch:0 85/360 loss:3.5967
2024-05-12 09:21:19,232 - INFO - main.py - train - 66 - 【train】 epoch:0 86/360 loss:6.4197
2024-05-12 09:21:20,203 - INFO - main.py - train - 66 - 【train】 epoch:0 87/360 loss:5.8154
2024-05-12 09:21:21,184 - INFO - main.py - train - 66 - 【train】 epoch:0 88/360 loss:4.3432
2024-05-12 09:21:22,161 - INFO - main.py - train - 66 - 【train】 epoch:0 89/360 loss:5.3297
2024-05-12 09:24:58,861 - INFO - main.py - train - 74 - [eval] loss:71.2637 precision=0.8989 recall=0.8445 f1_score=0.8709
2024-05-12 09:24:58,862 - INFO - trainUtils.py - save_model - 70 - Saving model checkpoint to ./checkpoints/bert_bilstm_crf_cner
2024-05-12 09:25:01,174 - INFO - main.py - train - 66 - 【train】 epoch:0 90/360 loss:3.8712
2024-05-12 09:25:02,190 - INFO - main.py - train - 66 - 【train】 epoch:0 91/360 loss:4.1422
2024-05-12 09:25:03,209 - INFO - main.py - train - 66 - 【train】 epoch:0 92/360 loss:4.1072
2024-05-12 09:25:04,264 - INFO - main.py - train - 66 - 【train】 epoch:0 93/360 loss:4.5647
2024-05-12 09:25:05,230 - INFO - main.py - train - 66 - 【train】 epoch:0 94/360 loss:4.9327
2024-05-12 09:25:06,197 - INFO - main.py - train - 66 - 【train】 epoch:0 95/360 loss:2.7512
2024-05-12 09:25:07,176 - INFO - main.py - train - 66 - 【train】 epoch:0 96/360 loss:4.7716
2024-05-12 09:25:08,158 - INFO - main.py - train - 66 - 【train】 epoch:0 97/360 loss:5.3250
2024-05-12 09:25:09,139 - INFO - main.py - train - 66 - 【train】 epoch:0 98/360 loss:3.7402
2024-05-12 09:25:10,166 - INFO - main.py - train - 66 - 【train】 epoch:0 99/360 loss:6.6782
2024-05-12 09:25:11,199 - INFO - main.py - train - 66 - 【train】 epoch:0 100/360 loss:7.0271
2024-05-12 09:25:12,254 - INFO - main.py - train - 66 - 【train】 epoch:0 101/360 loss:3.5729
2024-05-12 09:25:13,302 - INFO - main.py - train - 66 - 【train】 epoch:0 102/360 loss:2.7960
2024-05-12 09:25:14,333 - INFO - main.py - train - 66 - 【train】 epoch:0 103/360 loss:4.3478
2024-05-12 09:25:15,467 - INFO - main.py - train - 66 - 【train】 epoch:0 104/360 loss:6.4187
2024-05-12 09:25:16,627 - INFO - main.py - train - 66 - 【train】 epoch:0 105/360 loss:2.8507
2024-05-12 09:25:17,713 - INFO - main.py - train - 66 - 【train】 epoch:0 106/360 loss:5.4984
2024-05-12 09:25:18,803 - INFO - main.py - train - 66 - 【train】 epoch:0 107/360 loss:4.6116
2024-05-12 09:25:19,797 - INFO - main.py - train - 66 - 【train】 epoch:0 108/360 loss:4.9056
2024-05-12 09:25:20,805 - INFO - main.py - train - 66 - 【train】 epoch:0 109/360 loss:5.6318
2024-05-12 09:25:21,806 - INFO - main.py - train - 66 - 【train】 epoch:0 110/360 loss:5.3665
2024-05-12 09:25:22,827 - INFO - main.py - train - 66 - 【train】 epoch:0 111/360 loss:4.0968
2024-05-12 09:25:23,838 - INFO - main.py - train - 66 - 【train】 epoch:0 112/360 loss:3.5445
2024-05-12 09:25:24,850 - INFO - main.py - train - 66 - 【train】 epoch:0 113/360 loss:3.4978
2024-05-12 09:25:25,859 - INFO - main.py - train - 66 - 【train】 epoch:0 114/360 loss:1.2284
2024-05-12 09:25:26,880 - INFO - main.py - train - 66 - 【train】 epoch:0 115/360 loss:2.9629
2024-05-12 09:25:27,906 - INFO - main.py - train - 66 - 【train】 epoch:0 116/360 loss:7.2736
2024-05-12 09:25:28,974 - INFO - main.py - train - 66 - 【train】 epoch:0 117/360 loss:1.8736
2024-05-12 09:25:30,101 - INFO - main.py - train - 66 - 【train】 epoch:0 118/360 loss:3.9253
2024-05-12 09:28:45,148 - INFO - main.py - train - 66 - 【train】 epoch:0 119/360 loss:2.7727
2024-05-12 09:28:46,280 - INFO - main.py - train - 66 - 【train】 epoch:1 120/360 loss:3.3797
2024-05-12 09:28:47,275 - INFO - main.py - train - 66 - 【train】 epoch:1 121/360 loss:3.2444
2024-05-12 09:28:48,250 - INFO - main.py - train - 66 - 【train】 epoch:1 122/360 loss:4.4404
2024-05-12 09:28:49,220 - INFO - main.py - train - 66 - 【train】 epoch:1 123/360 loss:2.4531
2024-05-12 09:28:50,233 - INFO - main.py - train - 66 - 【train】 epoch:1 124/360 loss:3.9354
2024-05-12 09:28:51,298 - INFO - main.py - train - 66 - 【train】 epoch:1 125/360 loss:1.4914
2024-05-12 09:28:52,359 - INFO - main.py - train - 66 - 【train】 epoch:1 126/360 loss:1.9466
2024-05-12 09:28:53,461 - INFO - main.py - train - 66 - 【train】 epoch:1 127/360 loss:2.6318
2024-05-12 09:28:54,533 - INFO - main.py - train - 66 - 【train】 epoch:1 128/360 loss:2.8594
2024-05-12 09:28:55,555 - INFO - main.py - train - 66 - 【train】 epoch:1 129/360 loss:2.8142
2024-05-12 09:28:56,557 - INFO - main.py - train - 66 - 【train】 epoch:1 130/360 loss:2.1038
2024-05-12 09:28:57,561 - INFO - main.py - train - 66 - 【train】 epoch:1 131/360 loss:2.8517
2024-05-12 09:28:58,572 - INFO - main.py - train - 66 - 【train】 epoch:1 132/360 loss:4.5181
2024-05-12 09:28:59,582 - INFO - main.py - train - 66 - 【train】 epoch:1 133/360 loss:3.0643
2024-05-12 09:29:00,600 - INFO - main.py - train - 66 - 【train】 epoch:1 134/360 loss:3.3632
2024-05-12 09:29:01,622 - INFO - main.py - train - 66 - 【train】 epoch:1 135/360 loss:3.1104
2024-05-12 09:29:02,658 - INFO - main.py - train - 66 - 【train】 epoch:1 136/360 loss:2.0760
2024-05-12 09:29:03,688 - INFO - main.py - train - 66 - 【train】 epoch:1 137/360 loss:2.6721
2024-05-12 09:29:04,727 - INFO - main.py - train - 66 - 【train】 epoch:1 138/360 loss:3.2814
2024-05-12 09:29:05,820 - INFO - main.py - train - 66 - 【train】 epoch:1 139/360 loss:2.0121
2024-05-12 09:29:06,937 - INFO - main.py - train - 66 - 【train】 epoch:1 140/360 loss:1.6833
2024-05-12 09:29:08,062 - INFO - main.py - train - 66 - 【train】 epoch:1 141/360 loss:3.8095
2024-05-12 09:29:09,218 - INFO - main.py - train - 66 - 【train】 epoch:1 142/360 loss:4.4522
2024-05-12 09:29:10,268 - INFO - main.py - train - 66 - 【train】 epoch:1 143/360 loss:2.4804
2024-05-12 09:29:11,364 - INFO - main.py - train - 66 - 【train】 epoch:1 144/360 loss:5.5820
2024-05-12 09:29:12,386 - INFO - main.py - train - 66 - 【train】 epoch:1 145/360 loss:2.1377
2024-05-12 09:29:13,431 - INFO - main.py - train - 66 - 【train】 epoch:1 146/360 loss:1.9380
2024-05-12 09:29:14,445 - INFO - main.py - train - 66 - 【train】 epoch:1 147/360 loss:3.0024
2024-05-12 09:29:15,508 - INFO - main.py - train - 66 - 【train】 epoch:1 148/360 loss:3.4616
2024-05-12 09:29:16,519 - INFO - main.py - train - 66 - 【train】 epoch:1 149/360 loss:1.6965
2024-05-12 09:29:17,578 - INFO - main.py - train - 66 - 【train】 epoch:1 150/360 loss:3.5134
2024-05-12 09:29:18,573 - INFO - main.py - train - 66 - 【train】 epoch:1 151/360 loss:1.2504
2024-05-12 09:29:19,576 - INFO - main.py - train - 66 - 【train】 epoch:1 152/360 loss:3.0236
2024-05-12 09:29:20,606 - INFO - main.py - train - 66 - 【train】 epoch:1 153/360 loss:1.2011
2024-05-12 09:29:21,655 - INFO - main.py - train - 66 - 【train】 epoch:1 154/360 loss:3.8587
2024-05-12 09:29:22,727 - INFO - main.py - train - 66 - 【train】 epoch:1 155/360 loss:2.4631
2024-05-12 09:29:23,830 - INFO - main.py - train - 66 - 【train】 epoch:1 156/360 loss:3.1961
2024-05-12 09:29:24,818 - INFO - main.py - train - 66 - 【train】 epoch:1 157/360 loss:1.7539
2024-05-12 09:29:25,801 - INFO - main.py - train - 66 - 【train】 epoch:1 158/360 loss:2.7760
2024-05-12 09:29:26,785 - INFO - main.py - train - 66 - 【train】 epoch:1 159/360 loss:3.3677
2024-05-12 09:29:27,770 - INFO - main.py - train - 66 - 【train】 epoch:1 160/360 loss:2.9033
2024-05-12 09:29:28,740 - INFO - main.py - train - 66 - 【train】 epoch:1 161/360 loss:2.7001
2024-05-12 09:29:29,713 - INFO - main.py - train - 66 - 【train】 epoch:1 162/360 loss:2.7768
2024-05-12 09:29:30,680 - INFO - main.py - train - 66 - 【train】 epoch:1 163/360 loss:1.9653
2024-05-12 09:29:31,668 - INFO - main.py - train - 66 - 【train】 epoch:1 164/360 loss:1.8434
2024-05-12 09:29:32,645 - INFO - main.py - train - 66 - 【train】 epoch:1 165/360 loss:5.1837
2024-05-12 09:29:33,624 - INFO - main.py - train - 66 - 【train】 epoch:1 166/360 loss:3.3017
2024-05-12 09:29:34,614 - INFO - main.py - train - 66 - 【train】 epoch:1 167/360 loss:2.7150
2024-05-12 09:29:35,650 - INFO - main.py - train - 66 - 【train】 epoch:1 168/360 loss:3.7004
2024-05-12 09:29:36,679 - INFO - main.py - train - 66 - 【train】 epoch:1 169/360 loss:3.3779
2024-05-12 09:29:37,742 - INFO - main.py - train - 66 - 【train】 epoch:1 170/360 loss:1.0686
2024-05-12 09:29:38,818 - INFO - main.py - train - 66 - 【train】 epoch:1 171/360 loss:2.2269
2024-05-12 09:29:39,788 - INFO - main.py - train - 66 - 【train】 epoch:1 172/360 loss:2.9641
2024-05-12 09:29:40,738 - INFO - main.py - train - 66 - 【train】 epoch:1 173/360 loss:3.6918
2024-05-12 09:29:41,688 - INFO - main.py - train - 66 - 【train】 epoch:1 174/360 loss:2.0046
2024-05-12 09:29:42,641 - INFO - main.py - train - 66 - 【train】 epoch:1 175/360 loss:2.3001
2024-05-12 09:29:43,591 - INFO - main.py - train - 66 - 【train】 epoch:1 176/360 loss:1.6792
2024-05-12 09:29:44,533 - INFO - main.py - train - 66 - 【train】 epoch:1 177/360 loss:2.6863
2024-05-12 09:29:45,486 - INFO - main.py - train - 66 - 【train】 epoch:1 178/360 loss:3.0625
2024-05-12 09:29:46,448 - INFO - main.py - train - 66 - 【train】 epoch:1 179/360 loss:1.3299
2024-05-12 09:29:51,686 - INFO - main.py - train - 74 - [eval] loss:39.8934 precision=0.9346 recall=0.8926 f1_score=0.9131
2024-05-12 09:29:51,688 - INFO - trainUtils.py - save_model - 70 - Saving model checkpoint to ./checkpoints/bert_bilstm_crf_cner
2024-05-12 09:29:54,600 - INFO - main.py - train - 66 - 【train】 epoch:1 180/360 loss:1.7615
2024-05-12 09:29:55,548 - INFO - main.py - train - 66 - 【train】 epoch:1 181/360 loss:3.4630
2024-05-12 09:29:56,491 - INFO - main.py - train - 66 - 【train】 epoch:1 182/360 loss:1.5256
2024-05-12 09:29:57,437 - INFO - main.py - train - 66 - 【train】 epoch:1 183/360 loss:1.5230
2024-05-12 09:29:58,399 - INFO - main.py - train - 66 - 【train】 epoch:1 184/360 loss:3.1464
2024-05-12 09:29:59,360 - INFO - main.py - train - 66 - 【train】 epoch:1 185/360 loss:1.3806
2024-05-12 09:30:00,306 - INFO - main.py - train - 66 - 【train】 epoch:1 186/360 loss:1.9945
2024-05-12 09:30:01,264 - INFO - main.py - train - 66 - 【train】 epoch:1 187/360 loss:2.4526
2024-05-12 09:30:02,213 - INFO - main.py - train - 66 - 【train】 epoch:1 188/360 loss:1.6536
2024-05-12 09:30:03,212 - INFO - main.py - train - 66 - 【train】 epoch:1 189/360 loss:2.3952
2024-05-12 09:30:04,218 - INFO - main.py - train - 66 - 【train】 epoch:1 190/360 loss:2.1108
2024-05-12 09:30:05,301 - INFO - main.py - train - 66 - 【train】 epoch:1 191/360 loss:3.1942
2024-05-12 09:30:06,319 - INFO - main.py - train - 66 - 【train】 epoch:1 192/360 loss:1.0878
2024-05-12 09:30:07,450 - INFO - main.py - train - 66 - 【train】 epoch:1 193/360 loss:3.1753
2024-05-12 09:30:08,548 - INFO - main.py - train - 66 - 【train】 epoch:1 194/360 loss:2.7800
2024-05-12 09:30:09,579 - INFO - main.py - train - 66 - 【train】 epoch:1 195/360 loss:2.2622
2024-05-12 09:30:10,545 - INFO - main.py - train - 66 - 【train】 epoch:1 196/360 loss:3.4081
2024-05-12 09:30:11,512 - INFO - main.py - train - 66 - 【train】 epoch:1 197/360 loss:1.9731
2024-05-12 09:30:12,488 - INFO - main.py - train - 66 - 【train】 epoch:1 198/360 loss:1.4488
2024-05-12 09:30:13,459 - INFO - main.py - train - 66 - 【train】 epoch:1 199/360 loss:2.4509
2024-05-12 09:30:14,432 - INFO - main.py - train - 66 - 【train】 epoch:1 200/360 loss:2.0032
2024-05-12 09:30:15,415 - INFO - main.py - train - 66 - 【train】 epoch:1 201/360 loss:2.8205
2024-05-12 09:30:16,389 - INFO - main.py - train - 66 - 【train】 epoch:1 202/360 loss:2.0695
2024-05-12 09:30:17,360 - INFO - main.py - train - 66 - 【train】 epoch:1 203/360 loss:1.8978
2024-05-12 09:30:18,284 - INFO - main.py - train - 66 - 【train】 epoch:1 204/360 loss:1.7959
2024-05-12 09:30:19,285 - INFO - main.py - train - 66 - 【train】 epoch:1 205/360 loss:2.2247
2024-05-12 09:30:20,325 - INFO - main.py - train - 66 - 【train】 epoch:1 206/360 loss:1.3195
2024-05-12 09:30:21,372 - INFO - main.py - train - 66 - 【train】 epoch:1 207/360 loss:2.8281
2024-05-12 09:30:22,476 - INFO - main.py - train - 66 - 【train】 epoch:1 208/360 loss:2.4042
2024-05-12 09:30:23,593 - INFO - main.py - train - 66 - 【train】 epoch:1 209/360 loss:4.2169
2024-05-12 09:30:24,602 - INFO - main.py - train - 66 - 【train】 epoch:1 210/360 loss:3.4350
2024-05-12 09:30:25,612 - INFO - main.py - train - 66 - 【train】 epoch:1 211/360 loss:1.8799
2024-05-12 09:30:26,605 - INFO - main.py - train - 66 - 【train】 epoch:1 212/360 loss:1.8535
2024-05-12 09:30:27,614 - INFO - main.py - train - 66 - 【train】 epoch:1 213/360 loss:2.7053
2024-05-12 09:30:28,634 - INFO - main.py - train - 66 - 【train】 epoch:1 214/360 loss:2.4223
2024-05-12 09:30:29,634 - INFO - main.py - train - 66 - 【train】 epoch:1 215/360 loss:2.9631
2024-05-12 09:30:30,665 - INFO - main.py - train - 66 - 【train】 epoch:1 216/360 loss:2.0044
2024-05-12 09:30:31,656 - INFO - main.py - train - 66 - 【train】 epoch:1 217/360 loss:1.2409
2024-05-12 09:30:32,649 - INFO - main.py - train - 66 - 【train】 epoch:1 218/360 loss:2.4788
2024-05-12 09:30:33,647 - INFO - main.py - train - 66 - 【train】 epoch:1 219/360 loss:2.3556
2024-05-12 09:30:34,713 - INFO - main.py - train - 66 - 【train】 epoch:1 220/360 loss:2.0441
2024-05-12 09:30:35,775 - INFO - main.py - train - 66 - 【train】 epoch:1 221/360 loss:0.9251
2024-05-12 09:30:36,875 - INFO - main.py - train - 66 - 【train】 epoch:1 222/360 loss:2.4014
2024-05-12 09:30:37,936 - INFO - main.py - train - 66 - 【train】 epoch:1 223/360 loss:1.4390
2024-05-12 09:30:38,947 - INFO - main.py - train - 66 - 【train】 epoch:1 224/360 loss:2.1598
2024-05-12 09:30:39,917 - INFO - main.py - train - 66 - 【train】 epoch:1 225/360 loss:2.2739
2024-05-12 09:30:40,919 - INFO - main.py - train - 66 - 【train】 epoch:1 226/360 loss:1.8582
2024-05-12 09:30:41,920 - INFO - main.py - train - 66 - 【train】 epoch:1 227/360 loss:2.9262
2024-05-12 09:30:42,924 - INFO - main.py - train - 66 - 【train】 epoch:1 228/360 loss:2.6107
2024-05-12 09:30:43,919 - INFO - main.py - train - 66 - 【train】 epoch:1 229/360 loss:2.1325
2024-05-12 09:30:44,915 - INFO - main.py - train - 66 - 【train】 epoch:1 230/360 loss:2.4293
2024-05-12 09:30:45,897 - INFO - main.py - train - 66 - 【train】 epoch:1 231/360 loss:1.3518
2024-05-12 09:30:46,868 - INFO - main.py - train - 66 - 【train】 epoch:1 232/360 loss:3.6693
2024-05-12 09:30:47,838 - INFO - main.py - train - 66 - 【train】 epoch:1 233/360 loss:1.5997
2024-05-12 09:30:48,848 - INFO - main.py - train - 66 - 【train】 epoch:1 234/360 loss:1.7876
2024-05-12 09:30:49,916 - INFO - main.py - train - 66 - 【train】 epoch:1 235/360 loss:1.7056
2024-05-12 09:30:50,956 - INFO - main.py - train - 66 - 【train】 epoch:1 236/360 loss:2.7942
2024-05-12 09:30:52,014 - INFO - main.py - train - 66 - 【train】 epoch:1 237/360 loss:1.3489
2024-05-12 09:30:53,068 - INFO - main.py - train - 66 - 【train】 epoch:1 238/360 loss:1.2008
2024-05-12 09:30:53,565 - INFO - main.py - train - 66 - 【train】 epoch:1 239/360 loss:1.1726
2024-05-12 09:30:54,706 - INFO - main.py - train - 66 - 【train】 epoch:2 240/360 loss:1.8512
2024-05-12 09:30:55,695 - INFO - main.py - train - 66 - 【train】 epoch:2 241/360 loss:2.0027
2024-05-12 09:30:56,666 - INFO - main.py - train - 66 - 【train】 epoch:2 242/360 loss:1.4028
2024-05-12 09:30:57,640 - INFO - main.py - train - 66 - 【train】 epoch:2 243/360 loss:1.5700
2024-05-12 09:30:58,609 - INFO - main.py - train - 66 - 【train】 epoch:2 244/360 loss:1.1251
2024-05-12 09:30:59,573 - INFO - main.py - train - 66 - 【train】 epoch:2 245/360 loss:1.2781
2024-05-12 09:31:00,547 - INFO - main.py - train - 66 - 【train】 epoch:2 246/360 loss:2.9424
2024-05-12 09:31:01,591 - INFO - main.py - train - 66 - 【train】 epoch:2 247/360 loss:2.2667
2024-05-12 09:31:02,634 - INFO - main.py - train - 66 - 【train】 epoch:2 248/360 loss:1.7936
2024-05-12 09:31:03,744 - INFO - main.py - train - 66 - 【train】 epoch:2 249/360 loss:2.5709
2024-05-12 09:31:04,819 - INFO - main.py - train - 66 - 【train】 epoch:2 250/360 loss:1.7819
2024-05-12 09:31:05,926 - INFO - main.py - train - 66 - 【train】 epoch:2 251/360 loss:2.1924
2024-05-12 09:31:07,016 - INFO - main.py - train - 66 - 【train】 epoch:2 252/360 loss:2.4989
2024-05-12 09:31:08,051 - INFO - main.py - train - 66 - 【train】 epoch:2 253/360 loss:1.7309
2024-05-12 09:31:09,101 - INFO - main.py - train - 66 - 【train】 epoch:2 254/360 loss:1.9233
2024-05-12 09:31:10,091 - INFO - main.py - train - 66 - 【train】 epoch:2 255/360 loss:0.8058
2024-05-12 09:31:11,074 - INFO - main.py - train - 66 - 【train】 epoch:2 256/360 loss:1.2338
2024-05-12 09:31:12,045 - INFO - main.py - train - 66 - 【train】 epoch:2 257/360 loss:0.7276
2024-05-12 09:31:13,020 - INFO - main.py - train - 66 - 【train】 epoch:2 258/360 loss:1.6247
2024-05-12 09:31:13,987 - INFO - main.py - train - 66 - 【train】 epoch:2 259/360 loss:1.1410
2024-05-12 09:31:14,953 - INFO - main.py - train - 66 - 【train】 epoch:2 260/360 loss:2.0458
2024-05-12 09:31:15,908 - INFO - main.py - train - 66 - 【train】 epoch:2 261/360 loss:1.6449
2024-05-12 09:31:16,883 - INFO - main.py - train - 66 - 【train】 epoch:2 262/360 loss:1.3933
2024-05-12 09:31:17,836 - INFO - main.py - train - 66 - 【train】 epoch:2 263/360 loss:1.3383
2024-05-12 09:31:18,796 - INFO - main.py - train - 66 - 【train】 epoch:2 264/360 loss:0.7748
2024-05-12 09:31:19,759 - INFO - main.py - train - 66 - 【train】 epoch:2 265/360 loss:1.8986
2024-05-12 09:31:20,773 - INFO - main.py - train - 66 - 【train】 epoch:2 266/360 loss:1.2650
2024-05-12 09:31:21,790 - INFO - main.py - train - 66 - 【train】 epoch:2 267/360 loss:1.3228
2024-05-12 09:31:22,851 - INFO - main.py - train - 66 - 【train】 epoch:2 268/360 loss:0.9515
2024-05-12 09:31:23,907 - INFO - main.py - train - 66 - 【train】 epoch:2 269/360 loss:1.0769
2024-05-12 09:31:29,077 - INFO - main.py - train - 74 - [eval] loss:27.7795 precision=0.9397 recall=0.8957 f1_score=0.9172
2024-05-12 09:31:29,078 - INFO - trainUtils.py - save_model - 70 - Saving model checkpoint to ./checkpoints/bert_bilstm_crf_cner
2024-05-12 09:31:31,400 - INFO - main.py - train - 66 - 【train】 epoch:2 270/360 loss:1.5214
2024-05-12 09:31:32,369 - INFO - main.py - train - 66 - 【train】 epoch:2 271/360 loss:1.3014
2024-05-12 09:31:33,336 - INFO - main.py - train - 66 - 【train】 epoch:2 272/360 loss:0.9584
2024-05-12 09:31:34,302 - INFO - main.py - train - 66 - 【train】 epoch:2 273/360 loss:2.5483
2024-05-12 09:31:35,316 - INFO - main.py - train - 66 - 【train】 epoch:2 274/360 loss:1.1881
2024-05-12 09:31:36,349 - INFO - main.py - train - 66 - 【train】 epoch:2 275/360 loss:2.3562
2024-05-12 09:31:37,396 - INFO - main.py - train - 66 - 【train】 epoch:2 276/360 loss:1.5669
2024-05-12 09:31:38,516 - INFO - main.py - train - 66 - 【train】 epoch:2 277/360 loss:1.1693
2024-05-12 09:31:39,676 - INFO - main.py - train - 66 - 【train】 epoch:2 278/360 loss:2.8608
2024-05-12 09:31:40,690 - INFO - main.py - train - 66 - 【train】 epoch:2 279/360 loss:2.2559
2024-05-12 09:31:41,684 - INFO - main.py - train - 66 - 【train】 epoch:2 280/360 loss:2.1304
2024-05-12 09:31:42,696 - INFO - main.py - train - 66 - 【train】 epoch:2 281/360 loss:0.8487
2024-05-12 09:31:43,696 - INFO - main.py - train - 66 - 【train】 epoch:2 282/360 loss:1.0948
2024-05-12 09:31:44,676 - INFO - main.py - train - 66 - 【train】 epoch:2 283/360 loss:1.4386
2024-05-12 09:31:45,637 - INFO - main.py - train - 66 - 【train】 epoch:2 284/360 loss:0.6516
2024-05-12 09:31:46,612 - INFO - main.py - train - 66 - 【train】 epoch:2 285/360 loss:3.5323
2024-05-12 09:31:47,577 - INFO - main.py - train - 66 - 【train】 epoch:2 286/360 loss:1.1458
2024-05-12 09:31:48,549 - INFO - main.py - train - 66 - 【train】 epoch:2 287/360 loss:2.2503
2024-05-12 09:31:49,527 - INFO - main.py - train - 66 - 【train】 epoch:2 288/360 loss:1.7369
2024-05-12 09:31:50,539 - INFO - main.py - train - 66 - 【train】 epoch:2 289/360 loss:1.6758
2024-05-12 09:31:51,580 - INFO - main.py - train - 66 - 【train】 epoch:2 290/360 loss:1.3094
2024-05-12 09:31:52,654 - INFO - main.py - train - 66 - 【train】 epoch:2 291/360 loss:2.2074
2024-05-12 09:31:53,710 - INFO - main.py - train - 66 - 【train】 epoch:2 292/360 loss:1.1521
2024-05-12 09:31:54,701 - INFO - main.py - train - 66 - 【train】 epoch:2 293/360 loss:3.4427
2024-05-12 09:31:55,671 - INFO - main.py - train - 66 - 【train】 epoch:2 294/360 loss:1.2530
2024-05-12 09:31:56,642 - INFO - main.py - train - 66 - 【train】 epoch:2 295/360 loss:1.8280
2024-05-12 09:31:57,612 - INFO - main.py - train - 66 - 【train】 epoch:2 296/360 loss:1.5154
2024-05-12 09:31:58,593 - INFO - main.py - train - 66 - 【train】 epoch:2 297/360 loss:1.4216
2024-05-12 09:31:59,586 - INFO - main.py - train - 66 - 【train】 epoch:2 298/360 loss:1.9364
2024-05-12 09:32:00,582 - INFO - main.py - train - 66 - 【train】 epoch:2 299/360 loss:3.1948
2024-05-12 09:32:01,598 - INFO - main.py - train - 66 - 【train】 epoch:2 300/360 loss:1.8527
2024-05-12 09:32:02,589 - INFO - main.py - train - 66 - 【train】 epoch:2 301/360 loss:1.8980
2024-05-12 09:32:03,560 - INFO - main.py - train - 66 - 【train】 epoch:2 302/360 loss:1.7830
2024-05-12 09:32:04,631 - INFO - main.py - train - 66 - 【train】 epoch:2 303/360 loss:0.6189
2024-05-12 09:32:05,712 - INFO - main.py - train - 66 - 【train】 epoch:2 304/360 loss:2.4049
2024-05-12 09:32:06,754 - INFO - main.py - train - 66 - 【train】 epoch:2 305/360 loss:1.5536
2024-05-12 09:32:07,831 - INFO - main.py - train - 66 - 【train】 epoch:2 306/360 loss:1.4810
2024-05-12 09:32:08,924 - INFO - main.py - train - 66 - 【train】 epoch:2 307/360 loss:4.2932
2024-05-12 09:32:09,905 - INFO - main.py - train - 66 - 【train】 epoch:2 308/360 loss:2.0992
2024-05-12 09:32:10,877 - INFO - main.py - train - 66 - 【train】 epoch:2 309/360 loss:1.5726
2024-05-12 09:32:11,865 - INFO - main.py - train - 66 - 【train】 epoch:2 310/360 loss:1.0192
2024-05-12 09:32:12,839 - INFO - main.py - train - 66 - 【train】 epoch:2 311/360 loss:1.6787
2024-05-12 09:32:13,819 - INFO - main.py - train - 66 - 【train】 epoch:2 312/360 loss:1.0028
2024-05-12 09:32:14,798 - INFO - main.py - train - 66 - 【train】 epoch:2 313/360 loss:0.5956
2024-05-12 09:32:15,782 - INFO - main.py - train - 66 - 【train】 epoch:2 314/360 loss:2.5769
2024-05-12 09:32:16,757 - INFO - main.py - train - 66 - 【train】 epoch:2 315/360 loss:2.7072
2024-05-12 09:32:17,746 - INFO - main.py - train - 66 - 【train】 epoch:2 316/360 loss:1.3942
2024-05-12 09:32:18,724 - INFO - main.py - train - 66 - 【train】 epoch:2 317/360 loss:1.0963
2024-05-12 09:32:19,752 - INFO - main.py - train - 66 - 【train】 epoch:2 318/360 loss:1.6133
2024-05-12 09:32:20,780 - INFO - main.py - train - 66 - 【train】 epoch:2 319/360 loss:1.6803
2024-05-12 09:32:21,840 - INFO - main.py - train - 66 - 【train】 epoch:2 320/360 loss:0.9492
2024-05-12 09:32:22,894 - INFO - main.py - train - 66 - 【train】 epoch:2 321/360 loss:1.9658
2024-05-12 09:32:23,877 - INFO - main.py - train - 66 - 【train】 epoch:2 322/360 loss:1.8309
2024-05-12 09:32:24,840 - INFO - main.py - train - 66 - 【train】 epoch:2 323/360 loss:2.3774
2024-05-12 09:32:25,814 - INFO - main.py - train - 66 - 【train】 epoch:2 324/360 loss:2.5605
2024-05-12 09:32:26,784 - INFO - main.py - train - 66 - 【train】 epoch:2 325/360 loss:2.3194
2024-05-12 09:32:27,754 - INFO - main.py - train - 66 - 【train】 epoch:2 326/360 loss:1.6028
2024-05-12 09:32:28,723 - INFO - main.py - train - 66 - 【train】 epoch:2 327/360 loss:1.4661
2024-05-12 09:32:29,689 - INFO - main.py - train - 66 - 【train】 epoch:2 328/360 loss:1.4062
2024-05-12 09:32:30,658 - INFO - main.py - train - 66 - 【train】 epoch:2 329/360 loss:1.5029
2024-05-12 09:32:31,633 - INFO - main.py - train - 66 - 【train】 epoch:2 330/360 loss:1.7511
2024-05-12 09:32:32,610 - INFO - main.py - train - 66 - 【train】 epoch:2 331/360 loss:1.7752
2024-05-12 09:32:33,582 - INFO - main.py - train - 66 - 【train】 epoch:2 332/360 loss:2.4113
2024-05-12 09:32:34,606 - INFO - main.py - train - 66 - 【train】 epoch:2 333/360 loss:1.5399
2024-05-12 09:32:35,632 - INFO - main.py - train - 66 - 【train】 epoch:2 334/360 loss:1.7387
2024-05-12 09:32:36,705 - INFO - main.py - train - 66 - 【train】 epoch:2 335/360 loss:2.0343
2024-05-12 09:32:37,735 - INFO - main.py - train - 66 - 【train】 epoch:2 336/360 loss:2.2597
2024-05-12 09:32:38,702 - INFO - main.py - train - 66 - 【train】 epoch:2 337/360 loss:1.0638
2024-05-12 09:32:39,670 - INFO - main.py - train - 66 - 【train】 epoch:2 338/360 loss:0.8717
2024-05-12 09:32:40,629 - INFO - main.py - train - 66 - 【train】 epoch:2 339/360 loss:1.1419
2024-05-12 09:32:41,630 - INFO - main.py - train - 66 - 【train】 epoch:2 340/360 loss:1.9976
2024-05-12 09:32:42,597 - INFO - main.py - train - 66 - 【train】 epoch:2 341/360 loss:1.3041
2024-05-12 09:32:43,569 - INFO - main.py - train - 66 - 【train】 epoch:2 342/360 loss:1.4010
2024-05-12 09:32:44,541 - INFO - main.py - train - 66 - 【train】 epoch:2 343/360 loss:1.6087
2024-05-12 09:32:45,511 - INFO - main.py - train - 66 - 【train】 epoch:2 344/360 loss:1.5038
2024-05-12 09:32:46,472 - INFO - main.py - train - 66 - 【train】 epoch:2 345/360 loss:1.5210
2024-05-12 09:32:47,435 - INFO - main.py - train - 66 - 【train】 epoch:2 346/360 loss:0.5581
2024-05-12 09:32:48,477 - INFO - main.py - train - 66 - 【train】 epoch:2 347/360 loss:1.4380
2024-05-12 09:32:49,529 - INFO - main.py - train - 66 - 【train】 epoch:2 348/360 loss:1.4797
2024-05-12 09:32:50,533 - INFO - main.py - train - 66 - 【train】 epoch:2 349/360 loss:2.4565
2024-05-12 09:32:51,575 - INFO - main.py - train - 66 - 【train】 epoch:2 350/360 loss:1.9495
2024-05-12 09:32:52,628 - INFO - main.py - train - 66 - 【train】 epoch:2 351/360 loss:2.2873
2024-05-12 09:32:53,586 - INFO - main.py - train - 66 - 【train】 epoch:2 352/360 loss:1.3803
2024-05-12 09:32:54,551 - INFO - main.py - train - 66 - 【train】 epoch:2 353/360 loss:1.0482
2024-05-12 09:32:55,515 - INFO - main.py - train - 66 - 【train】 epoch:2 354/360 loss:0.9111
2024-05-12 09:32:56,490 - INFO - main.py - train - 66 - 【train】 epoch:2 355/360 loss:0.9377
2024-05-12 09:32:57,459 - INFO - main.py - train - 66 - 【train】 epoch:2 356/360 loss:0.8319
2024-05-12 09:32:58,435 - INFO - main.py - train - 66 - 【train】 epoch:2 357/360 loss:2.2161
2024-05-12 09:32:59,407 - INFO - main.py - train - 66 - 【train】 epoch:2 358/360 loss:1.6108
2024-05-12 09:32:59,899 - INFO - main.py - train - 66 - 【train】 epoch:2 359/360 loss:0.3274
2024-05-12 09:33:05,246 - INFO - main.py - train - 74 - [eval] loss:24.4244 precision=0.9525 recall=0.9013 f1_score=0.9262
2024-05-12 09:33:05,248 - INFO - trainUtils.py - save_model - 70 - Saving model checkpoint to ./checkpoints/bert_bilstm_crf_cner
2024-05-12 09:33:08,282 - INFO - trainUtils.py - load_model_and_parallel - 96 - Load ckpt from ./checkpoints/bert_bilstm_crf_cner/model.pt
2024-05-12 09:33:08,909 - INFO - trainUtils.py - load_model_and_parallel - 113 - Use single gpu in: ['0']
2024-05-12 09:33:14,952 - INFO - main.py - test - 158 -           precision    recall  f1-score   support

     PRO       0.94      0.89      0.91        35
     ORG       0.93      0.93      0.93       571
    CONT       1.00      1.00      1.00        28
    RACE       1.00      1.00      1.00        14
    NAME       1.00      1.00      1.00       112
     EDU       0.98      0.96      0.97       115
     LOC       1.00      1.00      1.00         6
   TITLE       0.95      0.86      0.91       854

micro-f1       0.95      0.90      0.93      1735

2024-05-12 09:33:14,955 - INFO - main.py - <module> - 284 - 虞兔良先生：1963年12月出生，汉族，中国国籍，无境外永久居留权，浙江绍兴人，中共党员，MBA，经济师。
2024-05-12 09:33:16,952 - INFO - trainUtils.py - load_model_and_parallel - 96 - Load ckpt from ./checkpoints/bert_bilstm_crf_cner/model.pt
2024-05-12 09:33:17,808 - INFO - trainUtils.py - load_model_and_parallel - 113 - Use single gpu in: ['0']
2024-05-12 09:33:18,551 - INFO - main.py - predict - 194 - {'NAME': [('虞兔良', 0)], 'RACE': [('汉族', 17)], 'CONT': [('中国国籍', 20)], 'LOC': [('浙江绍兴人', 34)], 'TITLE': [('中共党员', 40), ('经济师', 49)], 'EDU': [('MBA', 45)]}
2024-05-17 14:39:04,342 - INFO - main.py - <module> - 253 - {0: 'O', 1: 'B-PRO', 2: 'I-PRO', 3: 'E-PRO', 4: 'S-PRO', 5: 'B-ORG', 6: 'I-ORG', 7: 'E-ORG', 8: 'S-ORG', 9: 'B-CONT', 10: 'I-CONT', 11: 'E-CONT', 12: 'S-CONT', 13: 'B-RACE', 14: 'I-RACE', 15: 'E-RACE', 16: 'S-RACE', 17: 'B-NAME', 18: 'I-NAME', 19: 'E-NAME', 20: 'S-NAME', 21: 'B-EDU', 22: 'I-EDU', 23: 'E-EDU', 24: 'S-EDU', 25: 'B-LOC', 26: 'I-LOC', 27: 'E-LOC', 28: 'S-LOC', 29: 'B-TITLE', 30: 'I-TITLE', 31: 'E-TITLE', 32: 'S-TITLE'}
2024-05-17 14:39:04,597 - INFO - main.py - <module> - 255 - Namespace(output_dir='./checkpoints/', bert_dir='./model_hub/chinese-bert-wwm-ext/', data_dir='./data/cner', log_dir='./logs/', num_tags=33, seed=123, gpu_ids='0', max_seq_len=150, eval_batch_size=32, swa_start=3, train_epochs=3, dropout_prob=0.3, lr=3e-05, other_lr=0.0003, crf_lr=0.03, max_grad_norm=1.0, warmup_proportion=0.1, weight_decay=0.01, adam_epsilon=1e-08, train_batch_size=32, use_lstm='True', lstm_hidden=128, num_layers=1, dropout=0.3, use_crf='True', use_idcnn='False', data_name='cner', model_name='bert_bilstm_crf', use_tensorboard='True', use_kd='False')
2024-05-17 14:39:06,716 - INFO - trainUtils.py - load_model_and_parallel - 113 - Use single gpu in: ['0']
2024-05-17 14:41:09,849 - INFO - main.py - train - 66 - 【train】 epoch:0 0/360 loss:119.2796
2024-05-17 14:41:10,722 - INFO - main.py - train - 66 - 【train】 epoch:0 1/360 loss:112.0858
2024-05-17 14:41:11,593 - INFO - main.py - train - 66 - 【train】 epoch:0 2/360 loss:130.8867
2024-05-17 14:41:12,472 - INFO - main.py - train - 66 - 【train】 epoch:0 3/360 loss:126.4118
2024-05-17 14:41:13,352 - INFO - main.py - train - 66 - 【train】 epoch:0 4/360 loss:126.5249
2024-05-17 14:41:14,246 - INFO - main.py - train - 66 - 【train】 epoch:0 5/360 loss:123.9290
