2024-05-18 04:31:34,250 - INFO - main.py - <module> - 253 - {0: 'O', 1: 'B-PRO', 2: 'I-PRO', 3: 'E-PRO', 4: 'S-PRO', 5: 'B-ORG', 6: 'I-ORG', 7: 'E-ORG', 8: 'S-ORG', 9: 'B-CONT', 10: 'I-CONT', 11: 'E-CONT', 12: 'S-CONT', 13: 'B-RACE', 14: 'I-RACE', 15: 'E-RACE', 16: 'S-RACE', 17: 'B-NAME', 18: 'I-NAME', 19: 'E-NAME', 20: 'S-NAME', 21: 'B-EDU', 22: 'I-EDU', 23: 'E-EDU', 24: 'S-EDU', 25: 'B-LOC', 26: 'I-LOC', 27: 'E-LOC', 28: 'S-LOC', 29: 'B-TITLE', 30: 'I-TITLE', 31: 'E-TITLE', 32: 'S-TITLE'}
2024-05-18 04:31:34,252 - INFO - main.py - <module> - 255 - Namespace(output_dir='./checkpoints/', bert_dir='./model_hub/chinese-bert-wwm-ext/', data_dir='./data/cner', log_dir='./logs/', num_tags=33, seed=123, gpu_ids='0', max_seq_len=150, eval_batch_size=32, swa_start=3, train_epochs=3, dropout_prob=0.3, lr=3e-05, other_lr=0.0003, crf_lr=0.03, max_grad_norm=1.0, warmup_proportion=0.1, weight_decay=0.01, adam_epsilon=1e-08, train_batch_size=32, use_lstm='False', lstm_hidden=128, num_layers=1, dropout=0.3, use_crf='False', use_idcnn='False', data_name='cner', model_name='bert', use_tensorboard='True', use_kd='False')
2024-05-18 04:31:47,048 - INFO - trainUtils.py - load_model_and_parallel - 113 - Use single gpu in: ['0']
2024-05-18 04:33:14,283 - INFO - main.py - train - 66 - 【train】 epoch:0 0/360 loss:3.4726
2024-05-18 04:33:17,947 - INFO - main.py - train - 66 - 【train】 epoch:0 1/360 loss:3.4671
2024-05-18 04:33:18,655 - INFO - main.py - train - 66 - 【train】 epoch:0 2/360 loss:3.4566
2024-05-18 04:33:19,340 - INFO - main.py - train - 66 - 【train】 epoch:0 3/360 loss:3.4526
2024-05-18 04:33:20,056 - INFO - main.py - train - 66 - 【train】 epoch:0 4/360 loss:3.4414
2024-05-18 04:33:20,759 - INFO - main.py - train - 66 - 【train】 epoch:0 5/360 loss:3.4091
2024-05-18 04:33:21,456 - INFO - main.py - train - 66 - 【train】 epoch:0 6/360 loss:3.3725
2024-05-18 04:33:22,162 - INFO - main.py - train - 66 - 【train】 epoch:0 7/360 loss:3.3207
2024-05-18 04:33:22,864 - INFO - main.py - train - 66 - 【train】 epoch:0 8/360 loss:3.2915
2024-05-18 04:33:23,566 - INFO - main.py - train - 66 - 【train】 epoch:0 9/360 loss:3.2061
2024-05-18 04:33:24,274 - INFO - main.py - train - 66 - 【train】 epoch:0 10/360 loss:3.1670
2024-05-18 04:33:24,979 - INFO - main.py - train - 66 - 【train】 epoch:0 11/360 loss:3.0905
2024-05-18 04:33:25,689 - INFO - main.py - train - 66 - 【train】 epoch:0 12/360 loss:3.0418
2024-05-18 04:33:26,393 - INFO - main.py - train - 66 - 【train】 epoch:0 13/360 loss:2.9370
2024-05-18 04:33:27,102 - INFO - main.py - train - 66 - 【train】 epoch:0 14/360 loss:2.7917
2024-05-18 04:33:27,816 - INFO - main.py - train - 66 - 【train】 epoch:0 15/360 loss:2.7593
2024-05-18 04:33:28,529 - INFO - main.py - train - 66 - 【train】 epoch:0 16/360 loss:2.6615
2024-05-18 04:33:29,240 - INFO - main.py - train - 66 - 【train】 epoch:0 17/360 loss:2.5171
2024-05-18 04:33:29,960 - INFO - main.py - train - 66 - 【train】 epoch:0 18/360 loss:2.3740
2024-05-18 04:33:30,676 - INFO - main.py - train - 66 - 【train】 epoch:0 19/360 loss:2.2120
2024-05-18 04:33:31,388 - INFO - main.py - train - 66 - 【train】 epoch:0 20/360 loss:2.1085
2024-05-18 04:33:32,100 - INFO - main.py - train - 66 - 【train】 epoch:0 21/360 loss:2.1669
2024-05-18 04:33:32,805 - INFO - main.py - train - 66 - 【train】 epoch:0 22/360 loss:1.9317
2024-05-18 04:33:33,517 - INFO - main.py - train - 66 - 【train】 epoch:0 23/360 loss:1.9099
2024-05-18 04:33:34,232 - INFO - main.py - train - 66 - 【train】 epoch:0 24/360 loss:1.7113
2024-05-18 04:33:34,942 - INFO - main.py - train - 66 - 【train】 epoch:0 25/360 loss:1.5473
2024-05-18 04:33:35,652 - INFO - main.py - train - 66 - 【train】 epoch:0 26/360 loss:1.7184
2024-05-18 04:33:36,362 - INFO - main.py - train - 66 - 【train】 epoch:0 27/360 loss:1.5416
2024-05-18 04:33:37,073 - INFO - main.py - train - 66 - 【train】 epoch:0 28/360 loss:1.5087
2024-05-18 04:33:37,786 - INFO - main.py - train - 66 - 【train】 epoch:0 29/360 loss:1.7039
2024-05-18 04:33:38,505 - INFO - main.py - train - 66 - 【train】 epoch:0 30/360 loss:1.4999
2024-05-18 04:33:39,219 - INFO - main.py - train - 66 - 【train】 epoch:0 31/360 loss:1.1850
2024-05-18 04:33:39,937 - INFO - main.py - train - 66 - 【train】 epoch:0 32/360 loss:1.2471
2024-05-18 04:33:40,655 - INFO - main.py - train - 66 - 【train】 epoch:0 33/360 loss:1.0576
2024-05-18 04:33:41,374 - INFO - main.py - train - 66 - 【train】 epoch:0 34/360 loss:1.0478
2024-05-18 04:33:42,094 - INFO - main.py - train - 66 - 【train】 epoch:0 35/360 loss:1.0258
2024-05-18 04:33:42,811 - INFO - main.py - train - 66 - 【train】 epoch:0 36/360 loss:1.1531
2024-05-18 04:33:43,544 - INFO - main.py - train - 66 - 【train】 epoch:0 37/360 loss:1.0886
2024-05-18 04:33:44,265 - INFO - main.py - train - 66 - 【train】 epoch:0 38/360 loss:0.8874
2024-05-18 04:33:44,996 - INFO - main.py - train - 66 - 【train】 epoch:0 39/360 loss:0.7901
2024-05-18 04:33:45,720 - INFO - main.py - train - 66 - 【train】 epoch:0 40/360 loss:0.9070
2024-05-18 04:33:46,449 - INFO - main.py - train - 66 - 【train】 epoch:0 41/360 loss:0.8188
2024-05-18 04:33:47,179 - INFO - main.py - train - 66 - 【train】 epoch:0 42/360 loss:0.7711
2024-05-18 04:33:47,908 - INFO - main.py - train - 66 - 【train】 epoch:0 43/360 loss:0.6933
2024-05-18 04:33:48,634 - INFO - main.py - train - 66 - 【train】 epoch:0 44/360 loss:0.7383
2024-05-18 04:33:49,361 - INFO - main.py - train - 66 - 【train】 epoch:0 45/360 loss:0.6689
2024-05-18 04:33:50,088 - INFO - main.py - train - 66 - 【train】 epoch:0 46/360 loss:0.7667
2024-05-18 04:33:50,821 - INFO - main.py - train - 66 - 【train】 epoch:0 47/360 loss:0.6741
2024-05-18 04:33:51,550 - INFO - main.py - train - 66 - 【train】 epoch:0 48/360 loss:0.6352
2024-05-18 04:33:52,279 - INFO - main.py - train - 66 - 【train】 epoch:0 49/360 loss:0.3599
2024-05-18 04:33:53,013 - INFO - main.py - train - 66 - 【train】 epoch:0 50/360 loss:0.5836
2024-05-18 04:33:53,744 - INFO - main.py - train - 66 - 【train】 epoch:0 51/360 loss:0.4775
2024-05-18 04:33:54,479 - INFO - main.py - train - 66 - 【train】 epoch:0 52/360 loss:0.6155
2024-05-18 04:33:55,214 - INFO - main.py - train - 66 - 【train】 epoch:0 53/360 loss:0.3674
2024-05-18 04:33:55,944 - INFO - main.py - train - 66 - 【train】 epoch:0 54/360 loss:0.6265
2024-05-18 04:33:56,682 - INFO - main.py - train - 66 - 【train】 epoch:0 55/360 loss:0.5405
2024-05-18 04:33:57,422 - INFO - main.py - train - 66 - 【train】 epoch:0 56/360 loss:0.4764
2024-05-18 04:33:58,161 - INFO - main.py - train - 66 - 【train】 epoch:0 57/360 loss:0.3799
2024-05-18 04:33:58,900 - INFO - main.py - train - 66 - 【train】 epoch:0 58/360 loss:0.5653
2024-05-18 04:33:59,644 - INFO - main.py - train - 66 - 【train】 epoch:0 59/360 loss:0.4446
2024-05-18 04:34:00,383 - INFO - main.py - train - 66 - 【train】 epoch:0 60/360 loss:0.4911
2024-05-18 04:34:01,128 - INFO - main.py - train - 66 - 【train】 epoch:0 61/360 loss:0.4015
2024-05-18 04:34:01,869 - INFO - main.py - train - 66 - 【train】 epoch:0 62/360 loss:0.4893
2024-05-18 04:34:02,613 - INFO - main.py - train - 66 - 【train】 epoch:0 63/360 loss:0.4171
2024-05-18 04:34:03,354 - INFO - main.py - train - 66 - 【train】 epoch:0 64/360 loss:0.3172
2024-05-18 04:34:04,093 - INFO - main.py - train - 66 - 【train】 epoch:0 65/360 loss:0.3830
2024-05-18 04:34:04,839 - INFO - main.py - train - 66 - 【train】 epoch:0 66/360 loss:0.2563
2024-05-18 04:34:05,589 - INFO - main.py - train - 66 - 【train】 epoch:0 67/360 loss:0.2957
2024-05-18 04:34:06,338 - INFO - main.py - train - 66 - 【train】 epoch:0 68/360 loss:0.3524
2024-05-18 04:34:07,084 - INFO - main.py - train - 66 - 【train】 epoch:0 69/360 loss:0.3140
2024-05-18 04:34:07,833 - INFO - main.py - train - 66 - 【train】 epoch:0 70/360 loss:0.4902
2024-05-18 04:34:08,578 - INFO - main.py - train - 66 - 【train】 epoch:0 71/360 loss:0.3169
2024-05-18 04:34:09,328 - INFO - main.py - train - 66 - 【train】 epoch:0 72/360 loss:0.3345
2024-05-18 04:34:10,074 - INFO - main.py - train - 66 - 【train】 epoch:0 73/360 loss:0.3472
2024-05-18 04:34:10,828 - INFO - main.py - train - 66 - 【train】 epoch:0 74/360 loss:0.2787
2024-05-18 04:34:11,579 - INFO - main.py - train - 66 - 【train】 epoch:0 75/360 loss:0.3156
2024-05-18 04:34:12,339 - INFO - main.py - train - 66 - 【train】 epoch:0 76/360 loss:0.3895
2024-05-18 04:34:13,092 - INFO - main.py - train - 66 - 【train】 epoch:0 77/360 loss:0.3023
2024-05-18 04:34:13,852 - INFO - main.py - train - 66 - 【train】 epoch:0 78/360 loss:0.3446
2024-05-18 04:34:14,607 - INFO - main.py - train - 66 - 【train】 epoch:0 79/360 loss:0.3068
2024-05-18 04:34:15,364 - INFO - main.py - train - 66 - 【train】 epoch:0 80/360 loss:0.3036
2024-05-18 04:34:16,121 - INFO - main.py - train - 66 - 【train】 epoch:0 81/360 loss:0.3676
2024-05-18 04:34:16,879 - INFO - main.py - train - 66 - 【train】 epoch:0 82/360 loss:0.4157
2024-05-18 04:34:17,638 - INFO - main.py - train - 66 - 【train】 epoch:0 83/360 loss:0.2872
2024-05-18 04:34:18,402 - INFO - main.py - train - 66 - 【train】 epoch:0 84/360 loss:0.2073
2024-05-18 04:34:19,158 - INFO - main.py - train - 66 - 【train】 epoch:0 85/360 loss:0.2531
2024-05-18 04:34:19,923 - INFO - main.py - train - 66 - 【train】 epoch:0 86/360 loss:0.3034
2024-05-18 04:34:20,685 - INFO - main.py - train - 66 - 【train】 epoch:0 87/360 loss:0.2193
2024-05-18 04:34:21,451 - INFO - main.py - train - 66 - 【train】 epoch:0 88/360 loss:0.2935
2024-05-18 04:34:22,213 - INFO - main.py - train - 66 - 【train】 epoch:0 89/360 loss:0.2361
2024-05-18 04:35:19,977 - INFO - main.py - train - 74 - [eval] loss:4.3959 precision=0.9048 recall=0.7958 f1_score=0.8468
2024-05-18 04:35:19,978 - INFO - trainUtils.py - save_model - 70 - Saving model checkpoint to ./checkpoints/bert_cner
2024-05-18 04:35:21,919 - INFO - main.py - train - 66 - 【train】 epoch:0 90/360 loss:0.2228
2024-05-18 04:35:22,691 - INFO - main.py - train - 66 - 【train】 epoch:0 91/360 loss:0.2915
2024-05-18 04:35:23,443 - INFO - main.py - train - 66 - 【train】 epoch:0 92/360 loss:0.2039
2024-05-18 04:35:24,193 - INFO - main.py - train - 66 - 【train】 epoch:0 93/360 loss:0.2985
2024-05-18 04:35:24,948 - INFO - main.py - train - 66 - 【train】 epoch:0 94/360 loss:0.2461
2024-05-18 04:35:25,707 - INFO - main.py - train - 66 - 【train】 epoch:0 95/360 loss:0.4376
2024-05-18 04:35:26,468 - INFO - main.py - train - 66 - 【train】 epoch:0 96/360 loss:0.2388
2024-05-18 04:35:27,231 - INFO - main.py - train - 66 - 【train】 epoch:0 97/360 loss:0.2257
2024-05-18 04:35:27,992 - INFO - main.py - train - 66 - 【train】 epoch:0 98/360 loss:0.2101
2024-05-18 04:35:28,761 - INFO - main.py - train - 66 - 【train】 epoch:0 99/360 loss:0.3273
2024-05-18 04:35:29,531 - INFO - main.py - train - 66 - 【train】 epoch:0 100/360 loss:0.2854
2024-05-18 04:35:30,293 - INFO - main.py - train - 66 - 【train】 epoch:0 101/360 loss:0.1989
2024-05-18 04:35:31,060 - INFO - main.py - train - 66 - 【train】 epoch:0 102/360 loss:0.3796
2024-05-18 04:35:31,828 - INFO - main.py - train - 66 - 【train】 epoch:0 103/360 loss:0.2031
2024-05-18 04:35:32,607 - INFO - main.py - train - 66 - 【train】 epoch:0 104/360 loss:0.2444
2024-05-18 04:35:33,383 - INFO - main.py - train - 66 - 【train】 epoch:0 105/360 loss:0.2365
2024-05-18 04:35:34,163 - INFO - main.py - train - 66 - 【train】 epoch:0 106/360 loss:0.3437
2024-05-18 04:35:34,937 - INFO - main.py - train - 66 - 【train】 epoch:0 107/360 loss:0.3285
2024-05-18 04:35:35,713 - INFO - main.py - train - 66 - 【train】 epoch:0 108/360 loss:0.3680
2024-05-18 04:35:36,483 - INFO - main.py - train - 66 - 【train】 epoch:0 109/360 loss:0.2312
2024-05-18 04:35:37,261 - INFO - main.py - train - 66 - 【train】 epoch:0 110/360 loss:0.2900
2024-05-18 04:35:38,041 - INFO - main.py - train - 66 - 【train】 epoch:0 111/360 loss:0.1741
2024-05-18 04:35:38,822 - INFO - main.py - train - 66 - 【train】 epoch:0 112/360 loss:0.1548
2024-05-18 04:35:39,609 - INFO - main.py - train - 66 - 【train】 epoch:0 113/360 loss:0.2300
2024-05-18 04:35:40,392 - INFO - main.py - train - 66 - 【train】 epoch:0 114/360 loss:0.1503
2024-05-18 04:35:41,172 - INFO - main.py - train - 66 - 【train】 epoch:0 115/360 loss:0.3027
2024-05-18 04:35:41,954 - INFO - main.py - train - 66 - 【train】 epoch:0 116/360 loss:0.3972
2024-05-18 04:35:42,739 - INFO - main.py - train - 66 - 【train】 epoch:0 117/360 loss:0.2967
2024-05-18 04:35:43,525 - INFO - main.py - train - 66 - 【train】 epoch:0 118/360 loss:0.2713
2024-05-18 04:37:03,011 - INFO - main.py - train - 66 - 【train】 epoch:0 119/360 loss:0.1921
2024-05-18 04:37:03,893 - INFO - main.py - train - 66 - 【train】 epoch:1 120/360 loss:0.3641
2024-05-18 04:37:04,677 - INFO - main.py - train - 66 - 【train】 epoch:1 121/360 loss:0.1867
2024-05-18 04:37:05,441 - INFO - main.py - train - 66 - 【train】 epoch:1 122/360 loss:0.2732
2024-05-18 04:37:06,194 - INFO - main.py - train - 66 - 【train】 epoch:1 123/360 loss:0.1741
2024-05-18 04:37:06,950 - INFO - main.py - train - 66 - 【train】 epoch:1 124/360 loss:0.2427
2024-05-18 04:37:07,701 - INFO - main.py - train - 66 - 【train】 epoch:1 125/360 loss:0.1693
2024-05-18 04:37:08,467 - INFO - main.py - train - 66 - 【train】 epoch:1 126/360 loss:0.2902
2024-05-18 04:37:09,220 - INFO - main.py - train - 66 - 【train】 epoch:1 127/360 loss:0.2428
2024-05-18 04:37:09,986 - INFO - main.py - train - 66 - 【train】 epoch:1 128/360 loss:0.2502
2024-05-18 04:37:10,754 - INFO - main.py - train - 66 - 【train】 epoch:1 129/360 loss:0.1275
2024-05-18 04:37:11,518 - INFO - main.py - train - 66 - 【train】 epoch:1 130/360 loss:0.1954
2024-05-18 04:37:12,286 - INFO - main.py - train - 66 - 【train】 epoch:1 131/360 loss:0.1022
2024-05-18 04:37:13,058 - INFO - main.py - train - 66 - 【train】 epoch:1 132/360 loss:0.2567
2024-05-18 04:37:13,823 - INFO - main.py - train - 66 - 【train】 epoch:1 133/360 loss:0.3780
2024-05-18 04:37:14,595 - INFO - main.py - train - 66 - 【train】 epoch:1 134/360 loss:0.1863
2024-05-18 04:37:15,372 - INFO - main.py - train - 66 - 【train】 epoch:1 135/360 loss:0.2346
2024-05-18 04:37:16,152 - INFO - main.py - train - 66 - 【train】 epoch:1 136/360 loss:0.2080
2024-05-18 04:37:16,927 - INFO - main.py - train - 66 - 【train】 epoch:1 137/360 loss:0.1223
2024-05-18 04:37:17,707 - INFO - main.py - train - 66 - 【train】 epoch:1 138/360 loss:0.1739
2024-05-18 04:37:18,491 - INFO - main.py - train - 66 - 【train】 epoch:1 139/360 loss:0.1945
2024-05-18 04:37:19,275 - INFO - main.py - train - 66 - 【train】 epoch:1 140/360 loss:0.1593
2024-05-18 04:37:20,063 - INFO - main.py - train - 66 - 【train】 epoch:1 141/360 loss:0.3049
2024-05-18 04:37:20,851 - INFO - main.py - train - 66 - 【train】 epoch:1 142/360 loss:0.1886
2024-05-18 04:37:21,635 - INFO - main.py - train - 66 - 【train】 epoch:1 143/360 loss:0.2001
2024-05-18 04:37:22,421 - INFO - main.py - train - 66 - 【train】 epoch:1 144/360 loss:0.1243
2024-05-18 04:37:23,207 - INFO - main.py - train - 66 - 【train】 epoch:1 145/360 loss:0.0927
2024-05-18 04:37:23,989 - INFO - main.py - train - 66 - 【train】 epoch:1 146/360 loss:0.1520
2024-05-18 04:37:24,769 - INFO - main.py - train - 66 - 【train】 epoch:1 147/360 loss:0.1315
2024-05-18 04:37:25,555 - INFO - main.py - train - 66 - 【train】 epoch:1 148/360 loss:0.1394
2024-05-18 04:37:26,342 - INFO - main.py - train - 66 - 【train】 epoch:1 149/360 loss:0.2170
2024-05-18 04:37:27,128 - INFO - main.py - train - 66 - 【train】 epoch:1 150/360 loss:0.1263
2024-05-18 04:37:27,910 - INFO - main.py - train - 66 - 【train】 epoch:1 151/360 loss:0.2258
2024-05-18 04:37:28,693 - INFO - main.py - train - 66 - 【train】 epoch:1 152/360 loss:0.1296
2024-05-18 04:37:29,479 - INFO - main.py - train - 66 - 【train】 epoch:1 153/360 loss:0.2243
2024-05-18 04:37:30,262 - INFO - main.py - train - 66 - 【train】 epoch:1 154/360 loss:0.2329
2024-05-18 04:37:31,050 - INFO - main.py - train - 66 - 【train】 epoch:1 155/360 loss:0.1871
2024-05-18 04:37:31,834 - INFO - main.py - train - 66 - 【train】 epoch:1 156/360 loss:0.2523
2024-05-18 04:37:32,612 - INFO - main.py - train - 66 - 【train】 epoch:1 157/360 loss:0.2422
2024-05-18 04:37:33,396 - INFO - main.py - train - 66 - 【train】 epoch:1 158/360 loss:0.1945
2024-05-18 04:37:34,177 - INFO - main.py - train - 66 - 【train】 epoch:1 159/360 loss:0.1383
2024-05-18 04:37:34,956 - INFO - main.py - train - 66 - 【train】 epoch:1 160/360 loss:0.0858
2024-05-18 04:37:35,731 - INFO - main.py - train - 66 - 【train】 epoch:1 161/360 loss:0.2324
2024-05-18 04:37:36,503 - INFO - main.py - train - 66 - 【train】 epoch:1 162/360 loss:0.0988
2024-05-18 04:37:37,275 - INFO - main.py - train - 66 - 【train】 epoch:1 163/360 loss:0.1341
2024-05-18 04:37:38,045 - INFO - main.py - train - 66 - 【train】 epoch:1 164/360 loss:0.1808
2024-05-18 04:37:38,812 - INFO - main.py - train - 66 - 【train】 epoch:1 165/360 loss:0.1430
2024-05-18 04:37:39,582 - INFO - main.py - train - 66 - 【train】 epoch:1 166/360 loss:0.1730
2024-05-18 04:37:40,351 - INFO - main.py - train - 66 - 【train】 epoch:1 167/360 loss:0.1561
2024-05-18 04:37:41,118 - INFO - main.py - train - 66 - 【train】 epoch:1 168/360 loss:0.1570
2024-05-18 04:37:41,876 - INFO - main.py - train - 66 - 【train】 epoch:1 169/360 loss:0.1066
2024-05-18 04:37:42,641 - INFO - main.py - train - 66 - 【train】 epoch:1 170/360 loss:0.1179
2024-05-18 04:37:43,407 - INFO - main.py - train - 66 - 【train】 epoch:1 171/360 loss:0.1165
2024-05-18 04:37:44,175 - INFO - main.py - train - 66 - 【train】 epoch:1 172/360 loss:0.3124
2024-05-18 04:37:44,932 - INFO - main.py - train - 66 - 【train】 epoch:1 173/360 loss:0.2264
2024-05-18 04:37:45,692 - INFO - main.py - train - 66 - 【train】 epoch:1 174/360 loss:0.1173
2024-05-18 04:37:46,453 - INFO - main.py - train - 66 - 【train】 epoch:1 175/360 loss:0.1882
2024-05-18 04:37:47,217 - INFO - main.py - train - 66 - 【train】 epoch:1 176/360 loss:0.1822
2024-05-18 04:37:47,985 - INFO - main.py - train - 66 - 【train】 epoch:1 177/360 loss:0.1992
2024-05-18 04:37:48,755 - INFO - main.py - train - 66 - 【train】 epoch:1 178/360 loss:0.2011
2024-05-18 04:37:49,518 - INFO - main.py - train - 66 - 【train】 epoch:1 179/360 loss:0.1784
2024-05-18 04:37:53,722 - INFO - main.py - train - 74 - [eval] loss:2.2781 precision=0.9328 recall=0.8588 f1_score=0.8943
2024-05-18 04:37:53,724 - INFO - trainUtils.py - save_model - 70 - Saving model checkpoint to ./checkpoints/bert_cner
2024-05-18 04:37:55,767 - INFO - main.py - train - 66 - 【train】 epoch:1 180/360 loss:0.1569
2024-05-18 04:37:56,547 - INFO - main.py - train - 66 - 【train】 epoch:1 181/360 loss:0.1727
2024-05-18 04:37:57,310 - INFO - main.py - train - 66 - 【train】 epoch:1 182/360 loss:0.2554
2024-05-18 04:37:58,059 - INFO - main.py - train - 66 - 【train】 epoch:1 183/360 loss:0.1785
2024-05-18 04:37:58,810 - INFO - main.py - train - 66 - 【train】 epoch:1 184/360 loss:0.1650
2024-05-18 04:37:59,568 - INFO - main.py - train - 66 - 【train】 epoch:1 185/360 loss:0.3118
2024-05-18 04:38:00,319 - INFO - main.py - train - 66 - 【train】 epoch:1 186/360 loss:0.3358
2024-05-18 04:38:01,070 - INFO - main.py - train - 66 - 【train】 epoch:1 187/360 loss:0.1635
2024-05-18 04:38:01,827 - INFO - main.py - train - 66 - 【train】 epoch:1 188/360 loss:0.2331
2024-05-18 04:38:02,589 - INFO - main.py - train - 66 - 【train】 epoch:1 189/360 loss:0.1313
2024-05-18 04:38:03,349 - INFO - main.py - train - 66 - 【train】 epoch:1 190/360 loss:0.1963
2024-05-18 04:38:04,110 - INFO - main.py - train - 66 - 【train】 epoch:1 191/360 loss:0.1614
2024-05-18 04:38:04,871 - INFO - main.py - train - 66 - 【train】 epoch:1 192/360 loss:0.1694
2024-05-18 04:38:05,636 - INFO - main.py - train - 66 - 【train】 epoch:1 193/360 loss:0.0678
2024-05-18 04:38:06,402 - INFO - main.py - train - 66 - 【train】 epoch:1 194/360 loss:0.2001
2024-05-18 04:38:07,161 - INFO - main.py - train - 66 - 【train】 epoch:1 195/360 loss:0.0861
2024-05-18 04:38:07,919 - INFO - main.py - train - 66 - 【train】 epoch:1 196/360 loss:0.1512
2024-05-18 04:38:08,672 - INFO - main.py - train - 66 - 【train】 epoch:1 197/360 loss:0.1668
2024-05-18 04:38:09,426 - INFO - main.py - train - 66 - 【train】 epoch:1 198/360 loss:0.1711
2024-05-18 04:38:10,178 - INFO - main.py - train - 66 - 【train】 epoch:1 199/360 loss:0.1391
2024-05-18 04:38:10,936 - INFO - main.py - train - 66 - 【train】 epoch:1 200/360 loss:0.2127
2024-05-18 04:38:11,692 - INFO - main.py - train - 66 - 【train】 epoch:1 201/360 loss:0.1946
2024-05-18 04:38:12,456 - INFO - main.py - train - 66 - 【train】 epoch:1 202/360 loss:0.1850
2024-05-18 04:38:13,227 - INFO - main.py - train - 66 - 【train】 epoch:1 203/360 loss:0.1796
2024-05-18 04:38:13,986 - INFO - main.py - train - 66 - 【train】 epoch:1 204/360 loss:0.1182
2024-05-18 04:38:14,752 - INFO - main.py - train - 66 - 【train】 epoch:1 205/360 loss:0.1270
2024-05-18 04:38:15,517 - INFO - main.py - train - 66 - 【train】 epoch:1 206/360 loss:0.2110
2024-05-18 04:38:16,282 - INFO - main.py - train - 66 - 【train】 epoch:1 207/360 loss:0.1193
2024-05-18 04:38:17,044 - INFO - main.py - train - 66 - 【train】 epoch:1 208/360 loss:0.1286
2024-05-18 04:38:17,808 - INFO - main.py - train - 66 - 【train】 epoch:1 209/360 loss:0.2336
2024-05-18 04:38:18,568 - INFO - main.py - train - 66 - 【train】 epoch:1 210/360 loss:0.1187
2024-05-18 04:38:19,329 - INFO - main.py - train - 66 - 【train】 epoch:1 211/360 loss:0.2010
2024-05-18 04:38:20,090 - INFO - main.py - train - 66 - 【train】 epoch:1 212/360 loss:0.1196
2024-05-18 04:38:20,850 - INFO - main.py - train - 66 - 【train】 epoch:1 213/360 loss:0.0905
2024-05-18 04:38:21,620 - INFO - main.py - train - 66 - 【train】 epoch:1 214/360 loss:0.1129
2024-05-18 04:38:22,384 - INFO - main.py - train - 66 - 【train】 epoch:1 215/360 loss:0.1306
2024-05-18 04:38:23,142 - INFO - main.py - train - 66 - 【train】 epoch:1 216/360 loss:0.1390
2024-05-18 04:38:23,903 - INFO - main.py - train - 66 - 【train】 epoch:1 217/360 loss:0.1254
2024-05-18 04:38:24,674 - INFO - main.py - train - 66 - 【train】 epoch:1 218/360 loss:0.0822
2024-05-18 04:38:25,435 - INFO - main.py - train - 66 - 【train】 epoch:1 219/360 loss:0.0580
2024-05-18 04:38:26,203 - INFO - main.py - train - 66 - 【train】 epoch:1 220/360 loss:0.1007
2024-05-18 04:38:26,969 - INFO - main.py - train - 66 - 【train】 epoch:1 221/360 loss:0.1483
2024-05-18 04:38:27,734 - INFO - main.py - train - 66 - 【train】 epoch:1 222/360 loss:0.1412
2024-05-18 04:38:28,498 - INFO - main.py - train - 66 - 【train】 epoch:1 223/360 loss:0.1517
2024-05-18 04:38:29,264 - INFO - main.py - train - 66 - 【train】 epoch:1 224/360 loss:0.1233
2024-05-18 04:38:30,030 - INFO - main.py - train - 66 - 【train】 epoch:1 225/360 loss:0.1314
2024-05-18 04:38:30,796 - INFO - main.py - train - 66 - 【train】 epoch:1 226/360 loss:0.2094
2024-05-18 04:38:31,562 - INFO - main.py - train - 66 - 【train】 epoch:1 227/360 loss:0.1828
2024-05-18 04:38:32,333 - INFO - main.py - train - 66 - 【train】 epoch:1 228/360 loss:0.2436
2024-05-18 04:38:33,100 - INFO - main.py - train - 66 - 【train】 epoch:1 229/360 loss:0.1195
2024-05-18 04:38:33,869 - INFO - main.py - train - 66 - 【train】 epoch:1 230/360 loss:0.0994
2024-05-18 04:38:34,637 - INFO - main.py - train - 66 - 【train】 epoch:1 231/360 loss:0.1284
2024-05-18 04:38:35,410 - INFO - main.py - train - 66 - 【train】 epoch:1 232/360 loss:0.1214
2024-05-18 04:38:36,175 - INFO - main.py - train - 66 - 【train】 epoch:1 233/360 loss:0.1089
2024-05-18 04:38:36,942 - INFO - main.py - train - 66 - 【train】 epoch:1 234/360 loss:0.1643
2024-05-18 04:38:37,708 - INFO - main.py - train - 66 - 【train】 epoch:1 235/360 loss:0.1227
2024-05-18 04:38:38,477 - INFO - main.py - train - 66 - 【train】 epoch:1 236/360 loss:0.1718
2024-05-18 04:38:39,242 - INFO - main.py - train - 66 - 【train】 epoch:1 237/360 loss:0.0663
2024-05-18 04:38:40,009 - INFO - main.py - train - 66 - 【train】 epoch:1 238/360 loss:0.1670
2024-05-18 04:38:40,349 - INFO - main.py - train - 66 - 【train】 epoch:1 239/360 loss:0.0987
2024-05-18 04:38:41,196 - INFO - main.py - train - 66 - 【train】 epoch:2 240/360 loss:0.1517
2024-05-18 04:38:41,985 - INFO - main.py - train - 66 - 【train】 epoch:2 241/360 loss:0.1144
2024-05-18 04:38:42,750 - INFO - main.py - train - 66 - 【train】 epoch:2 242/360 loss:0.0596
2024-05-18 04:38:43,513 - INFO - main.py - train - 66 - 【train】 epoch:2 243/360 loss:0.1797
2024-05-18 04:38:44,273 - INFO - main.py - train - 66 - 【train】 epoch:2 244/360 loss:0.1945
2024-05-18 04:38:45,038 - INFO - main.py - train - 66 - 【train】 epoch:2 245/360 loss:0.0661
2024-05-18 04:38:45,807 - INFO - main.py - train - 66 - 【train】 epoch:2 246/360 loss:0.0845
2024-05-18 04:38:46,572 - INFO - main.py - train - 66 - 【train】 epoch:2 247/360 loss:0.1699
2024-05-18 04:38:47,342 - INFO - main.py - train - 66 - 【train】 epoch:2 248/360 loss:0.1431
2024-05-18 04:38:48,109 - INFO - main.py - train - 66 - 【train】 epoch:2 249/360 loss:0.0666
2024-05-18 04:38:48,883 - INFO - main.py - train - 66 - 【train】 epoch:2 250/360 loss:0.0837
2024-05-18 04:38:49,643 - INFO - main.py - train - 66 - 【train】 epoch:2 251/360 loss:0.1559
2024-05-18 04:38:50,412 - INFO - main.py - train - 66 - 【train】 epoch:2 252/360 loss:0.1364
2024-05-18 04:38:51,174 - INFO - main.py - train - 66 - 【train】 epoch:2 253/360 loss:0.1490
2024-05-18 04:38:51,937 - INFO - main.py - train - 66 - 【train】 epoch:2 254/360 loss:0.0611
2024-05-18 04:38:52,699 - INFO - main.py - train - 66 - 【train】 epoch:2 255/360 loss:0.1638
2024-05-18 04:38:53,467 - INFO - main.py - train - 66 - 【train】 epoch:2 256/360 loss:0.1082
2024-05-18 04:38:54,232 - INFO - main.py - train - 66 - 【train】 epoch:2 257/360 loss:0.1487
2024-05-18 04:38:54,997 - INFO - main.py - train - 66 - 【train】 epoch:2 258/360 loss:0.0896
2024-05-18 04:38:55,757 - INFO - main.py - train - 66 - 【train】 epoch:2 259/360 loss:0.0414
2024-05-18 04:38:56,521 - INFO - main.py - train - 66 - 【train】 epoch:2 260/360 loss:0.1890
2024-05-18 04:38:57,285 - INFO - main.py - train - 66 - 【train】 epoch:2 261/360 loss:0.1325
2024-05-18 04:38:58,052 - INFO - main.py - train - 66 - 【train】 epoch:2 262/360 loss:0.0926
2024-05-18 04:38:58,814 - INFO - main.py - train - 66 - 【train】 epoch:2 263/360 loss:0.1926
2024-05-18 04:38:59,577 - INFO - main.py - train - 66 - 【train】 epoch:2 264/360 loss:0.1229
2024-05-18 04:39:00,339 - INFO - main.py - train - 66 - 【train】 epoch:2 265/360 loss:0.1977
2024-05-18 04:39:01,105 - INFO - main.py - train - 66 - 【train】 epoch:2 266/360 loss:0.1304
2024-05-18 04:39:01,867 - INFO - main.py - train - 66 - 【train】 epoch:2 267/360 loss:0.0549
2024-05-18 04:39:02,633 - INFO - main.py - train - 66 - 【train】 epoch:2 268/360 loss:0.0987
2024-05-18 04:39:03,397 - INFO - main.py - train - 66 - 【train】 epoch:2 269/360 loss:0.1721
2024-05-18 04:39:07,643 - INFO - main.py - train - 74 - [eval] loss:1.8345 precision=0.9464 recall=0.8720 f1_score=0.9077
2024-05-18 04:39:07,644 - INFO - trainUtils.py - save_model - 70 - Saving model checkpoint to ./checkpoints/bert_cner
2024-05-18 04:39:09,700 - INFO - main.py - train - 66 - 【train】 epoch:2 270/360 loss:0.1195
2024-05-18 04:39:10,484 - INFO - main.py - train - 66 - 【train】 epoch:2 271/360 loss:0.0718
2024-05-18 04:39:11,250 - INFO - main.py - train - 66 - 【train】 epoch:2 272/360 loss:0.1003
2024-05-18 04:39:12,010 - INFO - main.py - train - 66 - 【train】 epoch:2 273/360 loss:0.1021
2024-05-18 04:39:12,768 - INFO - main.py - train - 66 - 【train】 epoch:2 274/360 loss:0.1603
2024-05-18 04:39:13,537 - INFO - main.py - train - 66 - 【train】 epoch:2 275/360 loss:0.1003
2024-05-18 04:39:14,304 - INFO - main.py - train - 66 - 【train】 epoch:2 276/360 loss:0.1057
2024-05-18 04:39:15,061 - INFO - main.py - train - 66 - 【train】 epoch:2 277/360 loss:0.1541
2024-05-18 04:39:15,825 - INFO - main.py - train - 66 - 【train】 epoch:2 278/360 loss:0.1323
2024-05-18 04:39:16,595 - INFO - main.py - train - 66 - 【train】 epoch:2 279/360 loss:0.1000
2024-05-18 04:39:17,360 - INFO - main.py - train - 66 - 【train】 epoch:2 280/360 loss:0.0919
2024-05-18 04:39:18,129 - INFO - main.py - train - 66 - 【train】 epoch:2 281/360 loss:0.1089
2024-05-18 04:39:18,901 - INFO - main.py - train - 66 - 【train】 epoch:2 282/360 loss:0.0793
2024-05-18 04:39:19,670 - INFO - main.py - train - 66 - 【train】 epoch:2 283/360 loss:0.1015
2024-05-18 04:39:20,440 - INFO - main.py - train - 66 - 【train】 epoch:2 284/360 loss:0.1219
2024-05-18 04:39:21,202 - INFO - main.py - train - 66 - 【train】 epoch:2 285/360 loss:0.1603
2024-05-18 04:39:21,961 - INFO - main.py - train - 66 - 【train】 epoch:2 286/360 loss:0.0712
2024-05-18 04:39:22,727 - INFO - main.py - train - 66 - 【train】 epoch:2 287/360 loss:0.1597
2024-05-18 04:39:23,490 - INFO - main.py - train - 66 - 【train】 epoch:2 288/360 loss:0.0655
2024-05-18 04:39:24,254 - INFO - main.py - train - 66 - 【train】 epoch:2 289/360 loss:0.1046
2024-05-18 04:39:25,017 - INFO - main.py - train - 66 - 【train】 epoch:2 290/360 loss:0.1171
2024-05-18 04:39:25,782 - INFO - main.py - train - 66 - 【train】 epoch:2 291/360 loss:0.1278
2024-05-18 04:39:26,552 - INFO - main.py - train - 66 - 【train】 epoch:2 292/360 loss:0.1000
2024-05-18 04:39:27,314 - INFO - main.py - train - 66 - 【train】 epoch:2 293/360 loss:0.0725
2024-05-18 04:39:28,079 - INFO - main.py - train - 66 - 【train】 epoch:2 294/360 loss:0.1631
2024-05-18 04:39:28,850 - INFO - main.py - train - 66 - 【train】 epoch:2 295/360 loss:0.0733
2024-05-18 04:39:29,618 - INFO - main.py - train - 66 - 【train】 epoch:2 296/360 loss:0.0954
2024-05-18 04:39:30,387 - INFO - main.py - train - 66 - 【train】 epoch:2 297/360 loss:0.1595
2024-05-18 04:39:31,154 - INFO - main.py - train - 66 - 【train】 epoch:2 298/360 loss:0.1129
2024-05-18 04:39:31,920 - INFO - main.py - train - 66 - 【train】 epoch:2 299/360 loss:0.1713
2024-05-18 04:39:32,690 - INFO - main.py - train - 66 - 【train】 epoch:2 300/360 loss:0.1344
2024-05-18 04:39:33,462 - INFO - main.py - train - 66 - 【train】 epoch:2 301/360 loss:0.1658
2024-05-18 04:39:34,225 - INFO - main.py - train - 66 - 【train】 epoch:2 302/360 loss:0.0708
2024-05-18 04:39:34,992 - INFO - main.py - train - 66 - 【train】 epoch:2 303/360 loss:0.0955
2024-05-18 04:39:35,764 - INFO - main.py - train - 66 - 【train】 epoch:2 304/360 loss:0.1184
2024-05-18 04:39:36,531 - INFO - main.py - train - 66 - 【train】 epoch:2 305/360 loss:0.1193
2024-05-18 04:39:37,303 - INFO - main.py - train - 66 - 【train】 epoch:2 306/360 loss:0.1298
2024-05-18 04:39:38,072 - INFO - main.py - train - 66 - 【train】 epoch:2 307/360 loss:0.0996
2024-05-18 04:39:38,837 - INFO - main.py - train - 66 - 【train】 epoch:2 308/360 loss:0.0878
2024-05-18 04:39:39,605 - INFO - main.py - train - 66 - 【train】 epoch:2 309/360 loss:0.1375
2024-05-18 04:39:40,371 - INFO - main.py - train - 66 - 【train】 epoch:2 310/360 loss:0.0933
2024-05-18 04:39:41,138 - INFO - main.py - train - 66 - 【train】 epoch:2 311/360 loss:0.0875
2024-05-18 04:39:41,904 - INFO - main.py - train - 66 - 【train】 epoch:2 312/360 loss:0.1226
2024-05-18 04:39:42,676 - INFO - main.py - train - 66 - 【train】 epoch:2 313/360 loss:0.1146
2024-05-18 04:39:43,441 - INFO - main.py - train - 66 - 【train】 epoch:2 314/360 loss:0.1831
2024-05-18 04:39:44,209 - INFO - main.py - train - 66 - 【train】 epoch:2 315/360 loss:0.0851
2024-05-18 04:39:44,977 - INFO - main.py - train - 66 - 【train】 epoch:2 316/360 loss:0.0751
2024-05-18 04:39:45,741 - INFO - main.py - train - 66 - 【train】 epoch:2 317/360 loss:0.0996
2024-05-18 04:39:46,509 - INFO - main.py - train - 66 - 【train】 epoch:2 318/360 loss:0.2090
2024-05-18 04:39:47,277 - INFO - main.py - train - 66 - 【train】 epoch:2 319/360 loss:0.0994
2024-05-18 04:39:48,045 - INFO - main.py - train - 66 - 【train】 epoch:2 320/360 loss:0.1328
2024-05-18 04:39:48,816 - INFO - main.py - train - 66 - 【train】 epoch:2 321/360 loss:0.0875
2024-05-18 04:39:49,582 - INFO - main.py - train - 66 - 【train】 epoch:2 322/360 loss:0.1536
2024-05-18 04:39:50,350 - INFO - main.py - train - 66 - 【train】 epoch:2 323/360 loss:0.1588
2024-05-18 04:39:51,114 - INFO - main.py - train - 66 - 【train】 epoch:2 324/360 loss:0.0533
2024-05-18 04:39:51,874 - INFO - main.py - train - 66 - 【train】 epoch:2 325/360 loss:0.1181
2024-05-18 04:39:52,640 - INFO - main.py - train - 66 - 【train】 epoch:2 326/360 loss:0.0697
2024-05-18 04:39:53,402 - INFO - main.py - train - 66 - 【train】 epoch:2 327/360 loss:0.0521
2024-05-18 04:39:54,165 - INFO - main.py - train - 66 - 【train】 epoch:2 328/360 loss:0.1821
2024-05-18 04:39:54,929 - INFO - main.py - train - 66 - 【train】 epoch:2 329/360 loss:0.0736
2024-05-18 04:39:55,691 - INFO - main.py - train - 66 - 【train】 epoch:2 330/360 loss:0.0601
2024-05-18 04:39:56,453 - INFO - main.py - train - 66 - 【train】 epoch:2 331/360 loss:0.0392
2024-05-18 04:39:57,216 - INFO - main.py - train - 66 - 【train】 epoch:2 332/360 loss:0.1114
2024-05-18 04:39:57,978 - INFO - main.py - train - 66 - 【train】 epoch:2 333/360 loss:0.0470
2024-05-18 04:39:58,739 - INFO - main.py - train - 66 - 【train】 epoch:2 334/360 loss:0.1047
2024-05-18 04:39:59,504 - INFO - main.py - train - 66 - 【train】 epoch:2 335/360 loss:0.1184
2024-05-18 04:40:00,267 - INFO - main.py - train - 66 - 【train】 epoch:2 336/360 loss:0.1189
2024-05-18 04:40:01,033 - INFO - main.py - train - 66 - 【train】 epoch:2 337/360 loss:0.0612
2024-05-18 04:40:01,796 - INFO - main.py - train - 66 - 【train】 epoch:2 338/360 loss:0.0795
2024-05-18 04:40:02,565 - INFO - main.py - train - 66 - 【train】 epoch:2 339/360 loss:0.1277
2024-05-18 04:40:03,334 - INFO - main.py - train - 66 - 【train】 epoch:2 340/360 loss:0.0996
2024-05-18 04:40:04,105 - INFO - main.py - train - 66 - 【train】 epoch:2 341/360 loss:0.1957
2024-05-18 04:40:04,873 - INFO - main.py - train - 66 - 【train】 epoch:2 342/360 loss:0.0886
2024-05-18 04:40:05,637 - INFO - main.py - train - 66 - 【train】 epoch:2 343/360 loss:0.1046
2024-05-18 04:40:06,404 - INFO - main.py - train - 66 - 【train】 epoch:2 344/360 loss:0.1067
2024-05-18 04:40:07,165 - INFO - main.py - train - 66 - 【train】 epoch:2 345/360 loss:0.0913
2024-05-18 04:40:07,928 - INFO - main.py - train - 66 - 【train】 epoch:2 346/360 loss:0.0831
2024-05-18 04:40:08,693 - INFO - main.py - train - 66 - 【train】 epoch:2 347/360 loss:0.0420
2024-05-18 04:40:09,457 - INFO - main.py - train - 66 - 【train】 epoch:2 348/360 loss:0.1322
2024-05-18 04:40:10,222 - INFO - main.py - train - 66 - 【train】 epoch:2 349/360 loss:0.1173
2024-05-18 04:40:10,983 - INFO - main.py - train - 66 - 【train】 epoch:2 350/360 loss:0.0791
2024-05-18 04:40:11,743 - INFO - main.py - train - 66 - 【train】 epoch:2 351/360 loss:0.0681
2024-05-18 04:40:12,507 - INFO - main.py - train - 66 - 【train】 epoch:2 352/360 loss:0.1324
2024-05-18 04:40:13,272 - INFO - main.py - train - 66 - 【train】 epoch:2 353/360 loss:0.1210
2024-05-18 04:40:14,033 - INFO - main.py - train - 66 - 【train】 epoch:2 354/360 loss:0.0540
2024-05-18 04:40:14,795 - INFO - main.py - train - 66 - 【train】 epoch:2 355/360 loss:0.0831
2024-05-18 04:40:15,558 - INFO - main.py - train - 66 - 【train】 epoch:2 356/360 loss:0.1331
2024-05-18 04:40:16,318 - INFO - main.py - train - 66 - 【train】 epoch:2 357/360 loss:0.1139
2024-05-18 04:40:17,080 - INFO - main.py - train - 66 - 【train】 epoch:2 358/360 loss:0.0582
2024-05-18 04:40:17,420 - INFO - main.py - train - 66 - 【train】 epoch:2 359/360 loss:0.0324
2024-05-18 04:40:21,652 - INFO - main.py - train - 74 - [eval] loss:1.7926 precision=0.9447 recall=0.8745 f1_score=0.9082
2024-05-18 04:40:21,653 - INFO - trainUtils.py - save_model - 70 - Saving model checkpoint to ./checkpoints/bert_cner
2024-05-18 04:40:24,031 - INFO - trainUtils.py - load_model_and_parallel - 96 - Load ckpt from ./checkpoints/bert_cner/model.pt
2024-05-18 04:40:24,615 - INFO - trainUtils.py - load_model_and_parallel - 113 - Use single gpu in: ['0']
2024-05-18 04:40:29,385 - INFO - main.py - test - 158 -           precision    recall  f1-score   support

     PRO       0.94      0.94      0.94        35
     ORG       0.93      0.93      0.93       571
    CONT       1.00      1.00      1.00        28
    RACE       1.00      1.00      1.00        14
    NAME       1.00      1.00      1.00       112
     EDU       0.99      0.95      0.97       115
     LOC       0.00      0.00      0.00         6
   TITLE       0.93      0.83      0.88       854

micro-f1       0.94      0.88      0.91      1735

2024-05-18 04:40:29,387 - INFO - main.py - <module> - 284 - 虞兔良先生：1963年12月出生，汉族，中国国籍，无境外永久居留权，浙江绍兴人，中共党员，MBA，经济师。
2024-05-18 04:40:30,593 - INFO - trainUtils.py - load_model_and_parallel - 96 - Load ckpt from ./checkpoints/bert_cner/model.pt
2024-05-18 04:40:31,474 - INFO - trainUtils.py - load_model_and_parallel - 113 - Use single gpu in: ['0']
2024-05-18 04:40:32,060 - INFO - main.py - predict - 194 - {'NAME': [('虞兔良', 0)], 'RACE': [('汉族', 17)], 'CONT': [('中国国籍', 20)], 'TITLE': [('中共党员', 40), ('经济师', 49)], 'EDU': [('MBA', 45)]}
